#
# A fatal error has been detected by the Java Runtime Environment:
#
#  Internal Error (postaloc.cpp:649), pid=2352, tid=0x00000000000004e8
#  guarantee(def != NULL) failed: no disconnected nodes at this point
#
# JRE version: Java(TM) SE Runtime Environment (8.0_211-b12) (build 1.8.0_211-b12)
# Java VM: Java HotSpot(TM) 64-Bit Server VM (25.211-b12 mixed mode windows-amd64 compressed oops)
# Failed to write core dump. Minidumps are not enabled by default on client versions of Windows
#
# If you would like to submit a bug report, please visit:
#   http://bugreport.java.com/bugreport/crash.jsp
#

---------------  T H R E A D  ---------------

Current thread (0x0000000015243800):  JavaThread "C2 CompilerThread0" daemon [_thread_in_native, id=1256, stack(0x00000000168a0000,0x00000000169a0000)]

Stack: [0x00000000168a0000,0x00000000169a0000]
[error occurred during error reporting (printing stack bounds), id 0xc0000005]

Native frames: (J=compiled Java code, j=interpreted, Vv=VM code, C=native code)


Current CompileTask:
C2: 164626 10549       4       org.jetbrains.kotlin.resolve.calls.CallCompleter::completeCall (349 bytes)


---------------  P R O C E S S  ---------------

Java Threads: ( => current thread )
  0x0000000019b53000 JavaThread "RMI RenewClean-[127.0.0.1:49746,org.jetbrains.kotlin.daemon.common.LoopbackNetworkInterface$ClientLoopbackSocketFactory@5d7ff85a]" daemon [_thread_blocked, id=2824, stack(0x000000001f800000,0x000000001f900000)]
  0x0000000019b4f000 JavaThread "RMI TCP Connection(8)-127.0.0.1" daemon [_thread_in_native, id=5168, stack(0x000000001f700000,0x000000001f800000)]
  0x0000000016f4a000 JavaThread "RMI RenewClean-[127.0.0.1:49746,org.jetbrains.kotlin.daemon.common.LoopbackNetworkInterface$ClientLoopbackSocketFactory@639d1ef5]" daemon [_thread_blocked, id=936, stack(0x000000001f600000,0x000000001f700000)]
  0x0000000016f4d000 JavaThread "RMI TCP Connection(7)-127.0.0.1" daemon [_thread_in_native, id=6064, stack(0x000000001f500000,0x000000001f600000)]
  0x0000000016f4c000 JavaThread "RMI TCP Connection(6)-127.0.0.1" daemon [_thread_in_native, id=6832, stack(0x000000001f400000,0x000000001f500000)]
  0x0000000016f4f000 JavaThread "RMI RenewClean-[127.0.0.1:49746,org.jetbrains.kotlin.daemon.common.LoopbackNetworkInterface$ClientLoopbackSocketFactory@351c711]" daemon [_thread_blocked, id=4192, stack(0x000000001c850000,0x000000001c950000)]
  0x000000001740a000 JavaThread "RMI RenewClean-[127.0.0.1:49746,org.jetbrains.kotlin.daemon.common.LoopbackNetworkInterface$ClientLoopbackSocketFactory@67c6e5b7]" daemon [_thread_blocked, id=5684, stack(0x0000000018820000,0x0000000018920000)]
  0x00000000173fd000 JavaThread "RMI Scheduler(0)" daemon [_thread_blocked, id=2436, stack(0x0000000018620000,0x0000000018720000)]
  0x00000000029b3800 JavaThread "DestroyJavaVM" [_thread_blocked, id=6068, stack(0x0000000002820000,0x0000000002920000)]
  0x00000000173d3800 JavaThread "GC Daemon" daemon [_thread_blocked, id=6676, stack(0x00000000180e0000,0x00000000181e0000)]
  0x0000000017355000 JavaThread "RMI Reaper" [_thread_blocked, id=6272, stack(0x0000000017fe0000,0x00000000180e0000)]
  0x000000001735a000 JavaThread "Timer-0" daemon [_thread_blocked, id=7264, stack(0x0000000017de0000,0x0000000017ee0000)]
  0x0000000017357800 JavaThread "RMI TCP Accept-17684" daemon [_thread_in_native, id=4176, stack(0x0000000017ce0000,0x0000000017de0000)]
  0x000000001529d800 JavaThread "Service Thread" daemon [_thread_blocked, id=7568, stack(0x0000000016fa0000,0x00000000170a0000)]
  0x000000001524d800 JavaThread "C1 CompilerThread2" daemon [_thread_blocked, id=7868, stack(0x0000000016aa0000,0x0000000016ba0000)]
  0x0000000015248000 JavaThread "C2 CompilerThread1" daemon [_thread_in_native, id=3628, stack(0x00000000169a0000,0x0000000016aa0000)]
=>0x0000000015243800 JavaThread "C2 CompilerThread0" daemon [_thread_in_native, id=1256, stack(0x00000000168a0000,0x00000000169a0000)]
  0x0000000015242000 JavaThread "Attach Listener" daemon [_thread_blocked, id=2992, stack(0x00000000167a0000,0x00000000168a0000)]
  0x0000000015241000 JavaThread "Signal Dispatcher" daemon [_thread_blocked, id=7260, stack(0x00000000166a0000,0x00000000167a0000)]
  0x0000000002aa8800 JavaThread "Finalizer" daemon [_thread_blocked, id=5532, stack(0x00000000164a0000,0x00000000165a0000)]
  0x000000001522a000 JavaThread "Reference Handler" daemon [_thread_blocked, id=6132, stack(0x00000000163a0000,0x00000000164a0000)]

Other Threads:
  0x0000000015207800 VMThread [stack: 0x00000000162a0000,0x00000000163a0000] [id=2844]
  0x000000001529e800 WatcherThread [stack: 0x00000000170a0000,0x00000000171a0000] [id=6808]

VM state:not at safepoint (normal execution)

VM Mutex/Monitor currently owned by a thread: None

heap address: 0x00000000c0000000, size: 1024 MB, Compressed Oops mode: 32-bit
Narrow klass base: 0x0000000000000000, Narrow klass shift: 3
Compressed class space size: 1073741824 Address: 0x0000000100000000

Heap:
 PSYoungGen      total 225792K, used 87358K [0x00000000eab00000, 0x00000000fb880000, 0x0000000100000000)
  eden space 192512K, 33% used [0x00000000eab00000,0x00000000ee93a200,0x00000000f6700000)
  from space 33280K, 71% used [0x00000000f8900000,0x00000000fa0157b0,0x00000000fa980000)
  to   space 34816K, 0% used [0x00000000f6700000,0x00000000f6700000,0x00000000f8900000)
 ParOldGen       total 94720K, used 67506K [0x00000000c0000000, 0x00000000c5c80000, 0x00000000eab00000)
  object space 94720K, 71% used [0x00000000c0000000,0x00000000c41ec840,0x00000000c5c80000)
 Metaspace       used 55437K, capacity 56496K, committed 56704K, reserved 1099776K
  class space    used 6522K, capacity 6767K, committed 6784K, reserved 1048576K

Card table byte_map: [0x0000000011f30000,0x0000000012140000] byte_map_base: 0x0000000011930000

Marking Bits: (ParMarkBitMap*) 0x000000005f5f5ce0
 Begin Bits: [0x00000000126a0000, 0x00000000136a0000)
 End Bits:   [0x00000000136a0000, 0x00000000146a0000)

Polling page: 0x0000000002920000

CodeCache: size=245760Kb used=33850Kb max_used=34094Kb free=211909Kb
 bounds [0x0000000002b70000, 0x0000000004d10000, 0x0000000011b70000]
 total_blobs=10284 nmethods=9766 adapters=429
 compilation: enabled

Compilation events (10 events):
Event: 164.315 Thread 0x000000001524d800 10994       1       org.jetbrains.kotlin.com.intellij.util.containers.WeakHashMap$WeakKey::hashCode (5 bytes)
Event: 164.315 Thread 0x000000001524d800 nmethod 10994 0x00000000032075d0 code [0x0000000003207720, 0x0000000003207830]
Event: 164.315 Thread 0x000000001524d800 10996       2       sun.util.locale.LocaleUtils::isAlphaNumeric (20 bytes)
Event: 164.315 Thread 0x000000001524d800 nmethod 10996 0x000000000330ad90 code [0x000000000330aee0, 0x000000000330b0b0]
Event: 164.315 Thread 0x000000001524d800 10998       2       java.util.Calendar::setTimeInMillis (84 bytes)
Event: 164.316 Thread 0x000000001524d800 nmethod 10998 0x000000000330a810 code [0x000000000330a980, 0x000000000330abe8]
Event: 164.316 Thread 0x000000001524d800 10999       2       java.io.ObjectOutputStream::writeByte (9 bytes)
Event: 164.316 Thread 0x000000001524d800 nmethod 10999 0x0000000003446150 code [0x00000000034462c0, 0x0000000003446488]
Event: 164.593 Thread 0x0000000015248000 nmethod 10757 0x0000000004ceb690 code [0x0000000004cec140, 0x0000000004cf2cc8]
Event: 164.593 Thread 0x0000000015248000 10892       4       org.jetbrains.kotlin.load.kotlin.TypeSignatureMappingKt::mapBuiltInType (362 bytes)

GC Heap History (10 events):
Event: 7.784 GC heap before
{Heap before GC invocations=10 (full 2):
 PSYoungGen      total 117248K, used 100352K [0x00000000eab00000, 0x00000000f7f00000, 0x0000000100000000)
  eden space 100352K, 100% used [0x00000000eab00000,0x00000000f0d00000,0x00000000f0d00000)
  from space 16896K, 0% used [0x00000000f0d00000,0x00000000f0d00000,0x00000000f1d80000)
  to   space 17408K, 0% used [0x00000000f6e00000,0x00000000f6e00000,0x00000000f7f00000)
 ParOldGen       total 94720K, used 23915K [0x00000000c0000000, 0x00000000c5c80000, 0x00000000eab00000)
  object space 94720K, 25% used [0x00000000c0000000,0x00000000c175ad50,0x00000000c5c80000)
 Metaspace       used 44028K, capacity 44706K, committed 45056K, reserved 1089536K
  class space    used 5628K, capacity 5785K, committed 5888K, reserved 1048576K
Event: 7.799 GC heap after
Heap after GC invocations=10 (full 2):
 PSYoungGen      total 160256K, used 17387K [0x00000000eab00000, 0x00000000f7f00000, 0x0000000100000000)
  eden space 142848K, 0% used [0x00000000eab00000,0x00000000eab00000,0x00000000f3680000)
  from space 17408K, 99% used [0x00000000f6e00000,0x00000000f7efae30,0x00000000f7f00000)
  to   space 19968K, 0% used [0x00000000f5800000,0x00000000f5800000,0x00000000f6b80000)
 ParOldGen       total 94720K, used 25098K [0x00000000c0000000, 0x00000000c5c80000, 0x00000000eab00000)
  object space 94720K, 26% used [0x00000000c0000000,0x00000000c1882a48,0x00000000c5c80000)
 Metaspace       used 44028K, capacity 44706K, committed 45056K, reserved 1089536K
  class space    used 5628K, capacity 5785K, committed 5888K, reserved 1048576K
}
Event: 14.839 GC heap before
{Heap before GC invocations=11 (full 2):
 PSYoungGen      total 160256K, used 160235K [0x00000000eab00000, 0x00000000f7f00000, 0x0000000100000000)
  eden space 142848K, 100% used [0x00000000eab00000,0x00000000f3680000,0x00000000f3680000)
  from space 17408K, 99% used [0x00000000f6e00000,0x00000000f7efae30,0x00000000f7f00000)
  to   space 19968K, 0% used [0x00000000f5800000,0x00000000f5800000,0x00000000f6b80000)
 ParOldGen       total 94720K, used 25098K [0x00000000c0000000, 0x00000000c5c80000, 0x00000000eab00000)
  object space 94720K, 26% used [0x00000000c0000000,0x00000000c1882a48,0x00000000c5c80000)
 Metaspace       used 48786K, capacity 49658K, committed 49792K, reserved 1093632K
  class space    used 6044K, capacity 6226K, committed 6272K, reserved 1048576K
Event: 14.870 GC heap after
Heap after GC invocations=11 (full 2):
 PSYoungGen      total 194560K, used 19946K [0x00000000eab00000, 0x00000000f8680000, 0x0000000100000000)
  eden space 174592K, 0% used [0x00000000eab00000,0x00000000eab00000,0x00000000f5580000)
  from space 19968K, 99% used [0x00000000f5800000,0x00000000f6b7abb0,0x00000000f6b80000)
  to   space 25088K, 0% used [0x00000000f6e00000,0x00000000f6e00000,0x00000000f8680000)
 ParOldGen       total 94720K, used 31577K [0x00000000c0000000, 0x00000000c5c80000, 0x00000000eab00000)
  object space 94720K, 33% used [0x00000000c0000000,0x00000000c1ed6470,0x00000000c5c80000)
 Metaspace       used 48786K, capacity 49658K, committed 49792K, reserved 1093632K
  class space    used 6044K, capacity 6226K, committed 6272K, reserved 1048576K
}
Event: 156.619 GC heap before
{Heap before GC invocations=12 (full 2):
 PSYoungGen      total 194560K, used 194538K [0x00000000eab00000, 0x00000000f8680000, 0x0000000100000000)
  eden space 174592K, 100% used [0x00000000eab00000,0x00000000f5580000,0x00000000f5580000)
  from space 19968K, 99% used [0x00000000f5800000,0x00000000f6b7abb0,0x00000000f6b80000)
  to   space 25088K, 0% used [0x00000000f6e00000,0x00000000f6e00000,0x00000000f8680000)
 ParOldGen       total 94720K, used 31577K [0x00000000c0000000, 0x00000000c5c80000, 0x00000000eab00000)
  object space 94720K, 33% used [0x00000000c0000000,0x00000000c1ed6470,0x00000000c5c80000)
 Metaspace       used 53990K, capacity 55022K, committed 55168K, reserved 1097728K
  class space    used 6512K, capacity 6755K, committed 6784K, reserved 1048576K
Event: 156.663 GC heap after
Heap after GC invocations=12 (full 2):
 PSYoungGen      total 192000K, used 25085K [0x00000000eab00000, 0x00000000fb480000, 0x0000000100000000)
  eden space 166912K, 0% used [0x00000000eab00000,0x00000000eab00000,0x00000000f4e00000)
  from space 25088K, 99% used [0x00000000f6e00000,0x00000000f867f6c0,0x00000000f8680000)
  to   space 32768K, 0% used [0x00000000f4e00000,0x00000000f4e00000,0x00000000f6e00000)
 ParOldGen       total 94720K, used 43873K [0x00000000c0000000, 0x00000000c5c80000, 0x00000000eab00000)
  object space 94720K, 46% used [0x00000000c0000000,0x00000000c2ad8738,0x00000000c5c80000)
 Metaspace       used 53990K, capacity 55022K, committed 55168K, reserved 1097728K
  class space    used 6512K, capacity 6755K, committed 6784K, reserved 1048576K
}
Event: 162.469 GC heap before
{Heap before GC invocations=13 (full 2):
 PSYoungGen      total 192000K, used 191997K [0x00000000eab00000, 0x00000000fb480000, 0x0000000100000000)
  eden space 166912K, 100% used [0x00000000eab00000,0x00000000f4e00000,0x00000000f4e00000)
  from space 25088K, 99% used [0x00000000f6e00000,0x00000000f867f6c0,0x00000000f8680000)
  to   space 32768K, 0% used [0x00000000f4e00000,0x00000000f4e00000,0x00000000f6e00000)
 ParOldGen       total 94720K, used 43873K [0x00000000c0000000, 0x00000000c5c80000, 0x00000000eab00000)
  object space 94720K, 46% used [0x00000000c0000000,0x00000000c2ad8738,0x00000000c5c80000)
 Metaspace       used 54487K, capacity 55584K, committed 55680K, reserved 1097728K
  class space    used 6520K, capacity 6765K, committed 6784K, reserved 1048576K
Event: 162.498 GC heap after
Heap after GC invocations=13 (full 2):
 PSYoungGen      total 199680K, used 4586K [0x00000000eab00000, 0x00000000fa980000, 0x0000000100000000)
  eden space 166912K, 0% used [0x00000000eab00000,0x00000000eab00000,0x00000000f4e00000)
  from space 32768K, 13% used [0x00000000f4e00000,0x00000000f527a8d0,0x00000000f6e00000)
  to   space 33280K, 0% used [0x00000000f8900000,0x00000000f8900000,0x00000000fa980000)
 ParOldGen       total 94720K, used 67498K [0x00000000c0000000, 0x00000000c5c80000, 0x00000000eab00000)
  object space 94720K, 71% used [0x00000000c0000000,0x00000000c41ea840,0x00000000c5c80000)
 Metaspace       used 54487K, capacity 55584K, committed 55680K, reserved 1097728K
  class space    used 6520K, capacity 6765K, committed 6784K, reserved 1048576K
}
Event: 163.358 GC heap before
{Heap before GC invocations=14 (full 2):
 PSYoungGen      total 199680K, used 171498K [0x00000000eab00000, 0x00000000fa980000, 0x0000000100000000)
  eden space 166912K, 100% used [0x00000000eab00000,0x00000000f4e00000,0x00000000f4e00000)
  from space 32768K, 13% used [0x00000000f4e00000,0x00000000f527a8d0,0x00000000f6e00000)
  to   space 33280K, 0% used [0x00000000f8900000,0x00000000f8900000,0x00000000fa980000)
 ParOldGen       total 94720K, used 67498K [0x00000000c0000000, 0x00000000c5c80000, 0x00000000eab00000)
  object space 94720K, 71% used [0x00000000c0000000,0x00000000c41ea840,0x00000000c5c80000)
 Metaspace       used 54897K, capacity 55968K, committed 56192K, reserved 1099776K
  class space    used 6521K, capacity 6765K, committed 6784K, reserved 1048576K
Event: 163.402 GC heap after
Heap after GC invocations=14 (full 2):
 PSYoungGen      total 225792K, used 23637K [0x00000000eab00000, 0x00000000fb880000, 0x0000000100000000)
  eden space 192512K, 0% used [0x00000000eab00000,0x00000000eab00000,0x00000000f6700000)
  from space 33280K, 71% used [0x00000000f8900000,0x00000000fa0157b0,0x00000000fa980000)
  to   space 34816K, 0% used [0x00000000f6700000,0x00000000f6700000,0x00000000f8900000)
 ParOldGen       total 94720K, used 67506K [0x00000000c0000000, 0x00000000c5c80000, 0x00000000eab00000)
  object space 94720K, 71% used [0x00000000c0000000,0x00000000c41ec840,0x00000000c5c80000)
 Metaspace       used 54897K, capacity 55968K, committed 56192K, reserved 1099776K
  class space    used 6521K, capacity 6765K, committed 6784K, reserved 1048576K
}

Deoptimization events (10 events):
Event: 163.482 Thread 0x0000000019b4f000 Uncommon trap: reason=array_check action=maybe_recompile pc=0x0000000004ad6e80 method=java.util.AbstractCollection.toArray([Ljava/lang/Object;)[Ljava/lang/Object; @ 119
Event: 163.487 Thread 0x0000000019b4f000 Uncommon trap: reason=array_check action=maybe_recompile pc=0x0000000004ad6e80 method=java.util.AbstractCollection.toArray([Ljava/lang/Object;)[Ljava/lang/Object; @ 119
Event: 163.491 Thread 0x0000000019b4f000 Uncommon trap: reason=array_check action=maybe_recompile pc=0x0000000004ad6e80 method=java.util.AbstractCollection.toArray([Ljava/lang/Object;)[Ljava/lang/Object; @ 119
Event: 163.493 Thread 0x0000000019b4f000 Uncommon trap: reason=array_check action=maybe_recompile pc=0x0000000004ad6e80 method=java.util.AbstractCollection.toArray([Ljava/lang/Object;)[Ljava/lang/Object; @ 119
Event: 163.828 Thread 0x0000000019b4f000 Uncommon trap: reason=class_check action=maybe_recompile pc=0x0000000004b17280 method=org.jetbrains.kotlin.types.checker.StrictEqualityTypeChecker.strictEqualTypes(Lorg/jetbrains/kotlin/types/SimpleType;Lorg/jetbrains/kotlin/types/SimpleType;)Z @ 98
Event: 163.828 Thread 0x0000000019b4f000 Uncommon trap: reason=class_check action=maybe_recompile pc=0x0000000004b17280 method=org.jetbrains.kotlin.types.checker.StrictEqualityTypeChecker.strictEqualTypes(Lorg/jetbrains/kotlin/types/SimpleType;Lorg/jetbrains/kotlin/types/SimpleType;)Z @ 98
Event: 163.932 Thread 0x0000000019b4f000 Uncommon trap: reason=class_check action=maybe_recompile pc=0x0000000003f24168 method=org.jetbrains.kotlin.serialization.deserialization.descriptors.DeserializedMemberScope.getContributedVariables(Lorg/jetbrains/kotlin/name/Name;Lorg/jetbrains/kotlin/incr
Event: 164.047 Thread 0x0000000019b4f000 Uncommon trap: reason=class_check action=maybe_recompile pc=0x0000000004c4f8a8 method=org.jetbrains.kotlin.load.kotlin.TypeSignatureMappingKt.mapBuiltInType(Lorg/jetbrains/kotlin/types/KotlinType;Lorg/jetbrains/kotlin/load/kotlin/JvmTypeFactory;Lorg/jetbr
Event: 164.047 Thread 0x0000000019b4f000 Uncommon trap: reason=class_check action=maybe_recompile pc=0x0000000004c4f8a8 method=org.jetbrains.kotlin.load.kotlin.TypeSignatureMappingKt.mapBuiltInType(Lorg/jetbrains/kotlin/types/KotlinType;Lorg/jetbrains/kotlin/load/kotlin/JvmTypeFactory;Lorg/jetbr
Event: 164.312 Thread 0x0000000019b4f000 Uncommon trap: reason=bimorphic action=maybe_recompile pc=0x00000000032d22d0 method=org.jetbrains.kotlin.protobuf.CodedOutputStream.refreshBuffer()V @ 28

Classes redefined (0 events):
No events

Internal exceptions (10 events):
Event: 14.025 Thread 0x0000000016f4f000 Exception <a 'java/lang/InterruptedException'> (0x00000000ecd075d8) thrown at [C:\re\workspace\8-2-build-windows-amd64-cygwin\jdk8u211\12973\hotspot\src\share\vm\runtime\objectMonitor.cpp, line 1684]
Event: 14.033 Thread 0x0000000016f4d000 Implicit null exception at 0x0000000003143282 to 0x0000000003145c51
Event: 16.055 Thread 0x0000000016f4d000 Implicit null exception at 0x0000000002dae897 to 0x0000000002daec85
Event: 16.063 Thread 0x0000000016f4d000 Implicit null exception at 0x0000000002d8c196 to 0x0000000002d8c531
Event: 16.358 Thread 0x0000000016f4d000 Exception <a 'java/lang/NoSuchMethodError': java.lang.Object.lambda$static$0(I)[Lorg/jetbrains/kotlin/com/intellij/psi/PsiTypeElement;> (0x00000000f0891ed0) thrown at [C:\re\workspace\8-2-build-windows-amd64-cygwin\jdk8u211\12973\hotspot\src\share\vm\inte
Event: 16.364 Thread 0x0000000016f4d000 Exception <a 'java/lang/NoSuchMethodError': java.lang.Object.lambda$static$0(I)[Lorg/jetbrains/kotlin/com/intellij/psi/PsiTypeParameter;> (0x00000000f0911f80) thrown at [C:\re\workspace\8-2-build-windows-amd64-cygwin\jdk8u211\12973\hotspot\src\share\vm\in
Event: 156.575 Thread 0x0000000016f4a000 Exception <a 'java/lang/InterruptedException'> (0x00000000f4859be8) thrown at [C:\re\workspace\8-2-build-windows-amd64-cygwin\jdk8u211\12973\hotspot\src\share\vm\runtime\objectMonitor.cpp, line 1684]
Event: 156.579 Thread 0x0000000016f4d000 Implicit null exception at 0x00000000031c50c5 to 0x00000000031c5691
Event: 156.837 Thread 0x0000000016f4d000 Implicit null exception at 0x000000000428a170 to 0x000000000428a1d5
Event: 162.422 Thread 0x0000000019b53000 Exception <a 'java/lang/InterruptedException'> (0x00000000f3e88800) thrown at [C:\re\workspace\8-2-build-windows-amd64-cygwin\jdk8u211\12973\hotspot\src\share\vm\runtime\objectMonitor.cpp, line 1684]

Events (10 events):
Event: 164.294 Thread 0x0000000019b4f000 DEOPT UNPACKING pc=0x0000000002bb7890 sp=0x000000001f7fc078 mode 0
Event: 164.294 Thread 0x0000000019b4f000 DEOPT PACKING pc=0x00000000043959de sp=0x000000001f7fc350
Event: 164.294 Thread 0x0000000019b4f000 DEOPT UNPACKING pc=0x0000000002bb7890 sp=0x000000001f7fc078 mode 0
Event: 164.312 Thread 0x0000000019b4f000 Uncommon trap: trap_request=0xffffffc6 fr.pc=0x00000000032d22d0
Event: 164.312 Thread 0x0000000019b4f000 DEOPT PACKING pc=0x00000000032d22d0 sp=0x000000001f7fc070
Event: 164.312 Thread 0x0000000019b4f000 DEOPT UNPACKING pc=0x0000000002bb583b sp=0x000000001f7fc008 mode 2
Event: 164.315 Executing VM operation: RevokeBias
Event: 164.315 Executing VM operation: RevokeBias done
Event: 164.315 Executing VM operation: RevokeBias
Event: 164.315 Executing VM operation: RevokeBias done


Dynamic libraries:
0x00007ff616640000 - 0x00007ff616677000 	C:\Program Files\Java\jdk1.8.0_211\jre\bin\java.exe
0x00007fff38650000 - 0x00007fff3883d000 	C:\WINDOWS\SYSTEM32\ntdll.dll
0x00007fff37760000 - 0x00007fff37813000 	C:\WINDOWS\System32\KERNEL32.DLL
0x00007fff35040000 - 0x00007fff352d3000 	C:\WINDOWS\System32\KERNELBASE.dll
0x00007fff37670000 - 0x00007fff37713000 	C:\WINDOWS\System32\ADVAPI32.dll
0x00007fff38090000 - 0x00007fff3812e000 	C:\WINDOWS\System32\msvcrt.dll
0x00007fff36f70000 - 0x00007fff3700e000 	C:\WINDOWS\System32\sechost.dll
0x00007fff379d0000 - 0x00007fff37af2000 	C:\WINDOWS\System32\RPCRT4.dll
0x00007fff37300000 - 0x00007fff37497000 	C:\WINDOWS\System32\USER32.dll
0x00007fff34ff0000 - 0x00007fff35010000 	C:\WINDOWS\System32\win32u.dll
0x00007fff37730000 - 0x00007fff37759000 	C:\WINDOWS\System32\GDI32.dll
0x00007fff354c0000 - 0x00007fff35659000 	C:\WINDOWS\System32\gdi32full.dll
0x00007fff356d0000 - 0x00007fff35770000 	C:\WINDOWS\System32\msvcp_win.dll
0x00007fff34720000 - 0x00007fff3481a000 	C:\WINDOWS\System32\ucrtbase.dll
0x00007fff266f0000 - 0x00007fff26969000 	C:\WINDOWS\WinSxS\amd64_microsoft.windows.common-controls_6595b64144ccf1df_6.0.17763.615_none_05b4414a072024d4\COMCTL32.dll
0x00007fff37b00000 - 0x00007fff37e2c000 	C:\WINDOWS\System32\combase.dll
0x00007fff34f70000 - 0x00007fff34fee000 	C:\WINDOWS\System32\bcryptPrimitives.dll
0x00007fff36f40000 - 0x00007fff36f6e000 	C:\WINDOWS\System32\IMM32.DLL
0x000000005f680000 - 0x000000005f752000 	C:\Program Files\Java\jdk1.8.0_211\jre\bin\msvcr100.dll
0x000000005edd0000 - 0x000000005f675000 	C:\Program Files\Java\jdk1.8.0_211\jre\bin\server\jvm.dll
0x00007fff37270000 - 0x00007fff37278000 	C:\WINDOWS\System32\PSAPI.DLL
0x00007fff28830000 - 0x00007fff28839000 	C:\WINDOWS\SYSTEM32\WSOCK32.dll
0x00007fff317e0000 - 0x00007fff31804000 	C:\WINDOWS\SYSTEM32\WINMM.dll
0x00007fff2ba50000 - 0x00007fff2ba5a000 	C:\WINDOWS\SYSTEM32\VERSION.dll
0x00007fff374a0000 - 0x00007fff3750d000 	C:\WINDOWS\System32\WS2_32.dll
0x00007fff317b0000 - 0x00007fff317dd000 	C:\WINDOWS\SYSTEM32\WINMMBASE.dll
0x00007fff35680000 - 0x00007fff356ca000 	C:\WINDOWS\System32\cfgmgr32.dll
0x00007fff2b8f0000 - 0x00007fff2b8ff000 	C:\Program Files\Java\jdk1.8.0_211\jre\bin\verify.dll
0x00007fff2b420000 - 0x00007fff2b449000 	C:\Program Files\Java\jdk1.8.0_211\jre\bin\java.dll
0x00007fff2b400000 - 0x00007fff2b416000 	C:\Program Files\Java\jdk1.8.0_211\jre\bin\zip.dll
0x00007fff35a50000 - 0x00007fff36f40000 	C:\WINDOWS\System32\SHELL32.dll
0x00007fff37e90000 - 0x00007fff37f38000 	C:\WINDOWS\System32\shcore.dll
0x00007fff34820000 - 0x00007fff34f6a000 	C:\WINDOWS\System32\windows.storage.dll
0x00007fff346d0000 - 0x00007fff346f4000 	C:\WINDOWS\System32\profapi.dll
0x00007fff34650000 - 0x00007fff346ad000 	C:\WINDOWS\System32\powrprof.dll
0x00007fff37e30000 - 0x00007fff37e82000 	C:\WINDOWS\System32\shlwapi.dll
0x00007fff346b0000 - 0x00007fff346c1000 	C:\WINDOWS\System32\kernel.appcore.dll
0x00007fff35660000 - 0x00007fff35677000 	C:\WINDOWS\System32\cryptsp.dll
0x00007fff25410000 - 0x00007fff2541d000 	C:\Program Files\Java\jdk1.8.0_211\jre\bin\management.dll
0x00007fff266b0000 - 0x00007fff266ca000 	C:\Program Files\Java\jdk1.8.0_211\jre\bin\net.dll
0x00007fff282f0000 - 0x00007fff284c7000 	C:\WINDOWS\SYSTEM32\urlmon.dll
0x00007fff28900000 - 0x00007fff28ba8000 	C:\WINDOWS\SYSTEM32\iertutil.dll
0x00007fff33cb0000 - 0x00007fff33cbc000 	C:\WINDOWS\SYSTEM32\CRYPTBASE.DLL
0x00007fff33ae0000 - 0x00007fff33b47000 	C:\WINDOWS\system32\mswsock.dll
0x00007fff22cc0000 - 0x00007fff22cd2000 	C:\Program Files\Java\jdk1.8.0_211\jre\bin\nio.dll
0x00007fff336a0000 - 0x00007fff336d3000 	C:\WINDOWS\system32\rsaenh.dll
0x00007fff35010000 - 0x00007fff35036000 	C:\WINDOWS\System32\bcrypt.dll
0x00007fff34580000 - 0x00007fff345a8000 	C:\WINDOWS\SYSTEM32\USERENV.dll
0x00007fff33840000 - 0x00007fff3387d000 	C:\WINDOWS\SYSTEM32\IPHLPAPI.DLL
0x00007fff37720000 - 0x00007fff37728000 	C:\WINDOWS\System32\NSI.dll
0x00007fff2d100000 - 0x00007fff2d116000 	C:\WINDOWS\SYSTEM32\dhcpcsvc6.DLL
0x00007fff2d0e0000 - 0x00007fff2d0fc000 	C:\WINDOWS\SYSTEM32\dhcpcsvc.DLL
0x00007fff33880000 - 0x00007fff33946000 	C:\WINDOWS\SYSTEM32\DNSAPI.dll

VM Arguments:
jvm_args: -Djava.awt.headless=true -Djava.rmi.server.hostname=127.0.0.1 -Xmx1024m -Dkotlin.environment.keepalive 
java_command: org.jetbrains.kotlin.daemon.KotlinCompileDaemon --daemon-runFilesPath C:\Users\user01\AppData\Local\kotlin\daemon --daemon-autoshutdownIdleSeconds=7200 --daemon-compilerClasspath C:\Users\user01\.gradle\caches\modules-2\files-2.1\org.jetbrains.kotlin\kotlin-compiler-embeddable\1.2.71\a79f934bfbc1c7e16638da3474feab351735f1c0\kotlin-compiler-embeddable-1.2.71.jar;C:\Users\user01\.m2\repository\org\jetbrains\kotlin\kotlin-reflect\1.2.71\kotlin-reflect-1.2.71.jar;C:\Users\user01\.m2\repository\org\jetbrains\kotlin\kotlin-stdlib\1.2.71\kotlin-stdlib-1.2.71.jar;C:\Users\user01\.m2\repository\org\jetbrains\kotlin\kotlin-script-runtime\1.2.71\kotlin-script-runtime-1.2.71.jar;C:\Users\user01\.m2\repository\org\jetbrains\kotlin\kotlin-stdlib-common\1.2.71\kotlin-stdlib-common-1.2.71.jar;C:\Users\user01\.m2\repository\org\jetbrains\annotations\13.0\annotations-13.0.jar;C:\Program Files\Java\jdk1.8.0_211\lib\tools.jar
java_class_path (initial): C:\Users\user01\.gradle\caches\modules-2\files-2.1\org.jetbrains.kotlin\kotlin-compiler-embeddable\1.2.71\a79f934bfbc1c7e16638da3474feab351735f1c0\kotlin-compiler-embeddable-1.2.71.jar;C:\Users\user01\.m2\repository\org\jetbrains\kotlin\kotlin-reflect\1.2.71\kotlin-reflect-1.2.71.jar;C:\Users\user01\.m2\repository\org\jetbrains\kotlin\kotlin-stdlib\1.2.71\kotlin-stdlib-1.2.71.jar;C:\Users\user01\.m2\repository\org\jetbrains\kotlin\kotlin-script-runtime\1.2.71\kotlin-script-runtime-1.2.71.jar;C:\Users\user01\.m2\repository\org\jetbrains\kotlin\kotlin-stdlib-common\1.2.71\kotlin-stdlib-common-1.2.71.jar;C:\Users\user01\.m2\repository\org\jetbrains\annotations\13.0\annotations-13.0.jar;C:\Program Files\Java\jdk1.8.0_211\lib\tools.jar
Launcher Type: SUN_STANDARD

Environment Variables:
JAVA_HOME=C:\Program Files\Java\jdk1.8.0_211
PATH=C:\Users\user01\bin;C:\Program Files\Git\mingw64\bin;C:\Program Files\Git\usr\local\bin;C:\Program Files\Git\usr\bin;C:\Program Files\Git\usr\bin;C:\Program Files\Git\mingw64\bin;C:\Program Files\Git\usr\bin;C:\Users\user01\bin;C:\Program Files\JetBrains\IntelliJ IDEA Community Edition 2019.1.3\jbr\bin;C:\Program Files\JetBrains\IntelliJ IDEA Community Edition 2019.1.3\jbr\bin\server;C:\Program Files (x86)\Common Files\Oracle\Java\javapath;C:\WINDOWS\system32;C:\WINDOWS;C:\WINDOWS\System32\Wbem;C:\WINDOWS\System32\WindowsPowerShell\v1.0;C:\WINDOWS\System32\OpenSSH;C:\Program Files\Git\cmd;C:\Program Files\nodejs;C:\Users\user01\AppData\Local\Microsoft\WindowsApps;C:\Users\user01\AppData\Local\Programs\Microsoft VS Code\bin;C:\Users\user01\AppData\Roaming\npm;C:\Program Files\Git\usr\bin\vendor_perl;C:\Program Files\Git\usr\bin\core_perl
USERNAME=user01
SHELL=C:\Program Files\Git\usr\bin\bash.exe
DISPLAY=needs-to-be-defined
OS=Windows_NT
PROCESSOR_IDENTIFIER=Intel64 Family 6 Model 60 Stepping 3, GenuineIntel



---------------  S Y S T E M  ---------------

OS: Windows 10.0 , 64 bit Build 17763 (10.0.17763.475)

CPU:total 4 (initial active 4) (2 cores per cpu, 2 threads per core) family 6 model 60 stepping 3, cmov, cx8, fxsr, mmx, sse, sse2, sse3, ssse3, sse4.1, sse4.2, popcnt, avx, avx2, aes, clmul, erms, lzcnt, ht, tsc, tscinvbit, bmi1, bmi2

Memory: 4k page, physical 8257376k(4331064k free), swap 13238112k(8372392k free)

vm_info: Java HotSpot(TM) 64-Bit Server VM (25.211-b12) for windows-amd64 JRE (1.8.0_211-b12), built on Apr  1 2019 20:53:26 by "java_re" with MS VC++ 10.0 (VS2010)

time: Thu Aug 01 10:48:24 2019
timezone: Malay Peninsula Standard Time
elapsed time: 164 seconds (0d 0h 2m 44s)

