#
# A fatal error has been detected by the Java Runtime Environment:
#
#  EXCEPTION_ACCESS_VIOLATION (0xc0000005) at pc=0x0000000069f10a00, pid=9256, tid=0x0000000000002608
#
# JRE version: Java(TM) SE Runtime Environment (8.0_211-b12) (build 1.8.0_211-b12)
# Java VM: Java HotSpot(TM) 64-Bit Server VM (25.211-b12 mixed mode windows-amd64 compressed oops)
# Problematic frame:
# V  [jvm.dll+0xb0a00]
#
# Failed to write core dump. Minidumps are not enabled by default on client versions of Windows
#
# If you would like to submit a bug report, please visit:
#   http://bugreport.java.com/bugreport/crash.jsp
#

---------------  T H R E A D  ---------------

Current thread (0x0000000002c28800):  GCTaskThread [stack: 0x0000000012440000,0x0000000012540000] [id=9736]

siginfo: ExceptionCode=0xc0000005, reading address 0x0000000756eb5d48

Registers:
RAX=0x0000000000000000, RBX=0x00000000eadd6d40, RCX=0x00000000eadd6d40, RDX=0x0000000756eb5d40
RSP=0x000000001253f4f8, RBP=0x0000000000000000, RSI=0x00000000153a5000, RDI=0x00000c5000000c74
R8 =0x00000000153a5000, R9 =0x0000000000000028, R10=0x0000000000000008, R11=0x00000000efc12a50
R12=0x000000006a4bc9d8, R13=0xeadd6bb820003400, R14=0x0000000000000000, R15=0x0000000002c29030
RIP=0x0000000069f10a00, EFLAGS=0x0000000000010202

Top of Stack: (sp=0x000000001253f4f8)
0x000000001253f4f8:   000000006a2644f2 00000000eadd6f58
0x000000001253f508:   0000000000000005 00000000153a5000
0x000000001253f518:   0000000069f4d2ea 00000000efc0aa60
0x000000001253f528:   000000006a264c3b 00000000153a5000
0x000000001253f538:   0000000069f73e53 0000000000000000
0x000000001253f548:   0000000002c21201 000000006a4bc9d8
0x000000001253f558:   000000006a264860 00000000efc0bc90
0x000000001253f568:   0000000000000000 00000000153a5000
0x000000001253f578:   00000c5000000c74 00000000efc0bc90
0x000000001253f588:   000000006a265235 0000000000000005
0x000000001253f598:   000000006a4bc9d8 00000000efc0bc20
0x000000001253f5a8:   000000006a264771 00000c5000000c74
0x000000001253f5b8:   0000000000000005 00000000153a5000
0x000000001253f5c8:   00000c5000000c74 0000000000000200
0x000000001253f5d8:   00000c4f00000c74 00000a7f000006ab
0x000000001253f5e8:   0000171e00000761 0000000002c29020 

Instructions: (pc=0x0000000069f10a00)
0x0000000069f109e0:   dc de 1d 00 48 8b 9c 24 d0 00 00 00 48 81 c4 c0
0x0000000069f109f0:   00 00 00 5d c3 cc cc cc cc cc cc cc cc cc cc cc
0x0000000069f10a00:   44 8b 42 08 4c 8b ca 45 85 c0 7e 0e 41 f6 c0 01
0x0000000069f10a10:   75 57 41 c1 f8 03 41 8b c0 c3 79 4d 80 3d 1e 5f 


Register to memory mapping:

RAX=0x0000000000000000 is an unknown value
RBX=0x00000000eadd6d40 is an oop

[error occurred during error reporting (printing register info), id 0xc0000005]

Stack: [0x0000000012440000,0x0000000012540000],  sp=0x000000001253f4f8,  free space=1021k
Native frames: (J=compiled Java code, j=interpreted, Vv=VM code, C=native code)


---------------  P R O C E S S  ---------------

Java Threads: ( => current thread )
  0x0000000019529800 JavaThread "RMI RenewClean-[127.0.0.1:52829,org.jetbrains.kotlin.daemon.common.LoopbackNetworkInterface$ClientLoopbackSocketFactory@345d26e7]" daemon [_thread_blocked, id=9488, stack(0x000000001dbd0000,0x000000001dcd0000)]
  0x000000001952b000 JavaThread "RMI TCP Connection(3)-127.0.0.1" daemon [_thread_blocked, id=11180, stack(0x000000001dad0000,0x000000001dbd0000)]
  0x000000001757a800 JavaThread "RMI RenewClean-[127.0.0.1:52829,org.jetbrains.kotlin.daemon.common.LoopbackNetworkInterface$ClientLoopbackSocketFactory@5f2b62af]" daemon [_thread_blocked, id=1636, stack(0x00000000189d0000,0x0000000018ad0000)]
  0x0000000017573000 JavaThread "RMI TCP Connection(2)-127.0.0.1" daemon [_thread_in_native, id=6200, stack(0x00000000188d0000,0x00000000189d0000)]
  0x0000000017582800 JavaThread "RMI Scheduler(0)" daemon [_thread_blocked, id=7604, stack(0x00000000187d0000,0x00000000188d0000)]
  0x0000000017559800 JavaThread "RMI TCP Connection(1)-127.0.0.1" daemon [_thread_in_native, id=8776, stack(0x00000000186d0000,0x00000000187d0000)]
  0x0000000002c13800 JavaThread "DestroyJavaVM" [_thread_blocked, id=11144, stack(0x0000000002b10000,0x0000000002c10000)]
  0x00000000174bb800 JavaThread "GC Daemon" daemon [_thread_blocked, id=9768, stack(0x0000000018290000,0x0000000018390000)]
  0x00000000175c3800 JavaThread "RMI Reaper" [_thread_blocked, id=12208, stack(0x0000000018190000,0x0000000018290000)]
  0x00000000174db000 JavaThread "Timer-0" daemon [_thread_blocked, id=6216, stack(0x0000000017f90000,0x0000000018090000)]
  0x00000000174da800 JavaThread "RMI TCP Accept-17978" daemon [_thread_in_native, id=1984, stack(0x0000000017e90000,0x0000000017f90000)]
  0x000000001543e000 JavaThread "Service Thread" daemon [_thread_blocked, id=7812, stack(0x0000000017150000,0x0000000017250000)]
  0x00000000153ed800 JavaThread "C1 CompilerThread2" daemon [_thread_blocked, id=1804, stack(0x0000000016c50000,0x0000000016d50000)]
  0x00000000153e8800 JavaThread "C2 CompilerThread1" daemon [_thread_blocked, id=8044, stack(0x0000000016b50000,0x0000000016c50000)]
  0x00000000153e0000 JavaThread "C2 CompilerThread0" daemon [_thread_blocked, id=12184, stack(0x0000000016a50000,0x0000000016b50000)]
  0x00000000153df000 JavaThread "Attach Listener" daemon [_thread_blocked, id=9872, stack(0x0000000016950000,0x0000000016a50000)]
  0x00000000153dd800 JavaThread "Signal Dispatcher" daemon [_thread_blocked, id=10196, stack(0x0000000016850000,0x0000000016950000)]
  0x0000000002d0d800 JavaThread "Finalizer" daemon [_thread_blocked, id=13136, stack(0x0000000016650000,0x0000000016750000)]
  0x00000000153ca000 JavaThread "Reference Handler" daemon [_thread_blocked, id=6840, stack(0x0000000016550000,0x0000000016650000)]

Other Threads:
  0x00000000153a7000 VMThread [stack: 0x0000000016450000,0x0000000016550000] [id=11492]
  0x0000000016d9c000 WatcherThread [stack: 0x0000000017250000,0x0000000017350000] [id=9296]

=>0x0000000002c28800 (exited) GCTaskThread [stack: 0x0000000012440000,0x0000000012540000] [id=9736]

VM state:at safepoint (normal execution)

VM Mutex/Monitor currently owned by a thread:  ([mutex/lock_event])
[0x0000000002c10d50] Threads_lock - owner thread: 0x00000000153a7000
[0x0000000002c10ed0] Heap_lock - owner thread: 0x000000001952b000

heap address: 0x00000000c0000000, size: 1024 MB, Compressed Oops mode: 32-bit
Narrow klass base: 0x0000000000000000, Narrow klass shift: 3
Compressed class space size: 1073741824 Address: 0x0000000100000000

Heap:
 PSYoungGen      total 86528K, used 84536K [0x00000000eab00000, 0x00000000f0f80000, 0x0000000100000000)
  eden space 74240K, 100% used [0x00000000eab00000,0x00000000ef380000,0x00000000ef380000)
  from space 12288K, 83% used [0x00000000f0380000,0x00000000f0d8e058,0x00000000f0f80000)
  to   space 14336K, 61% used [0x00000000ef380000,0x00000000efc2aa60,0x00000000f0180000)
 ParOldGen       total 130560K, used 31393K [0x00000000c0000000, 0x00000000c7f80000, 0x00000000eab00000)
  object space 130560K, 24% used [0x00000000c0000000,0x00000000c1ea87f8,0x00000000c7f80000)
 Metaspace       used 48399K, capacity 49262K, committed 49536K, reserved 1093632K
  class space    used 6029K, capacity 6214K, committed 6272K, reserved 1048576K

Card table byte_map: [0x00000000120d0000,0x00000000122e0000] byte_map_base: 0x0000000011ad0000

Marking Bits: (ParMarkBitMap*) 0x000000006a685ce0
 Begin Bits: [0x0000000012840000, 0x0000000013840000)
 End Bits:   [0x0000000013840000, 0x0000000014840000)

Polling page: 0x0000000001290000

CodeCache: size=245760Kb used=16767Kb max_used=16767Kb free=228993Kb
 bounds [0x0000000002d10000, 0x0000000003d80000, 0x0000000011d10000]
 total_blobs=6078 nmethods=5570 adapters=420
 compilation: enabled

Compilation events (10 events):
Event: 8.515 Thread 0x00000000153ed800 nmethod 5588 0x0000000003d79450 code [0x0000000003d795c0, 0x0000000003d79850]
Event: 8.515 Thread 0x00000000153ed800 5589       3       sun.nio.fs.WindowsFileAttributeViews$Basic::<init> (15 bytes)
Event: 8.515 Thread 0x00000000153ed800 nmethod 5589 0x0000000003d79990 code [0x0000000003d79b00, 0x0000000003d79d30]
Event: 8.515 Thread 0x00000000153ed800 5590       3       sun.nio.fs.AbstractBasicFileAttributeView::<init> (5 bytes)
Event: 8.516 Thread 0x00000000153ed800 nmethod 5590 0x0000000003d79e10 code [0x0000000003d79f60, 0x0000000003d7a110]
Event: 8.516 Thread 0x00000000153ed800 5591       3       sun.nio.fs.WindowsFileAttributeViews$Basic::readAttributes (5 bytes)
Event: 8.516 Thread 0x00000000153ed800 nmethod 5591 0x0000000003d7a1d0 code [0x0000000003d7a380, 0x0000000003d7a9c8]
Event: 8.516 Thread 0x00000000153ed800 5592   !   3       sun.nio.fs.WindowsFileAttributeViews$Basic::readAttributes (30 bytes)
Event: 8.516 Thread 0x00000000153ed800 nmethod 5592 0x0000000003d7abd0 code [0x0000000003d7ad80, 0x0000000003d7b2e8]
Event: 8.516 Thread 0x00000000153ed800 5593       3       org.jetbrains.kotlin.com.intellij.openapi.vfs.impl.ZipHandler::getCanonicalPathToZip (32 bytes)

GC Heap History (10 events):
Event: 3.403 GC heap after
Heap after GC invocations=7 (full 2):
 PSYoungGen      total 64000K, used 5101K [0x00000000eab00000, 0x00000000ef080000, 0x0000000100000000)
  eden space 58880K, 0% used [0x00000000eab00000,0x00000000eab00000,0x00000000ee480000)
  from space 5120K, 99% used [0x00000000eeb00000,0x00000000eeffb600,0x00000000ef000000)
  to   space 512K, 0% used [0x00000000ef000000,0x00000000ef000000,0x00000000ef080000)
 ParOldGen       total 69120K, used 19845K [0x00000000c0000000, 0x00000000c4380000, 0x00000000eab00000)
  object space 69120K, 28% used [0x00000000c0000000,0x00000000c1361610,0x00000000c4380000)
 Metaspace       used 25017K, capacity 25394K, committed 25728K, reserved 1071104K
  class space    used 3250K, capacity 3369K, committed 3456K, reserved 1048576K
}
Event: 3.699 GC heap before
{Heap before GC invocations=8 (full 2):
 PSYoungGen      total 64000K, used 63981K [0x00000000eab00000, 0x00000000ef080000, 0x0000000100000000)
  eden space 58880K, 100% used [0x00000000eab00000,0x00000000ee480000,0x00000000ee480000)
  from space 5120K, 99% used [0x00000000eeb00000,0x00000000eeffb600,0x00000000ef000000)
  to   space 512K, 0% used [0x00000000ef000000,0x00000000ef000000,0x00000000ef080000)
 ParOldGen       total 69120K, used 19845K [0x00000000c0000000, 0x00000000c4380000, 0x00000000eab00000)
  object space 69120K, 28% used [0x00000000c0000000,0x00000000c1361610,0x00000000c4380000)
 Metaspace       used 28761K, capacity 29168K, committed 29568K, reserved 1075200K
  class space    used 3724K, capacity 3854K, committed 3968K, reserved 1048576K
Event: 3.706 GC heap after
Heap after GC invocations=8 (full 2):
 PSYoungGen      total 56832K, used 480K [0x00000000eab00000, 0x00000000f1580000, 0x0000000100000000)
  eden space 56320K, 0% used [0x00000000eab00000,0x00000000eab00000,0x00000000ee200000)
  from space 512K, 93% used [0x00000000ef000000,0x00000000ef078020,0x00000000ef080000)
  to   space 14336K, 0% used [0x00000000ee200000,0x00000000ee200000,0x00000000ef000000)
 ParOldGen       total 69120K, used 29725K [0x00000000c0000000, 0x00000000c4380000, 0x00000000eab00000)
  object space 69120K, 43% used [0x00000000c0000000,0x00000000c1d074c0,0x00000000c4380000)
 Metaspace       used 28761K, capacity 29168K, committed 29568K, reserved 1075200K
  class space    used 3724K, capacity 3854K, committed 3968K, reserved 1048576K
}
Event: 4.177 GC heap before
{Heap before GC invocations=9 (full 2):
 PSYoungGen      total 56832K, used 34087K [0x00000000eab00000, 0x00000000f1580000, 0x0000000100000000)
  eden space 56320K, 59% used [0x00000000eab00000,0x00000000ecbd1c60,0x00000000ee200000)
  from space 512K, 93% used [0x00000000ef000000,0x00000000ef078020,0x00000000ef080000)
  to   space 14336K, 0% used [0x00000000ee200000,0x00000000ee200000,0x00000000ef000000)
 ParOldGen       total 69120K, used 29725K [0x00000000c0000000, 0x00000000c4380000, 0x00000000eab00000)
  object space 69120K, 43% used [0x00000000c0000000,0x00000000c1d074c0,0x00000000c4380000)
 Metaspace       used 34718K, capacity 35252K, committed 35496K, reserved 1081344K
  class space    used 4445K, capacity 4584K, committed 4608K, reserved 1048576K
Event: 4.184 GC heap after
Heap after GC invocations=9 (full 2):
 PSYoungGen      total 70656K, used 9344K [0x00000000eab00000, 0x00000000f1180000, 0x0000000100000000)
  eden space 56320K, 0% used [0x00000000eab00000,0x00000000eab00000,0x00000000ee200000)
  from space 14336K, 65% used [0x00000000ee200000,0x00000000eeb20298,0x00000000ef000000)
  to   space 14336K, 0% used [0x00000000f0380000,0x00000000f0380000,0x00000000f1180000)
 ParOldGen       total 69120K, used 29733K [0x00000000c0000000, 0x00000000c4380000, 0x00000000eab00000)
  object space 69120K, 43% used [0x00000000c0000000,0x00000000c1d094c0,0x00000000c4380000)
 Metaspace       used 34718K, capacity 35252K, committed 35496K, reserved 1081344K
  class space    used 4445K, capacity 4584K, committed 4608K, reserved 1048576K
}
Event: 4.185 GC heap before
{Heap before GC invocations=10 (full 3):
 PSYoungGen      total 70656K, used 9344K [0x00000000eab00000, 0x00000000f1180000, 0x0000000100000000)
  eden space 56320K, 0% used [0x00000000eab00000,0x00000000eab00000,0x00000000ee200000)
  from space 14336K, 65% used [0x00000000ee200000,0x00000000eeb20298,0x00000000ef000000)
  to   space 14336K, 0% used [0x00000000f0380000,0x00000000f0380000,0x00000000f1180000)
 ParOldGen       total 69120K, used 29733K [0x00000000c0000000, 0x00000000c4380000, 0x00000000eab00000)
  object space 69120K, 43% used [0x00000000c0000000,0x00000000c1d094c0,0x00000000c4380000)
 Metaspace       used 34718K, capacity 35252K, committed 35496K, reserved 1081344K
  class space    used 4445K, capacity 4584K, committed 4608K, reserved 1048576K
Event: 4.289 GC heap after
Heap after GC invocations=10 (full 3):
 PSYoungGen      total 70656K, used 0K [0x00000000eab00000, 0x00000000f1180000, 0x0000000100000000)
  eden space 56320K, 0% used [0x00000000eab00000,0x00000000eab00000,0x00000000ee200000)
  from space 14336K, 0% used [0x00000000ee200000,0x00000000ee200000,0x00000000ef000000)
  to   space 14336K, 0% used [0x00000000f0380000,0x00000000f0380000,0x00000000f1180000)
 ParOldGen       total 130560K, used 31377K [0x00000000c0000000, 0x00000000c7f80000, 0x00000000eab00000)
  object space 130560K, 24% used [0x00000000c0000000,0x00000000c1ea47f8,0x00000000c7f80000)
 Metaspace       used 34718K, capacity 35252K, committed 35496K, reserved 1081344K
  class space    used 4445K, capacity 4584K, committed 4608K, reserved 1048576K
}
Event: 5.027 GC heap before
{Heap before GC invocations=11 (full 3):
 PSYoungGen      total 70656K, used 56320K [0x00000000eab00000, 0x00000000f1180000, 0x0000000100000000)
  eden space 56320K, 100% used [0x00000000eab00000,0x00000000ee200000,0x00000000ee200000)
  from space 14336K, 0% used [0x00000000ee200000,0x00000000ee200000,0x00000000ef000000)
  to   space 14336K, 0% used [0x00000000f0380000,0x00000000f0380000,0x00000000f1180000)
 ParOldGen       total 130560K, used 31377K [0x00000000c0000000, 0x00000000c7f80000, 0x00000000eab00000)
  object space 130560K, 24% used [0x00000000c0000000,0x00000000c1ea47f8,0x00000000c7f80000)
 Metaspace       used 39888K, capacity 40558K, committed 40960K, reserved 1085440K
  class space    used 5129K, capacity 5291K, committed 5376K, reserved 1048576K
Event: 5.037 GC heap after
Heap after GC invocations=11 (full 3):
 PSYoungGen      total 86528K, used 10296K [0x00000000eab00000, 0x00000000f0f80000, 0x0000000100000000)
  eden space 74240K, 0% used [0x00000000eab00000,0x00000000eab00000,0x00000000ef380000)
  from space 12288K, 83% used [0x00000000f0380000,0x00000000f0d8e058,0x00000000f0f80000)
  to   space 14336K, 0% used [0x00000000ef380000,0x00000000ef380000,0x00000000f0180000)
 ParOldGen       total 130560K, used 31385K [0x00000000c0000000, 0x00000000c7f80000, 0x00000000eab00000)
  object space 130560K, 24% used [0x00000000c0000000,0x00000000c1ea67f8,0x00000000c7f80000)
 Metaspace       used 39888K, capacity 40558K, committed 40960K, reserved 1085440K
  class space    used 5129K, capacity 5291K, committed 5376K, reserved 1048576K
}
Event: 8.516 GC heap before
{Heap before GC invocations=12 (full 3):
 PSYoungGen      total 86528K, used 84536K [0x00000000eab00000, 0x00000000f0f80000, 0x0000000100000000)
  eden space 74240K, 100% used [0x00000000eab00000,0x00000000ef380000,0x00000000ef380000)
  from space 12288K, 83% used [0x00000000f0380000,0x00000000f0d8e058,0x00000000f0f80000)
  to   space 14336K, 0% used [0x00000000ef380000,0x00000000ef380000,0x00000000f0180000)
 ParOldGen       total 130560K, used 31385K [0x00000000c0000000, 0x00000000c7f80000, 0x00000000eab00000)
  object space 130560K, 24% used [0x00000000c0000000,0x00000000c1ea67f8,0x00000000c7f80000)
 Metaspace       used 48399K, capacity 49262K, committed 49536K, reserved 1093632K
  class space    used 6029K, capacity 6214K, committed 6272K, reserved 1048576K

Deoptimization events (10 events):
Event: 6.108 Thread 0x0000000017573000 Uncommon trap: reason=speculate_class_check action=maybe_recompile pc=0x0000000003c00d9c method=java.util.ArrayList.<init>(Ljava/util/Collection;)V @ 36
Event: 6.142 Thread 0x0000000017573000 Uncommon trap: reason=speculate_class_check action=maybe_recompile pc=0x0000000003c00d9c method=java.util.ArrayList.<init>(Ljava/util/Collection;)V @ 36
Event: 6.166 Thread 0x0000000017573000 Uncommon trap: reason=speculate_class_check action=maybe_recompile pc=0x0000000003c00d9c method=java.util.ArrayList.<init>(Ljava/util/Collection;)V @ 36
Event: 6.174 Thread 0x0000000017573000 Uncommon trap: reason=speculate_class_check action=maybe_recompile pc=0x0000000003c00d9c method=java.util.ArrayList.<init>(Ljava/util/Collection;)V @ 36
Event: 6.212 Thread 0x0000000017573000 Uncommon trap: reason=bimorphic action=maybe_recompile pc=0x0000000003467c14 method=org.jetbrains.kotlin.protobuf.CodedOutputStream.refreshBuffer()V @ 28
Event: 6.216 Thread 0x0000000017573000 Uncommon trap: reason=unstable_if action=reinterpret pc=0x00000000032c230c method=org.jetbrains.kotlin.gnu.trove.TObjectHash.index(Ljava/lang/Object;)I @ 54
Event: 6.217 Thread 0x0000000017573000 Uncommon trap: reason=unstable_if action=reinterpret pc=0x0000000003267ad4 method=org.jetbrains.kotlin.gnu.trove.TObjectHash.index(Ljava/lang/Object;)I @ 116
Event: 8.491 Thread 0x000000001952b000 Uncommon trap: reason=null_check action=make_not_entrant pc=0x000000000333a930 method=java.lang.StringCoding.decode(Ljava/lang/String;[BII)[C @ 6
Event: 8.500 Thread 0x000000001952b000 Uncommon trap: reason=unstable_if action=reinterpret pc=0x00000000037a945c method=org.jetbrains.kotlin.gnu.trove.TObjectHash.insertionIndex(Ljava/lang/Object;)I @ 150
Event: 8.500 Thread 0x000000001952b000 Uncommon trap: reason=unstable_if action=reinterpret pc=0x0000000003a93a38 method=org.jetbrains.kotlin.gnu.trove.THash.postInsertHook(Z)V @ 1

Classes redefined (0 events):
No events

Internal exceptions (10 events):
Event: 5.097 Thread 0x0000000017573000 Exception <a 'java/lang/NoSuchMethodError': java.lang.Object.lambda$static$0(I)[Lorg/jetbrains/kotlin/com/intellij/psi/PsiClass;> (0x00000000eb0792f0) thrown at [C:\re\workspace\8-2-build-windows-amd64-cygwin\jdk8u211\12973\hotspot\src\share\vm\interprete
Event: 5.255 Thread 0x0000000017573000 Exception <a 'java/lang/IncompatibleClassChangeError': Found class java.lang.Object, but interface was expected> (0x00000000ebda0a70) thrown at [C:\re\workspace\8-2-build-windows-amd64-cygwin\jdk8u211\12973\hotspot\src\share\vm\interpreter\linkResolver.cp
Event: 5.555 Thread 0x0000000017573000 Implicit null exception at 0x0000000002f9f455 to 0x0000000002f9f625
Event: 5.558 Thread 0x0000000017573000 Implicit null exception at 0x00000000032a07cc to 0x00000000032a0836
Event: 5.698 Thread 0x0000000017573000 Exception <a 'java/lang/NoSuchMethodError': java.lang.Object.lambda$static$0(Ljava/lang/Throwable;Ljava/lang/String;)V> (0x00000000ed306120) thrown at [C:\re\workspace\8-2-build-windows-amd64-cygwin\jdk8u211\12973\hotspot\src\share\vm\interpreter\linkReso
Event: 5.832 Thread 0x0000000017573000 Exception <a 'java/lang/NoSuchMethodError': java.lang.Object.lambda$static$0(Lorg/jetbrains/kotlin/descriptors/ValueParameterDescriptor;Lorg/jetbrains/kotlin/codegen/ExpressionCodegen;)Lorg/jetbrains/kotlin/codegen/StackValue;> (0x00000000edc6b9f8) thrown
Event: 6.116 Thread 0x0000000017573000 Exception <a 'java/lang/NoSuchMethodError': java.lang.Object.lambda$static$0(Ljava/lang/String;)Z> (0x00000000eea18d78) thrown at [C:\re\workspace\8-2-build-windows-amd64-cygwin\jdk8u211\12973\hotspot\src\share\vm\interpreter\linkResolver.cpp, line 620]
Event: 6.116 Thread 0x0000000017573000 Exception <a 'java/lang/NoSuchMethodError': java.lang.Object.lambda$static$1(Ljava/lang/String;)Z> (0x00000000eea1b7b0) thrown at [C:\re\workspace\8-2-build-windows-amd64-cygwin\jdk8u211\12973\hotspot\src\share\vm\interpreter\linkResolver.cpp, line 620]
Event: 8.485 Thread 0x0000000019529800 Exception <a 'java/lang/InterruptedException'> (0x00000000ef182500) thrown at [C:\re\workspace\8-2-build-windows-amd64-cygwin\jdk8u211\12973\hotspot\src\share\vm\runtime\objectMonitor.cpp, line 1684]
Event: 8.491 Thread 0x000000001952b000 Implicit null exception at 0x00000000033380c3 to 0x000000000333a909

Events (10 events):
Event: 8.506 loading class org/jetbrains/kotlin/scripting/compiler/plugin/ScriptiDefinitionsFromClasspathDiscoverySourceKt$discoverScriptTemplatesInClasspath$1 done
Event: 8.506 loading class kotlin/jvm/functions/Function2
Event: 8.506 loading class kotlin/jvm/functions/Function2 done
Event: 8.506 loading class kotlin/coroutines/experimental/jvm/internal/CoroutineImpl
Event: 8.506 loading class kotlin/coroutines/experimental/jvm/internal/CoroutineImpl done
Event: 8.506 loading class kotlin/coroutines/experimental/Continuation
Event: 8.506 loading class kotlin/coroutines/experimental/Continuation done
Event: 8.507 loading class kotlin/coroutines/experimental/SequenceBuilderKt
Event: 8.507 loading class kotlin/coroutines/experimental/SequenceBuilderKt done
Event: 8.516 Executing VM operation: ParallelGCFailedAllocation


Dynamic libraries:
0x00007ff7ce930000 - 0x00007ff7ce967000 	C:\Program Files\Java\jdk1.8.0_211\jre\bin\java.exe
0x00007ff862870000 - 0x00007ff862a5d000 	C:\WINDOWS\SYSTEM32\ntdll.dll
0x00007ff860930000 - 0x00007ff8609e3000 	C:\WINDOWS\System32\KERNEL32.DLL
0x00007ff85f370000 - 0x00007ff85f603000 	C:\WINDOWS\System32\KERNELBASE.dll
0x00007ff860ec0000 - 0x00007ff860f63000 	C:\WINDOWS\System32\ADVAPI32.dll
0x00007ff8604c0000 - 0x00007ff86055e000 	C:\WINDOWS\System32\msvcrt.dll
0x00007ff860890000 - 0x00007ff86092e000 	C:\WINDOWS\System32\sechost.dll
0x00007ff860f70000 - 0x00007ff861092000 	C:\WINDOWS\System32\RPCRT4.dll
0x00007ff860160000 - 0x00007ff8602f7000 	C:\WINDOWS\System32\USER32.dll
0x00007ff85f700000 - 0x00007ff85f720000 	C:\WINDOWS\System32\win32u.dll
0x00007ff862810000 - 0x00007ff862839000 	C:\WINDOWS\System32\GDI32.dll
0x00007ff85f800000 - 0x00007ff85f999000 	C:\WINDOWS\System32\gdi32full.dll
0x00007ff85f610000 - 0x00007ff85f6b0000 	C:\WINDOWS\System32\msvcp_win.dll
0x00007ff85f9a0000 - 0x00007ff85fa9a000 	C:\WINDOWS\System32\ucrtbase.dll
0x00007ff84ae80000 - 0x00007ff84b0f9000 	C:\WINDOWS\WinSxS\amd64_microsoft.windows.common-controls_6595b64144ccf1df_6.0.17763.615_none_05b4414a072024d4\COMCTL32.dll
0x00007ff860560000 - 0x00007ff86088c000 	C:\WINDOWS\System32\combase.dll
0x00007ff85f780000 - 0x00007ff85f7fe000 	C:\WINDOWS\System32\bcryptPrimitives.dll
0x00007ff861170000 - 0x00007ff86119e000 	C:\WINDOWS\System32\IMM32.DLL
0x000000006a710000 - 0x000000006a7e2000 	C:\Program Files\Java\jdk1.8.0_211\jre\bin\msvcr100.dll
0x0000000069e60000 - 0x000000006a705000 	C:\Program Files\Java\jdk1.8.0_211\jre\bin\server\jvm.dll
0x00007ff8611a0000 - 0x00007ff8611a8000 	C:\WINDOWS\System32\PSAPI.DLL
0x00007ff852940000 - 0x00007ff852949000 	C:\WINDOWS\SYSTEM32\WSOCK32.dll
0x00007ff85c860000 - 0x00007ff85c884000 	C:\WINDOWS\SYSTEM32\WINMM.dll
0x00007ff8541b0000 - 0x00007ff8541ba000 	C:\WINDOWS\SYSTEM32\VERSION.dll
0x00007ff861250000 - 0x00007ff8612bd000 	C:\WINDOWS\System32\WS2_32.dll
0x00007ff85c4c0000 - 0x00007ff85c4ed000 	C:\WINDOWS\SYSTEM32\WINMMBASE.dll
0x00007ff85f6b0000 - 0x00007ff85f6fa000 	C:\WINDOWS\System32\cfgmgr32.dll
0x00007ff85c9e0000 - 0x00007ff85c9ef000 	C:\Program Files\Java\jdk1.8.0_211\jre\bin\verify.dll
0x00007ff84d380000 - 0x00007ff84d3a9000 	C:\Program Files\Java\jdk1.8.0_211\jre\bin\java.dll
0x00007ff84cd50000 - 0x00007ff84cd66000 	C:\Program Files\Java\jdk1.8.0_211\jre\bin\zip.dll
0x00007ff8612c0000 - 0x00007ff8627b0000 	C:\WINDOWS\System32\SHELL32.dll
0x00007ff860ca0000 - 0x00007ff860d48000 	C:\WINDOWS\System32\shcore.dll
0x00007ff85e990000 - 0x00007ff85f0da000 	C:\WINDOWS\System32\windows.storage.dll
0x00007ff85e910000 - 0x00007ff85e934000 	C:\WINDOWS\System32\profapi.dll
0x00007ff85e870000 - 0x00007ff85e8cd000 	C:\WINDOWS\System32\powrprof.dll
0x00007ff85fb20000 - 0x00007ff85fb72000 	C:\WINDOWS\System32\shlwapi.dll
0x00007ff85e8f0000 - 0x00007ff85e901000 	C:\WINDOWS\System32\kernel.appcore.dll
0x00007ff85e940000 - 0x00007ff85e957000 	C:\WINDOWS\System32\cryptsp.dll
0x00007ff84d320000 - 0x00007ff84d32d000 	C:\Program Files\Java\jdk1.8.0_211\jre\bin\management.dll
0x00007ff84cd30000 - 0x00007ff84cd4a000 	C:\Program Files\Java\jdk1.8.0_211\jre\bin\net.dll
0x00007ff8534b0000 - 0x00007ff853687000 	C:\WINDOWS\SYSTEM32\urlmon.dll
0x00007ff852ce0000 - 0x00007ff852f88000 	C:\WINDOWS\SYSTEM32\iertutil.dll
0x00007ff85e2b0000 - 0x00007ff85e2bc000 	C:\WINDOWS\SYSTEM32\CRYPTBASE.DLL
0x00007ff85e0e0000 - 0x00007ff85e147000 	C:\WINDOWS\system32\mswsock.dll
0x00007ff84cd10000 - 0x00007ff84cd22000 	C:\Program Files\Java\jdk1.8.0_211\jre\bin\nio.dll
0x00007ff85dca0000 - 0x00007ff85dcd3000 	C:\WINDOWS\system32\rsaenh.dll
0x00007ff85e960000 - 0x00007ff85e986000 	C:\WINDOWS\System32\bcrypt.dll
0x00007ff85e7a0000 - 0x00007ff85e7c8000 	C:\WINDOWS\SYSTEM32\USERENV.dll
0x00007ff85de40000 - 0x00007ff85de7d000 	C:\WINDOWS\SYSTEM32\IPHLPAPI.DLL
0x00007ff860b60000 - 0x00007ff860b68000 	C:\WINDOWS\System32\NSI.dll
0x00007ff857550000 - 0x00007ff857566000 	C:\WINDOWS\SYSTEM32\dhcpcsvc6.DLL
0x00007ff857350000 - 0x00007ff85736c000 	C:\WINDOWS\SYSTEM32\dhcpcsvc.DLL
0x00007ff85de80000 - 0x00007ff85df46000 	C:\WINDOWS\SYSTEM32\DNSAPI.dll
0x00007ff854c60000 - 0x00007ff854e4d000 	C:\WINDOWS\SYSTEM32\dbghelp.dll

VM Arguments:
jvm_args: -Djava.awt.headless=true -Djava.rmi.server.hostname=127.0.0.1 -Xmx1024m -Dkotlin.environment.keepalive 
java_command: org.jetbrains.kotlin.daemon.KotlinCompileDaemon --daemon-runFilesPath C:\Users\user01\AppData\Local\kotlin\daemon --daemon-autoshutdownIdleSeconds=7200 --daemon-compilerClasspath C:\Users\user01\.gradle\caches\modules-2\files-2.1\org.jetbrains.kotlin\kotlin-compiler-embeddable\1.2.71\a79f934bfbc1c7e16638da3474feab351735f1c0\kotlin-compiler-embeddable-1.2.71.jar;C:\Users\user01\.m2\repository\org\jetbrains\kotlin\kotlin-reflect\1.2.71\kotlin-reflect-1.2.71.jar;C:\Users\user01\.m2\repository\org\jetbrains\kotlin\kotlin-stdlib\1.2.71\kotlin-stdlib-1.2.71.jar;C:\Users\user01\.m2\repository\org\jetbrains\kotlin\kotlin-script-runtime\1.2.71\kotlin-script-runtime-1.2.71.jar;C:\Users\user01\.m2\repository\org\jetbrains\kotlin\kotlin-stdlib-common\1.2.71\kotlin-stdlib-common-1.2.71.jar;C:\Users\user01\.m2\repository\org\jetbrains\annotations\13.0\annotations-13.0.jar;C:\Program Files\Java\jdk1.8.0_211\lib\tools.jar
java_class_path (initial): C:\Users\user01\.gradle\caches\modules-2\files-2.1\org.jetbrains.kotlin\kotlin-compiler-embeddable\1.2.71\a79f934bfbc1c7e16638da3474feab351735f1c0\kotlin-compiler-embeddable-1.2.71.jar;C:\Users\user01\.m2\repository\org\jetbrains\kotlin\kotlin-reflect\1.2.71\kotlin-reflect-1.2.71.jar;C:\Users\user01\.m2\repository\org\jetbrains\kotlin\kotlin-stdlib\1.2.71\kotlin-stdlib-1.2.71.jar;C:\Users\user01\.m2\repository\org\jetbrains\kotlin\kotlin-script-runtime\1.2.71\kotlin-script-runtime-1.2.71.jar;C:\Users\user01\.m2\repository\org\jetbrains\kotlin\kotlin-stdlib-common\1.2.71\kotlin-stdlib-common-1.2.71.jar;C:\Users\user01\.m2\repository\org\jetbrains\annotations\13.0\annotations-13.0.jar;C:\Program Files\Java\jdk1.8.0_211\lib\tools.jar
Launcher Type: SUN_STANDARD

Environment Variables:
JAVA_HOME=C:\Program Files\Java\jdk1.8.0_211
PATH=C:\Users\user01\bin;C:\Program Files\Git\mingw64\bin;C:\Program Files\Git\usr\local\bin;C:\Program Files\Git\usr\bin;C:\Program Files\Git\usr\bin;C:\Program Files\Git\mingw64\bin;C:\Program Files\Git\usr\bin;C:\Users\user01\bin;C:\Program Files\JetBrains\IntelliJ IDEA Community Edition 2019.1.3\jbr\bin;C:\Program Files\JetBrains\IntelliJ IDEA Community Edition 2019.1.3\jbr\bin\server;C:\Program Files (x86)\Common Files\Oracle\Java\javapath;C:\WINDOWS\system32;C:\WINDOWS;C:\WINDOWS\System32\Wbem;C:\WINDOWS\System32\WindowsPowerShell\v1.0;C:\WINDOWS\System32\OpenSSH;C:\Program Files\Git\cmd;C:\Program Files\nodejs;C:\Users\user01\AppData\Local\Microsoft\WindowsApps;C:\Users\user01\AppData\Local\Programs\Microsoft VS Code\bin;C:\Users\user01\AppData\Roaming\npm;C:\Program Files\Git\usr\bin\vendor_perl;C:\Program Files\Git\usr\bin\core_perl
USERNAME=user01
SHELL=C:\Program Files\Git\usr\bin\bash.exe
DISPLAY=needs-to-be-defined
OS=Windows_NT
PROCESSOR_IDENTIFIER=Intel64 Family 6 Model 60 Stepping 3, GenuineIntel



---------------  S Y S T E M  ---------------

OS: Windows 10.0 , 64 bit Build 17763 (10.0.17763.475)

CPU:total 4 (initial active 4) (2 cores per cpu, 2 threads per core) family 6 model 60 stepping 3, cmov, cx8, fxsr, mmx, sse, sse2, sse3, ssse3, sse4.1, sse4.2, popcnt, avx, avx2, aes, clmul, erms, lzcnt, ht, tsc, tscinvbit, bmi1, bmi2

Memory: 4k page, physical 8257376k(4007672k free), swap 17290216k(10610736k free)

vm_info: Java HotSpot(TM) 64-Bit Server VM (25.211-b12) for windows-amd64 JRE (1.8.0_211-b12), built on Apr  1 2019 20:53:26 by "java_re" with MS VC++ 10.0 (VS2010)

time: Thu Aug 01 10:00:28 2019
timezone: Malay Peninsula Standard Time
elapsed time: 8 seconds (0d 0h 0m 8s)

