#
# A fatal error has been detected by the Java Runtime Environment:
#
#  EXCEPTION_ACCESS_VIOLATION (0xc0000005) at pc=0x00000000164e00f8, pid=8128, tid=0x0000000000001ee8
#
# JRE version: Java(TM) SE Runtime Environment (8.0_211-b12) (build 1.8.0_211-b12)
# Java VM: Java HotSpot(TM) 64-Bit Server VM (25.211-b12 mixed mode windows-amd64 compressed oops)
# Problematic frame:
# C  0x00000000164e00f8
#
# Failed to write core dump. Minidumps are not enabled by default on client versions of Windows
#
# If you would like to submit a bug report, please visit:
#   http://bugreport.java.com/bugreport/crash.jsp
#

---------------  T H R E A D  ---------------

Current thread (0x0000000002522000):  ConcurrentGCThread [stack: 0x0000000013d90000,0x0000000013e90000] [id=7912]

siginfo: ExceptionCode=0xc0000005, ExceptionInformation=0x0000000000000008 0x00000000164e00f8

Registers:
RAX=0x00000000164e0778, RBX=0x0000000002546b40, RCX=0x0000000100000200, RDX=0x00000000e21212b8
RSP=0x0000000013e8faf8, RBP=0x0000000013e8fc60, RSI=0x0000000000000000, RDI=0x00000000e21212b8
R8 =0x0000000013e8fbf0, R9 =0x0000000100000200, R10=0x0000000000008066, R11=0x00000000024cb980
R12=0x0000000000000001, R13=0x0000000000000000, R14=0x0000000000000000, R15=0x0000000002522838
RIP=0x00000000164e00f8, EFLAGS=0x0000000000010206

Top of Stack: (sp=0x0000000013e8faf8)
0x0000000013e8faf8:   0000000061d24f47 0000000002546b40
0x0000000013e8fb08:   0000000000000000 0000000013e8fc60
0x0000000013e8fb18:   00000000e21212a0 0000000000000040
0x0000000013e8fb28:   0000000061d25b2e 0000000002546b40
0x0000000013e8fb38:   0000000000000040 0000000002546b40
0x0000000013e8fb48:   0000000000000000 00000000024cc7c0
0x0000000013e8fb58:   0000000061d25f4e 00000000e21212b8
0x0000000013e8fb68:   0000000002546b40 0000000000000000
0x0000000013e8fb78:   01d5467fddac49da 0000000000000007
0x0000000013e8fb88:   0000000061a6965e 0000000000000000
0x0000000013e8fb98:   00000000162eba20 00000000025b5c90
0x0000000013e8fba8:   0000000061a7176e 00000000e088ace8
0x0000000013e8fbb8:   0000000013e8fcc0 0000000061fafde8
0x0000000013e8fbc8:   0000000002500658 00000000025005d0
0x0000000013e8fbd8:   0000000002546b40 00000000e2500000
0x0000000013e8fbe8:   00007fff6ea496c1 0000000061fafdf8 

Instructions: (pc=0x00000000164e00f8)
0x00000000164e00d8:   07 07 01 01 01 0c 0c 0c 0c 0c 0c 0c 0c 0c 0c 0a
0x00000000164e00e8:   0a 0a 0a 0a 0a 0a 0a 0a 0a 01 00 00 00 00 00 00
0x00000000164e00f8:   e8 93 f6 61 00 00 00 00 a0 00 4e 16 00 00 00 00
0x00000000164e0108:   d0 de 58 16 00 00 00 00 28 0f 00 00 01 00 00 00 


Register to memory mapping:

RAX={method} {0x00000000164e0780} 'clone' '()Ljava/lang/Object;' in 'java/lang/Object'
RBX=0x0000000002546b40 is an unknown value
RCX=0x0000000100000200 is pointing into metadata
RDX=0x00000000e21212b8 is an oop

[error occurred during error reporting (printing register info), id 0xc0000005]

Stack: [0x0000000013d90000,0x0000000013e90000],  sp=0x0000000013e8faf8,  free space=1022k
Native frames: (J=compiled Java code, j=interpreted, Vv=VM code, C=native code)
C  0x00000000164e00f8


---------------  P R O C E S S  ---------------

Java Threads: ( => current thread )
  0x000000001a319800 JavaThread "Log4j2-TF-1-AsyncLogger[AsyncContextNoThreadLocal@18b4aac2]-1" daemon [_thread_blocked, id=9428, stack(0x000000001aec0000,0x000000001afc0000)]
  0x00000000198a5800 JavaThread "server-timer" daemon [_thread_blocked, id=6096, stack(0x000000001adc0000,0x000000001aec0000)]
  0x0000000018495800 JavaThread "Service Thread" daemon [_thread_blocked, id=5200, stack(0x0000000018b20000,0x0000000018c20000)]
  0x0000000018485000 JavaThread "C1 CompilerThread2" daemon [_thread_blocked, id=11712, stack(0x0000000018a20000,0x0000000018b20000)]
  0x0000000018484000 JavaThread "C2 CompilerThread1" daemon [_thread_in_native, id=2856, stack(0x0000000018920000,0x0000000018a20000)]
  0x000000001846a000 JavaThread "C2 CompilerThread0" daemon [_thread_blocked, id=9540, stack(0x0000000018820000,0x0000000018920000)]
  0x0000000018438800 JavaThread "capsule-comm" daemon [_thread_in_native, id=7112, stack(0x0000000018720000,0x0000000018820000)]
  0x0000000017047000 JavaThread "JolokiaStart" daemon [_thread_blocked, id=4848, stack(0x0000000017d20000,0x0000000017e20000)]
  0x0000000016d50800 JavaThread "JDWP Event Helper Thread" daemon [_thread_blocked, id=9424, stack(0x00000000178e0000,0x00000000179e0000)]
  0x0000000016d47000 JavaThread "JDWP Transport Listener: dt_socket" daemon [_thread_in_native, id=10424, stack(0x00000000177e0000,0x00000000178e0000)]
  0x0000000016d36800 JavaThread "Attach Listener" daemon [_thread_blocked, id=11204, stack(0x00000000176e0000,0x00000000177e0000)]
  0x0000000016d31800 JavaThread "Signal Dispatcher" daemon [_thread_blocked, id=8420, stack(0x00000000175e0000,0x00000000176e0000)]
  0x0000000016d41000 JavaThread "Surrogate Locker Thread (Concurrent GC)" daemon [_thread_blocked, id=10876, stack(0x00000000174e0000,0x00000000175e0000)]
  0x0000000016d15000 JavaThread "Finalizer" daemon [_thread_blocked, id=932, stack(0x00000000172e0000,0x00000000173e0000)]
  0x0000000016d0e800 JavaThread "Reference Handler" daemon [_thread_blocked, id=10236, stack(0x00000000171e0000,0x00000000172e0000)]
  0x00000000024c6000 JavaThread "main" [_thread_in_vm, id=4856, stack(0x00000000023c0000,0x00000000024c0000)]

Other Threads:
  0x0000000016ce7800 VMThread [stack: 0x00000000170e0000,0x00000000171e0000] [id=10472]
  0x00000000184fb800 WatcherThread [stack: 0x0000000019bf0000,0x0000000019cf0000] [id=9300]

=>0x0000000002522000 (exited) ConcurrentGCThread [stack: 0x0000000013d90000,0x0000000013e90000] [id=7912]

VM state:not at safepoint (normal execution)

VM Mutex/Monitor currently owned by a thread: None

heap address: 0x00000000e0000000, size: 512 MB, Compressed Oops mode: 32-bit
Narrow klass base: 0x0000000000000000, Narrow klass shift: 3
Compressed class space size: 1073741824 Address: 0x0000000100000000

Heap:
 garbage-first heap   total 229376K, used 158832K [0x00000000e0000000, 0x00000000e0100700, 0x0000000100000000)
  region size 1024K, 16 young (16384K), 5 survivors (5120K)
 Metaspace       used 17755K, capacity 17978K, committed 18176K, reserved 1064960K
  class space    used 1946K, capacity 2047K, committed 2048K, reserved 1048576K

Heap Regions: (Y=young(eden), SU=young(survivor), HS=humongous(starts), HC=humongous(continues), CS=collection set, F=free, TS=gc time stamp, PTAMS=previous top-at-mark-start, NTAMS=next top-at-mark-start)
AC   0  O    TS     0 PTAMS 0x00000000e0100000 NTAMS 0x00000000e0100000 space 1024K, 100% used [0x00000000e0000000, 0x00000000e0100000)
AC   0 HS    TS     0 PTAMS 0x00000000e0200010 NTAMS 0x00000000e0200010 space 2048K,  50% used [0x00000000e0100000, 0x00000000e0300000)
AC   0 HC    TS     0 PTAMS 0x00000000e0200000 NTAMS 0x00000000e0200000 space 1024K,   0% used [0x00000000e0200000, 0x00000000e0300000)
AC   0 HS    TS     0 PTAMS 0x00000000e0400110 NTAMS 0x00000000e0400110 space 2048K,  50% used [0x00000000e0300000, 0x00000000e0500000)
AC   0 HC    TS     0 PTAMS 0x00000000e0400000 NTAMS 0x00000000e0400000 space 1024K,   0% used [0x00000000e0400000, 0x00000000e0500000)
AC   0  O    TS     0 PTAMS 0x00000000e0600000 NTAMS 0x00000000e0600000 space 1024K, 100% used [0x00000000e0500000, 0x00000000e0600000)
AC   0  O    TS     0 PTAMS 0x00000000e0700000 NTAMS 0x00000000e0700000 space 1024K, 100% used [0x00000000e0600000, 0x00000000e0700000)
AC   0  O    TS     0 PTAMS 0x00000000e0800000 NTAMS 0x00000000e0800000 space 1024K, 100% used [0x00000000e0700000, 0x00000000e0800000)
AC   0  O    TS     0 PTAMS 0x00000000e0900000 NTAMS 0x00000000e0900000 space 1024K, 100% used [0x00000000e0800000, 0x00000000e0900000)
AC   0  O    TS     0 PTAMS 0x00000000e0a00000 NTAMS 0x00000000e0a00000 space 1024K, 100% used [0x00000000e0900000, 0x00000000e0a00000)
AC   0  O    TS     0 PTAMS 0x00000000e0b00000 NTAMS 0x00000000e0b00000 space 1024K, 100% used [0x00000000e0a00000, 0x00000000e0b00000)
AC   0  O    TS     0 PTAMS 0x00000000e0c00000 NTAMS 0x00000000e0c00000 space 1024K, 100% used [0x00000000e0b00000, 0x00000000e0c00000)
AC   0  O    TS     0 PTAMS 0x00000000e0d00000 NTAMS 0x00000000e0d00000 space 1024K, 100% used [0x00000000e0c00000, 0x00000000e0d00000)
AC   0  O    TS     0 PTAMS 0x00000000e0e00000 NTAMS 0x00000000e0e00000 space 1024K, 100% used [0x00000000e0d00000, 0x00000000e0e00000)
AC   0  O    TS     0 PTAMS 0x00000000e0f00000 NTAMS 0x00000000e0f00000 space 1024K, 100% used [0x00000000e0e00000, 0x00000000e0f00000)
AC   0  O    TS     0 PTAMS 0x00000000e1000000 NTAMS 0x00000000e1000000 space 1024K, 100% used [0x00000000e0f00000, 0x00000000e1000000)
AC   0  O    TS     0 PTAMS 0x00000000e1100000 NTAMS 0x00000000e1100000 space 1024K, 100% used [0x00000000e1000000, 0x00000000e1100000)
AC   0  O    TS     0 PTAMS 0x00000000e1200000 NTAMS 0x00000000e1200000 space 1024K, 100% used [0x00000000e1100000, 0x00000000e1200000)
AC   0  O    TS     0 PTAMS 0x00000000e1300000 NTAMS 0x00000000e1300000 space 1024K, 100% used [0x00000000e1200000, 0x00000000e1300000)
AC   0  O    TS     0 PTAMS 0x00000000e1400000 NTAMS 0x00000000e1400000 space 1024K, 100% used [0x00000000e1300000, 0x00000000e1400000)
AC   0  O    TS     0 PTAMS 0x00000000e1500000 NTAMS 0x00000000e1500000 space 1024K, 100% used [0x00000000e1400000, 0x00000000e1500000)
AC   0  O    TS     0 PTAMS 0x00000000e1600000 NTAMS 0x00000000e1600000 space 1024K, 100% used [0x00000000e1500000, 0x00000000e1600000)
AC   0  O    TS     0 PTAMS 0x00000000e1700000 NTAMS 0x00000000e1700000 space 1024K, 100% used [0x00000000e1600000, 0x00000000e1700000)
AC   0  O    TS     0 PTAMS 0x00000000e1800000 NTAMS 0x00000000e1800000 space 1024K, 100% used [0x00000000e1700000, 0x00000000e1800000)
AC   0  O    TS     0 PTAMS 0x00000000e1900000 NTAMS 0x00000000e1900000 space 1024K, 100% used [0x00000000e1800000, 0x00000000e1900000)
AC   0  O    TS     0 PTAMS 0x00000000e1a00000 NTAMS 0x00000000e1a00000 space 1024K, 100% used [0x00000000e1900000, 0x00000000e1a00000)
AC   0  O    TS     0 PTAMS 0x00000000e1b00000 NTAMS 0x00000000e1b00000 space 1024K, 100% used [0x00000000e1a00000, 0x00000000e1b00000)
AC   0  O    TS     0 PTAMS 0x00000000e1c00000 NTAMS 0x00000000e1c00000 space 1024K, 100% used [0x00000000e1b00000, 0x00000000e1c00000)
AC   0  O    TS     0 PTAMS 0x00000000e1d00000 NTAMS 0x00000000e1d00000 space 1024K, 100% used [0x00000000e1c00000, 0x00000000e1d00000)
AC   0  O    TS     0 PTAMS 0x00000000e1e00000 NTAMS 0x00000000e1e00000 space 1024K, 100% used [0x00000000e1d00000, 0x00000000e1e00000)
AC   0  O    TS     0 PTAMS 0x00000000e1f00000 NTAMS 0x00000000e1f00000 space 1024K, 100% used [0x00000000e1e00000, 0x00000000e1f00000)
AC   0  O    TS     0 PTAMS 0x00000000e2000000 NTAMS 0x00000000e2000000 space 1024K, 100% used [0x00000000e1f00000, 0x00000000e2000000)
AC   0  O    TS     0 PTAMS 0x00000000e2100000 NTAMS 0x00000000e2100000 space 1024K, 100% used [0x00000000e2000000, 0x00000000e2100000)
AC   0  O    TS     0 PTAMS 0x00000000e2200000 NTAMS 0x00000000e2200000 space 1024K, 100% used [0x00000000e2100000, 0x00000000e2200000)
AC   0  O    TS     0 PTAMS 0x00000000e2300000 NTAMS 0x00000000e2300000 space 1024K, 100% used [0x00000000e2200000, 0x00000000e2300000)
AC   0  F    TS     0 PTAMS 0x00000000e2300000 NTAMS 0x00000000e2300000 space 1024K,   0% used [0x00000000e2300000, 0x00000000e2400000)
AC   0  O    TS     0 PTAMS 0x00000000e2500000 NTAMS 0x00000000e2500000 space 1024K, 100% used [0x00000000e2400000, 0x00000000e2500000)
AC   0  O    TS     0 PTAMS 0x00000000e2600000 NTAMS 0x00000000e2600000 space 1024K, 100% used [0x00000000e2500000, 0x00000000e2600000)
AC   0  O    TS     0 PTAMS 0x00000000e2700000 NTAMS 0x00000000e2700000 space 1024K, 100% used [0x00000000e2600000, 0x00000000e2700000)
AC   0  O    TS     0 PTAMS 0x00000000e2800000 NTAMS 0x00000000e2800000 space 1024K, 100% used [0x00000000e2700000, 0x00000000e2800000)
AC   0  O    TS     0 PTAMS 0x00000000e2900000 NTAMS 0x00000000e2900000 space 1024K, 100% used [0x00000000e2800000, 0x00000000e2900000)
AC   0  O    TS     0 PTAMS 0x00000000e2a00000 NTAMS 0x00000000e2a00000 space 1024K, 100% used [0x00000000e2900000, 0x00000000e2a00000)
AC   0  O    TS     0 PTAMS 0x00000000e2b00000 NTAMS 0x00000000e2b00000 space 1024K, 100% used [0x00000000e2a00000, 0x00000000e2b00000)
AC   0  O    TS     0 PTAMS 0x00000000e2c00000 NTAMS 0x00000000e2c00000 space 1024K, 100% used [0x00000000e2b00000, 0x00000000e2c00000)
AC   0  O    TS     0 PTAMS 0x00000000e2d00000 NTAMS 0x00000000e2d00000 space 1024K, 100% used [0x00000000e2c00000, 0x00000000e2d00000)
AC   0  O    TS     0 PTAMS 0x00000000e2e00000 NTAMS 0x00000000e2e00000 space 1024K, 100% used [0x00000000e2d00000, 0x00000000e2e00000)
AC   0  O    TS     0 PTAMS 0x00000000e2f00000 NTAMS 0x00000000e2f00000 space 1024K, 100% used [0x00000000e2e00000, 0x00000000e2f00000)
AC   0  O    TS     0 PTAMS 0x00000000e3000000 NTAMS 0x00000000e3000000 space 1024K, 100% used [0x00000000e2f00000, 0x00000000e3000000)
AC   0  O    TS     0 PTAMS 0x00000000e3100000 NTAMS 0x00000000e3100000 space 1024K, 100% used [0x00000000e3000000, 0x00000000e3100000)
AC   0  O    TS     0 PTAMS 0x00000000e3200000 NTAMS 0x00000000e3200000 space 1024K, 100% used [0x00000000e3100000, 0x00000000e3200000)
AC   0  O    TS     0 PTAMS 0x00000000e3300000 NTAMS 0x00000000e3300000 space 1024K, 100% used [0x00000000e3200000, 0x00000000e3300000)
AC   0  O    TS     0 PTAMS 0x00000000e3400000 NTAMS 0x00000000e3400000 space 1024K, 100% used [0x00000000e3300000, 0x00000000e3400000)
AC   0  O    TS     0 PTAMS 0x00000000e3500000 NTAMS 0x00000000e3500000 space 1024K, 100% used [0x00000000e3400000, 0x00000000e3500000)
AC   0  O    TS     0 PTAMS 0x00000000e3600000 NTAMS 0x00000000e3600000 space 1024K, 100% used [0x00000000e3500000, 0x00000000e3600000)
AC   0  O    TS     0 PTAMS 0x00000000e3700000 NTAMS 0x00000000e3700000 space 1024K, 100% used [0x00000000e3600000, 0x00000000e3700000)
AC   0  O    TS     0 PTAMS 0x00000000e3800000 NTAMS 0x00000000e3800000 space 1024K, 100% used [0x00000000e3700000, 0x00000000e3800000)
AC   0  O    TS     0 PTAMS 0x00000000e3900000 NTAMS 0x00000000e3900000 space 1024K, 100% used [0x00000000e3800000, 0x00000000e3900000)
AC   0  O    TS     0 PTAMS 0x00000000e3980008 NTAMS 0x00000000e3a00000 space 1024K, 100% used [0x00000000e3900000, 0x00000000e3a00000)
AC   0  O    TS     0 PTAMS 0x00000000e3a00000 NTAMS 0x00000000e3b00000 space 1024K, 100% used [0x00000000e3a00000, 0x00000000e3b00000)
AC   0  O    TS     0 PTAMS 0x00000000e3c00000 NTAMS 0x00000000e3c00000 space 1024K, 100% used [0x00000000e3b00000, 0x00000000e3c00000)
AC   0  O    TS     0 PTAMS 0x00000000e3d00000 NTAMS 0x00000000e3d00000 space 1024K, 100% used [0x00000000e3c00000, 0x00000000e3d00000)
AC   0  O    TS     0 PTAMS 0x00000000e3e00000 NTAMS 0x00000000e3e00000 space 1024K, 100% used [0x00000000e3d00000, 0x00000000e3e00000)
AC   0  O    TS     0 PTAMS 0x00000000e3f00000 NTAMS 0x00000000e3f00000 space 1024K, 100% used [0x00000000e3e00000, 0x00000000e3f00000)
AC   0  O    TS     0 PTAMS 0x00000000e4000000 NTAMS 0x00000000e4000000 space 1024K, 100% used [0x00000000e3f00000, 0x00000000e4000000)
AC   0  O    TS     0 PTAMS 0x00000000e4100000 NTAMS 0x00000000e4100000 space 1024K, 100% used [0x00000000e4000000, 0x00000000e4100000)
AC   0  O    TS     0 PTAMS 0x00000000e4200000 NTAMS 0x00000000e4200000 space 1024K, 100% used [0x00000000e4100000, 0x00000000e4200000)
AC   0  O    TS     0 PTAMS 0x00000000e4300000 NTAMS 0x00000000e4300000 space 1024K, 100% used [0x00000000e4200000, 0x00000000e4300000)
AC   0  O    TS     0 PTAMS 0x00000000e4400000 NTAMS 0x00000000e4400000 space 1024K, 100% used [0x00000000e4300000, 0x00000000e4400000)
AC   0  O    TS     0 PTAMS 0x00000000e4500000 NTAMS 0x00000000e4500000 space 1024K, 100% used [0x00000000e4400000, 0x00000000e4500000)
AC   0  O    TS     0 PTAMS 0x00000000e4600000 NTAMS 0x00000000e4600000 space 1024K, 100% used [0x00000000e4500000, 0x00000000e4600000)
AC   0  O    TS     0 PTAMS 0x00000000e4700000 NTAMS 0x00000000e4700000 space 1024K, 100% used [0x00000000e4600000, 0x00000000e4700000)
AC   0  O    TS     0 PTAMS 0x00000000e4800000 NTAMS 0x00000000e4800000 space 1024K, 100% used [0x00000000e4700000, 0x00000000e4800000)
AC   0  O    TS     0 PTAMS 0x00000000e4900000 NTAMS 0x00000000e4900000 space 1024K, 100% used [0x00000000e4800000, 0x00000000e4900000)
AC   0  O    TS     0 PTAMS 0x00000000e4900000 NTAMS 0x00000000e4a00000 space 1024K, 100% used [0x00000000e4900000, 0x00000000e4a00000)
AC   0  O    TS     0 PTAMS 0x00000000e4a00000 NTAMS 0x00000000e4b00000 space 1024K, 100% used [0x00000000e4a00000, 0x00000000e4b00000)
AC   0  O    TS     0 PTAMS 0x00000000e4b00000 NTAMS 0x00000000e4c00000 space 1024K, 100% used [0x00000000e4b00000, 0x00000000e4c00000)
AC   0  O    TS     0 PTAMS 0x00000000e4c00000 NTAMS 0x00000000e4d00000 space 1024K, 100% used [0x00000000e4c00000, 0x00000000e4d00000)
AC   0  O    TS     0 PTAMS 0x00000000e4d00000 NTAMS 0x00000000e4e00000 space 1024K, 100% used [0x00000000e4d00000, 0x00000000e4e00000)
AC   0  O    TS     0 PTAMS 0x00000000e4e00000 NTAMS 0x00000000e4f00000 space 1024K, 100% used [0x00000000e4e00000, 0x00000000e4f00000)
AC   0  O    TS     0 PTAMS 0x00000000e4f00000 NTAMS 0x00000000e5000000 space 1024K, 100% used [0x00000000e4f00000, 0x00000000e5000000)
AC   0  O    TS     0 PTAMS 0x00000000e5000000 NTAMS 0x00000000e5100000 space 1024K, 100% used [0x00000000e5000000, 0x00000000e5100000)
AC   0  O    TS     0 PTAMS 0x00000000e5100000 NTAMS 0x00000000e5200000 space 1024K, 100% used [0x00000000e5100000, 0x00000000e5200000)
AC   0  O    TS     0 PTAMS 0x00000000e5200000 NTAMS 0x00000000e5300000 space 1024K, 100% used [0x00000000e5200000, 0x00000000e5300000)
AC   0  O    TS     0 PTAMS 0x00000000e5300000 NTAMS 0x00000000e5400000 space 1024K, 100% used [0x00000000e5300000, 0x00000000e5400000)
AC   0  O    TS     0 PTAMS 0x00000000e5400000 NTAMS 0x00000000e5500000 space 1024K, 100% used [0x00000000e5400000, 0x00000000e5500000)
AC   0  O    TS     0 PTAMS 0x00000000e5500000 NTAMS 0x00000000e5600000 space 1024K, 100% used [0x00000000e5500000, 0x00000000e5600000)
AC   0  O    TS     0 PTAMS 0x00000000e5600000 NTAMS 0x00000000e5700000 space 1024K, 100% used [0x00000000e5600000, 0x00000000e5700000)
AC   0  O    TS     0 PTAMS 0x00000000e5700000 NTAMS 0x00000000e5800000 space 1024K, 100% used [0x00000000e5700000, 0x00000000e5800000)
AC   0  O    TS     0 PTAMS 0x00000000e5800000 NTAMS 0x00000000e5900000 space 1024K, 100% used [0x00000000e5800000, 0x00000000e5900000)
AC   0  O    TS     0 PTAMS 0x00000000e5900000 NTAMS 0x00000000e5a00000 space 1024K, 100% used [0x00000000e5900000, 0x00000000e5a00000)
AC   0  O    TS     0 PTAMS 0x00000000e5a00000 NTAMS 0x00000000e5b00000 space 1024K, 100% used [0x00000000e5a00000, 0x00000000e5b00000)
AC   0  O    TS     0 PTAMS 0x00000000e5b00000 NTAMS 0x00000000e5c00000 space 1024K, 100% used [0x00000000e5b00000, 0x00000000e5c00000)
AC   0  O    TS     0 PTAMS 0x00000000e5c00000 NTAMS 0x00000000e5d00000 space 1024K, 100% used [0x00000000e5c00000, 0x00000000e5d00000)
AC   0  O    TS     0 PTAMS 0x00000000e5d00000 NTAMS 0x00000000e5e00000 space 1024K, 100% used [0x00000000e5d00000, 0x00000000e5e00000)
AC   0  O    TS     0 PTAMS 0x00000000e5e00000 NTAMS 0x00000000e5f00000 space 1024K, 100% used [0x00000000e5e00000, 0x00000000e5f00000)
AC   0  O    TS     0 PTAMS 0x00000000e5f00000 NTAMS 0x00000000e6000000 space 1024K, 100% used [0x00000000e5f00000, 0x00000000e6000000)
AC   0  O    TS     0 PTAMS 0x00000000e6000000 NTAMS 0x00000000e6100000 space 1024K, 100% used [0x00000000e6000000, 0x00000000e6100000)
AC   0  O    TS     0 PTAMS 0x00000000e6100000 NTAMS 0x00000000e6200000 space 1024K, 100% used [0x00000000e6100000, 0x00000000e6200000)
AC   0  O    TS     0 PTAMS 0x00000000e6200000 NTAMS 0x00000000e6300000 space 1024K, 100% used [0x00000000e6200000, 0x00000000e6300000)
AC   0  O    TS     0 PTAMS 0x00000000e6300000 NTAMS 0x00000000e6400000 space 1024K, 100% used [0x00000000e6300000, 0x00000000e6400000)
AC   0  O    TS     0 PTAMS 0x00000000e6400000 NTAMS 0x00000000e6500000 space 1024K, 100% used [0x00000000e6400000, 0x00000000e6500000)
AC   0  O    TS     0 PTAMS 0x00000000e6500000 NTAMS 0x00000000e6600000 space 1024K, 100% used [0x00000000e6500000, 0x00000000e6600000)
AC   0  O    TS     0 PTAMS 0x00000000e6600000 NTAMS 0x00000000e6700000 space 1024K, 100% used [0x00000000e6600000, 0x00000000e6700000)
AC   0  O    TS     0 PTAMS 0x00000000e6700000 NTAMS 0x00000000e6800000 space 1024K, 100% used [0x00000000e6700000, 0x00000000e6800000)
AC   0  O    TS     0 PTAMS 0x00000000e6800000 NTAMS 0x00000000e6900000 space 1024K, 100% used [0x00000000e6800000, 0x00000000e6900000)
AC   0  O    TS     0 PTAMS 0x00000000e6900000 NTAMS 0x00000000e6a00000 space 1024K, 100% used [0x00000000e6900000, 0x00000000e6a00000)
AC   0  O    TS     0 PTAMS 0x00000000e6a00000 NTAMS 0x00000000e6b00000 space 1024K, 100% used [0x00000000e6a00000, 0x00000000e6b00000)
AC   0  O    TS     0 PTAMS 0x00000000e6b00000 NTAMS 0x00000000e6c00000 space 1024K, 100% used [0x00000000e6b00000, 0x00000000e6c00000)
AC   0  O    TS     0 PTAMS 0x00000000e6c00000 NTAMS 0x00000000e6d00000 space 1024K, 100% used [0x00000000e6c00000, 0x00000000e6d00000)
AC   0  O    TS     0 PTAMS 0x00000000e6d00000 NTAMS 0x00000000e6e00000 space 1024K, 100% used [0x00000000e6d00000, 0x00000000e6e00000)
AC   0  O    TS     0 PTAMS 0x00000000e6e00000 NTAMS 0x00000000e6f00000 space 1024K, 100% used [0x00000000e6e00000, 0x00000000e6f00000)
AC   0  O    TS     0 PTAMS 0x00000000e6f00000 NTAMS 0x00000000e7000000 space 1024K, 100% used [0x00000000e6f00000, 0x00000000e7000000)
AC   0  O    TS     0 PTAMS 0x00000000e7000000 NTAMS 0x00000000e7100000 space 1024K, 100% used [0x00000000e7000000, 0x00000000e7100000)
AC   0  O    TS     0 PTAMS 0x00000000e7100000 NTAMS 0x00000000e7200000 space 1024K, 100% used [0x00000000e7100000, 0x00000000e7200000)
AC   0  O    TS     0 PTAMS 0x00000000e7200000 NTAMS 0x00000000e7300000 space 1024K, 100% used [0x00000000e7200000, 0x00000000e7300000)
AC   0  O    TS     0 PTAMS 0x00000000e7300000 NTAMS 0x00000000e7400000 space 1024K, 100% used [0x00000000e7300000, 0x00000000e7400000)
AC   0  O    TS     0 PTAMS 0x00000000e7400000 NTAMS 0x00000000e7500000 space 1024K, 100% used [0x00000000e7400000, 0x00000000e7500000)
AC   0  O    TS     0 PTAMS 0x00000000e7500000 NTAMS 0x00000000e7600000 space 1024K, 100% used [0x00000000e7500000, 0x00000000e7600000)
AC   0  F    TS     3 PTAMS 0x00000000e7600000 NTAMS 0x00000000e7600000 space 1024K,   0% used [0x00000000e7600000, 0x00000000e7700000)
AC   0  F    TS     1 PTAMS 0x00000000e7700000 NTAMS 0x00000000e7700000 space 1024K,   0% used [0x00000000e7700000, 0x00000000e7800000)
AC   0  F    TS     0 PTAMS 0x00000000e7800000 NTAMS 0x00000000e7800000 space 1024K,   0% used [0x00000000e7800000, 0x00000000e7900000)
AC   0  F    TS     0 PTAMS 0x00000000e7900000 NTAMS 0x00000000e7900000 space 1024K,   0% used [0x00000000e7900000, 0x00000000e7a00000)
AC   0  F    TS     0 PTAMS 0x00000000e7a00000 NTAMS 0x00000000e7a00000 space 1024K,   0% used [0x00000000e7a00000, 0x00000000e7b00000)
AC   0  F    TS     0 PTAMS 0x00000000e7b00000 NTAMS 0x00000000e7b00000 space 1024K,   0% used [0x00000000e7b00000, 0x00000000e7c00000)
AC   0  F    TS     0 PTAMS 0x00000000e7c00000 NTAMS 0x00000000e7c00000 space 1024K,   0% used [0x00000000e7c00000, 0x00000000e7d00000)
AC   0  F    TS     0 PTAMS 0x00000000e7d00000 NTAMS 0x00000000e7d00000 space 1024K,   0% used [0x00000000e7d00000, 0x00000000e7e00000)
AC   0  O    TS     0 PTAMS 0x00000000e7f00000 NTAMS 0x00000000e7f00000 space 1024K, 100% used [0x00000000e7e00000, 0x00000000e7f00000)
AC   0  O    TS     0 PTAMS 0x00000000e8000000 NTAMS 0x00000000e8000000 space 1024K, 100% used [0x00000000e7f00000, 0x00000000e8000000)
AC   0  O    TS     0 PTAMS 0x00000000e8100000 NTAMS 0x00000000e8100000 space 1024K, 100% used [0x00000000e8000000, 0x00000000e8100000)
AC   0  O    TS     0 PTAMS 0x00000000e8200000 NTAMS 0x00000000e8200000 space 1024K, 100% used [0x00000000e8100000, 0x00000000e8200000)
AC   0  O    TS     0 PTAMS 0x00000000e8300000 NTAMS 0x00000000e8300000 space 1024K, 100% used [0x00000000e8200000, 0x00000000e8300000)
AC   0  O    TS     0 PTAMS 0x00000000e8400000 NTAMS 0x00000000e8400000 space 1024K, 100% used [0x00000000e8300000, 0x00000000e8400000)
AC   0  O    TS     0 PTAMS 0x00000000e8500000 NTAMS 0x00000000e8500000 space 1024K, 100% used [0x00000000e8400000, 0x00000000e8500000)
AC   0  O    TS     0 PTAMS 0x00000000e8600000 NTAMS 0x00000000e8600000 space 1024K, 100% used [0x00000000e8500000, 0x00000000e8600000)
AC   0  O    TS     0 PTAMS 0x00000000e8700000 NTAMS 0x00000000e8700000 space 1024K, 100% used [0x00000000e8600000, 0x00000000e8700000)
AC   0  O    TS     0 PTAMS 0x00000000e8800000 NTAMS 0x00000000e8800000 space 1024K, 100% used [0x00000000e8700000, 0x00000000e8800000)
AC   0  O    TS     0 PTAMS 0x00000000e8900000 NTAMS 0x00000000e8900000 space 1024K, 100% used [0x00000000e8800000, 0x00000000e8900000)
AC   0  O    TS     0 PTAMS 0x00000000e8a00000 NTAMS 0x00000000e8a00000 space 1024K, 100% used [0x00000000e8900000, 0x00000000e8a00000)
AC   0  O    TS     0 PTAMS 0x00000000e8b00000 NTAMS 0x00000000e8b00000 space 1024K, 100% used [0x00000000e8a00000, 0x00000000e8b00000)
AC   0  O    TS     0 PTAMS 0x00000000e8c00000 NTAMS 0x00000000e8c00000 space 1024K, 100% used [0x00000000e8b00000, 0x00000000e8c00000)
AC   0  O    TS     0 PTAMS 0x00000000e8d00000 NTAMS 0x00000000e8d00000 space 1024K, 100% used [0x00000000e8c00000, 0x00000000e8d00000)
AC   0  O    TS     0 PTAMS 0x00000000e8e00000 NTAMS 0x00000000e8e00000 space 1024K, 100% used [0x00000000e8d00000, 0x00000000e8e00000)
AC   0  O    TS     0 PTAMS 0x00000000e8f00000 NTAMS 0x00000000e8f00000 space 1024K, 100% used [0x00000000e8e00000, 0x00000000e8f00000)
AC   0  O    TS     0 PTAMS 0x00000000e9000000 NTAMS 0x00000000e9000000 space 1024K, 100% used [0x00000000e8f00000, 0x00000000e9000000)
AC   0  O    TS     0 PTAMS 0x00000000e9100000 NTAMS 0x00000000e9100000 space 1024K, 100% used [0x00000000e9000000, 0x00000000e9100000)
AC   0  O    TS     0 PTAMS 0x00000000e9200000 NTAMS 0x00000000e9200000 space 1024K, 100% used [0x00000000e9100000, 0x00000000e9200000)
AC   0  O    TS     0 PTAMS 0x00000000e9300000 NTAMS 0x00000000e9300000 space 1024K, 100% used [0x00000000e9200000, 0x00000000e9300000)
AC   0  O    TS     0 PTAMS 0x00000000e9400000 NTAMS 0x00000000e9400000 space 1024K, 100% used [0x00000000e9300000, 0x00000000e9400000)
AC   0  O    TS     0 PTAMS 0x00000000e9500000 NTAMS 0x00000000e9500000 space 1024K, 100% used [0x00000000e9400000, 0x00000000e9500000)
AC   0  O    TS     0 PTAMS 0x00000000e9600000 NTAMS 0x00000000e9600000 space 1024K, 100% used [0x00000000e9500000, 0x00000000e9600000)
AC   0  O    TS     0 PTAMS 0x00000000e9600000 NTAMS 0x00000000e9700000 space 1024K, 100% used [0x00000000e9600000, 0x00000000e9700000)
AC   0  O    TS     0 PTAMS 0x00000000e9700000 NTAMS 0x00000000e9800000 space 1024K, 100% used [0x00000000e9700000, 0x00000000e9800000)
AC   0  F    TS     3 PTAMS 0x00000000e9800000 NTAMS 0x00000000e9800000 space 1024K,   0% used [0x00000000e9800000, 0x00000000e9900000)
AC   0  F    TS     3 PTAMS 0x00000000e9900000 NTAMS 0x00000000e9900000 space 1024K,   0% used [0x00000000e9900000, 0x00000000e9a00000)
AC   0  F    TS     3 PTAMS 0x00000000e9a00000 NTAMS 0x00000000e9a00000 space 1024K,   0% used [0x00000000e9a00000, 0x00000000e9b00000)
AC   0  F    TS     3 PTAMS 0x00000000e9b00000 NTAMS 0x00000000e9b00000 space 1024K,   0% used [0x00000000e9b00000, 0x00000000e9c00000)
AC   0  F    TS     3 PTAMS 0x00000000e9c00000 NTAMS 0x00000000e9c00000 space 1024K,   0% used [0x00000000e9c00000, 0x00000000e9d00000)
AC   0  F    TS     3 PTAMS 0x00000000e9d00000 NTAMS 0x00000000e9d00000 space 1024K,   0% used [0x00000000e9d00000, 0x00000000e9e00000)
AC   0  F    TS     3 PTAMS 0x00000000e9e00000 NTAMS 0x00000000e9e00000 space 1024K,   0% used [0x00000000e9e00000, 0x00000000e9f00000)
AC   0  F    TS     3 PTAMS 0x00000000e9f00000 NTAMS 0x00000000e9f00000 space 1024K,   0% used [0x00000000e9f00000, 0x00000000ea000000)
AC   0  F    TS     3 PTAMS 0x00000000ea000000 NTAMS 0x00000000ea000000 space 1024K,   0% used [0x00000000ea000000, 0x00000000ea100000)
AC   0  F    TS     3 PTAMS 0x00000000ea100000 NTAMS 0x00000000ea100000 space 1024K,   0% used [0x00000000ea100000, 0x00000000ea200000)
AC   0  F    TS     3 PTAMS 0x00000000ea200000 NTAMS 0x00000000ea200000 space 1024K,   0% used [0x00000000ea200000, 0x00000000ea300000)
AC   0  F    TS     3 PTAMS 0x00000000ea300000 NTAMS 0x00000000ea300000 space 1024K,   0% used [0x00000000ea300000, 0x00000000ea400000)
AC   0  F    TS     3 PTAMS 0x00000000ea400000 NTAMS 0x00000000ea400000 space 1024K,   0% used [0x00000000ea400000, 0x00000000ea500000)
AC   0  F    TS     3 PTAMS 0x00000000ea500000 NTAMS 0x00000000ea500000 space 1024K,   0% used [0x00000000ea500000, 0x00000000ea600000)
AC   0  F    TS     3 PTAMS 0x00000000ea600000 NTAMS 0x00000000ea600000 space 1024K,   0% used [0x00000000ea600000, 0x00000000ea700000)
AC   0  F    TS     3 PTAMS 0x00000000ea700000 NTAMS 0x00000000ea700000 space 1024K,   0% used [0x00000000ea700000, 0x00000000ea800000)
AC   0  F    TS     3 PTAMS 0x00000000ea800000 NTAMS 0x00000000ea800000 space 1024K,   0% used [0x00000000ea800000, 0x00000000ea900000)
AC   0  F    TS     3 PTAMS 0x00000000ea900000 NTAMS 0x00000000ea900000 space 1024K,   0% used [0x00000000ea900000, 0x00000000eaa00000)
AC   0  F    TS     3 PTAMS 0x00000000eaa00000 NTAMS 0x00000000eaa00000 space 1024K,   0% used [0x00000000eaa00000, 0x00000000eab00000)
AC   0  F    TS     3 PTAMS 0x00000000eab00000 NTAMS 0x00000000eab00000 space 1024K,   0% used [0x00000000eab00000, 0x00000000eac00000)
AC   0  F    TS     3 PTAMS 0x00000000eac00000 NTAMS 0x00000000eac00000 space 1024K,   0% used [0x00000000eac00000, 0x00000000ead00000)
AC   0  F    TS     3 PTAMS 0x00000000ead00000 NTAMS 0x00000000ead00000 space 1024K,   0% used [0x00000000ead00000, 0x00000000eae00000)
AC   0  F    TS     3 PTAMS 0x00000000eae00000 NTAMS 0x00000000eae00000 space 1024K,   0% used [0x00000000eae00000, 0x00000000eaf00000)
AC   0  F    TS     3 PTAMS 0x00000000eaf00000 NTAMS 0x00000000eaf00000 space 1024K,   0% used [0x00000000eaf00000, 0x00000000eb000000)
AC   0  F    TS     3 PTAMS 0x00000000eb000000 NTAMS 0x00000000eb000000 space 1024K,   0% used [0x00000000eb000000, 0x00000000eb100000)
AC   0  F    TS     3 PTAMS 0x00000000eb100000 NTAMS 0x00000000eb100000 space 1024K,   0% used [0x00000000eb100000, 0x00000000eb200000)
AC   0  F    TS     3 PTAMS 0x00000000eb200000 NTAMS 0x00000000eb200000 space 1024K,   0% used [0x00000000eb200000, 0x00000000eb300000)
AC   0  F    TS     3 PTAMS 0x00000000eb300000 NTAMS 0x00000000eb300000 space 1024K,   0% used [0x00000000eb300000, 0x00000000eb400000)
AC   0  F    TS     3 PTAMS 0x00000000eb400000 NTAMS 0x00000000eb400000 space 1024K,   0% used [0x00000000eb400000, 0x00000000eb500000)
AC   0  F    TS     3 PTAMS 0x00000000eb500000 NTAMS 0x00000000eb500000 space 1024K,   0% used [0x00000000eb500000, 0x00000000eb600000)
AC   0  S CS TS     5 PTAMS 0x00000000eb600000 NTAMS 0x00000000eb600000 space 1024K,  10% used [0x00000000eb600000, 0x00000000eb700000)
AC   0  S CS TS     5 PTAMS 0x00000000eb700000 NTAMS 0x00000000eb700000 space 1024K, 100% used [0x00000000eb700000, 0x00000000eb800000)
AC   0  S CS TS     5 PTAMS 0x00000000eb800000 NTAMS 0x00000000eb800000 space 1024K, 100% used [0x00000000eb800000, 0x00000000eb900000)
AC   0  S CS TS     5 PTAMS 0x00000000eb900000 NTAMS 0x00000000eb900000 space 1024K, 100% used [0x00000000eb900000, 0x00000000eba00000)
AC   0  S CS TS     5 PTAMS 0x00000000eba00000 NTAMS 0x00000000eba00000 space 1024K, 100% used [0x00000000eba00000, 0x00000000ebb00000)
AC   0  F    TS     3 PTAMS 0x00000000ebb00000 NTAMS 0x00000000ebb00000 space 1024K,   0% used [0x00000000ebb00000, 0x00000000ebc00000)
AC   0  F    TS     3 PTAMS 0x00000000ebc00000 NTAMS 0x00000000ebc00000 space 1024K,   0% used [0x00000000ebc00000, 0x00000000ebd00000)
AC   0  F    TS     3 PTAMS 0x00000000ebd00000 NTAMS 0x00000000ebd00000 space 1024K,   0% used [0x00000000ebd00000, 0x00000000ebe00000)
AC   0  F    TS     3 PTAMS 0x00000000ebe00000 NTAMS 0x00000000ebe00000 space 1024K,   0% used [0x00000000ebe00000, 0x00000000ebf00000)
AC   0  F    TS     3 PTAMS 0x00000000ebf00000 NTAMS 0x00000000ebf00000 space 1024K,   0% used [0x00000000ebf00000, 0x00000000ec000000)
AC   0  F    TS     3 PTAMS 0x00000000ec000000 NTAMS 0x00000000ec000000 space 1024K,   0% used [0x00000000ec000000, 0x00000000ec100000)
AC   0  F    TS     3 PTAMS 0x00000000ec100000 NTAMS 0x00000000ec100000 space 1024K,   0% used [0x00000000ec100000, 0x00000000ec200000)
AC   0  F    TS     3 PTAMS 0x00000000ec200000 NTAMS 0x00000000ec200000 space 1024K,   0% used [0x00000000ec200000, 0x00000000ec300000)
AC   0  F    TS     3 PTAMS 0x00000000ec300000 NTAMS 0x00000000ec300000 space 1024K,   0% used [0x00000000ec300000, 0x00000000ec400000)
AC   0  F    TS     3 PTAMS 0x00000000ec400000 NTAMS 0x00000000ec400000 space 1024K,   0% used [0x00000000ec400000, 0x00000000ec500000)
AC   0  F    TS     3 PTAMS 0x00000000ec500000 NTAMS 0x00000000ec500000 space 1024K,   0% used [0x00000000ec500000, 0x00000000ec600000)
AC   0  F    TS     3 PTAMS 0x00000000ec600000 NTAMS 0x00000000ec600000 space 1024K,   0% used [0x00000000ec600000, 0x00000000ec700000)
AC   0  F    TS     3 PTAMS 0x00000000ec700000 NTAMS 0x00000000ec700000 space 1024K,   0% used [0x00000000ec700000, 0x00000000ec800000)
AC   0  F    TS     3 PTAMS 0x00000000ec800000 NTAMS 0x00000000ec800000 space 1024K,   0% used [0x00000000ec800000, 0x00000000ec900000)
AC   0  F    TS     3 PTAMS 0x00000000ec900000 NTAMS 0x00000000ec900000 space 1024K,   0% used [0x00000000ec900000, 0x00000000eca00000)
AC   0  F    TS     3 PTAMS 0x00000000eca00000 NTAMS 0x00000000eca00000 space 1024K,   0% used [0x00000000eca00000, 0x00000000ecb00000)
AC   0  F    TS     3 PTAMS 0x00000000ecb00000 NTAMS 0x00000000ecb00000 space 1024K,   0% used [0x00000000ecb00000, 0x00000000ecc00000)
AC   0  F    TS     3 PTAMS 0x00000000ecc00000 NTAMS 0x00000000ecc00000 space 1024K,   0% used [0x00000000ecc00000, 0x00000000ecd00000)
AC   0  F    TS     3 PTAMS 0x00000000ecd00000 NTAMS 0x00000000ecd00000 space 1024K,   0% used [0x00000000ecd00000, 0x00000000ece00000)
AC   0  F    TS     3 PTAMS 0x00000000ece00000 NTAMS 0x00000000ece00000 space 1024K,   0% used [0x00000000ece00000, 0x00000000ecf00000)
AC   0  F    TS     3 PTAMS 0x00000000ecf00000 NTAMS 0x00000000ecf00000 space 1024K,   0% used [0x00000000ecf00000, 0x00000000ed000000)
AC   0  F    TS     3 PTAMS 0x00000000ed000000 NTAMS 0x00000000ed000000 space 1024K,   0% used [0x00000000ed000000, 0x00000000ed100000)
AC   0  F    TS     3 PTAMS 0x00000000ed100000 NTAMS 0x00000000ed100000 space 1024K,   0% used [0x00000000ed100000, 0x00000000ed200000)
AC   0  F    TS     3 PTAMS 0x00000000ed200000 NTAMS 0x00000000ed200000 space 1024K,   0% used [0x00000000ed200000, 0x00000000ed300000)
AC   0  F    TS     3 PTAMS 0x00000000ed300000 NTAMS 0x00000000ed300000 space 1024K,   0% used [0x00000000ed300000, 0x00000000ed400000)
AC   0  F    TS     3 PTAMS 0x00000000ed400000 NTAMS 0x00000000ed400000 space 1024K,   0% used [0x00000000ed400000, 0x00000000ed500000)
AC   0  E    TS     3 PTAMS 0x00000000ed500000 NTAMS 0x00000000ed500000 space 1024K,  62% used [0x00000000ed500000, 0x00000000ed600000)
AC   0  E CS TS     3 PTAMS 0x00000000ed600000 NTAMS 0x00000000ed600000 space 1024K, 100% used [0x00000000ed600000, 0x00000000ed700000)
AC   0  E CS TS     3 PTAMS 0x00000000ed700000 NTAMS 0x00000000ed700000 space 1024K, 100% used [0x00000000ed700000, 0x00000000ed800000)
AC   0  E CS TS     3 PTAMS 0x00000000ed800000 NTAMS 0x00000000ed800000 space 1024K, 100% used [0x00000000ed800000, 0x00000000ed900000)
AC   0  E CS TS     3 PTAMS 0x00000000ed900000 NTAMS 0x00000000ed900000 space 1024K, 100% used [0x00000000ed900000, 0x00000000eda00000)
AC   0  E CS TS     3 PTAMS 0x00000000eda00000 NTAMS 0x00000000eda00000 space 1024K, 100% used [0x00000000eda00000, 0x00000000edb00000)
AC   0  E CS TS     3 PTAMS 0x00000000edb00000 NTAMS 0x00000000edb00000 space 1024K, 100% used [0x00000000edb00000, 0x00000000edc00000)
AC   0  E CS TS     3 PTAMS 0x00000000edc00000 NTAMS 0x00000000edc00000 space 1024K, 100% used [0x00000000edc00000, 0x00000000edd00000)
AC   0  E CS TS     3 PTAMS 0x00000000edd00000 NTAMS 0x00000000edd00000 space 1024K, 100% used [0x00000000edd00000, 0x00000000ede00000)
AC   0  E CS TS     3 PTAMS 0x00000000ede00000 NTAMS 0x00000000ede00000 space 1024K, 100% used [0x00000000ede00000, 0x00000000edf00000)
AC   0  E CS TS     3 PTAMS 0x00000000edf00000 NTAMS 0x00000000edf00000 space 1024K, 100% used [0x00000000edf00000, 0x00000000ee000000)

Card table byte_map: [0x0000000012a90000,0x0000000012b90000] byte_map_base: 0x0000000012390000

Marking Bits (Prev, Next): (CMBitMap*) 0x00000000025006b0, (CMBitMap*) 0x0000000002500658
 Prev Bits: [0x0000000013490000, 0x0000000013c90000)
 Next Bits: [0x0000000012c90000, 0x0000000013490000)

Polling page: 0x0000000000ae0000

CodeCache: size=245760Kb used=7231Kb max_used=7243Kb free=238528Kb
 bounds [0x0000000002790000, 0x0000000002eb0000, 0x0000000011790000]
 total_blobs=2061 nmethods=1662 adapters=319
 compilation: enabled

Compilation events (10 events):
Event: 17.436 Thread 0x0000000018485000 nmethod 1660 0x0000000002ea1490 code [0x0000000002ea1620, 0x0000000002ea19a8]
Event: 17.437 Thread 0x0000000018485000 1661       3       co.paralleluniverse.asm.MethodVisitor::visitIntInsn (17 bytes)
Event: 17.438 Thread 0x0000000018485000 nmethod 1661 0x0000000002e997d0 code [0x0000000002e99940, 0x0000000002e99ba8]
Event: 17.438 Thread 0x0000000018485000 1662       3       co.paralleluniverse.asm.MethodWriter::visitIntInsn (112 bytes)
Event: 17.438 Thread 0x0000000018485000 nmethod 1662 0x0000000002e9b950 code [0x0000000002e9bb00, 0x0000000002e9bfe8]
Event: 17.440 Thread 0x0000000018485000 1663       3       java.io.ByteArrayOutputStream::grow (43 bytes)
Event: 17.440 Thread 0x0000000018485000 nmethod 1663 0x0000000002ea5b90 code [0x0000000002ea5d40, 0x0000000002ea63b8]
Event: 17.443 Thread 0x0000000018485000 1664       3       java.util.TreeMap::rotateRight (96 bytes)
Event: 17.443 Thread 0x0000000018485000 nmethod 1664 0x0000000002e9b0d0 code [0x0000000002e9b260, 0x0000000002e9b7f0]
Event: 17.455 Thread 0x000000001846a000 1665       4       co.paralleluniverse.asm.ClassReader::a (133 bytes)

GC Heap History (10 events):
Event: 13.745 GC heap before
{Heap before GC invocations=11 (full 0):
 garbage-first heap   total 153600K, used 143872K [0x00000000e0000000, 0x00000000e01004b0, 0x0000000100000000)
  region size 1024K, 7 young (7168K), 1 survivors (1024K)
 Metaspace       used 13499K, capacity 13662K, committed 13952K, reserved 1060864K
  class space    used 1545K, capacity 1611K, committed 1664K, reserved 1048576K
Event: 13.749 GC heap after
Heap after GC invocations=12 (full 0):
 garbage-first heap   total 153600K, used 143872K [0x00000000e0000000, 0x00000000e01004b0, 0x0000000100000000)
  region size 1024K, 1 young (1024K), 1 survivors (1024K)
 Metaspace       used 13499K, capacity 13662K, committed 13952K, reserved 1060864K
  class space    used 1545K, capacity 1611K, committed 1664K, reserved 1048576K
}
Event: 13.813 GC heap before
{Heap before GC invocations=12 (full 0):
 garbage-first heap   total 153600K, used 150016K [0x00000000e0000000, 0x00000000e01004b0, 0x0000000100000000)
  region size 1024K, 7 young (7168K), 1 survivors (1024K)
 Metaspace       used 13708K, capacity 13854K, committed 13952K, reserved 1060864K
  class space    used 1559K, capacity 1611K, committed 1664K, reserved 1048576K
Event: 13.816 GC heap after
Heap after GC invocations=13 (full 0):
 garbage-first heap   total 155648K, used 146432K [0x00000000e0000000, 0x00000000e01004c0, 0x0000000100000000)
  region size 1024K, 1 young (1024K), 1 survivors (1024K)
 Metaspace       used 13708K, capacity 13854K, committed 13952K, reserved 1060864K
  class space    used 1559K, capacity 1611K, committed 1664K, reserved 1048576K
}
Event: 14.010 GC heap before
{Heap before GC invocations=14 (full 0):
 garbage-first heap   total 155648K, used 151552K [0x00000000e0000000, 0x00000000e01004c0, 0x0000000100000000)
  region size 1024K, 7 young (7168K), 1 survivors (1024K)
 Metaspace       used 14121K, capacity 14302K, committed 14592K, reserved 1062912K
  class space    used 1607K, capacity 1675K, committed 1792K, reserved 1048576K
Event: 14.011 GC heap after
Heap after GC invocations=15 (full 0):
 garbage-first heap   total 155648K, used 144918K [0x00000000e0000000, 0x00000000e01004c0, 0x0000000100000000)
  region size 1024K, 1 young (1024K), 1 survivors (1024K)
 Metaspace       used 14121K, capacity 14302K, committed 14592K, reserved 1062912K
  class space    used 1607K, capacity 1675K, committed 1792K, reserved 1048576K
}
Event: 15.013 GC heap before
{Heap before GC invocations=15 (full 0):
 garbage-first heap   total 155648K, used 151062K [0x00000000e0000000, 0x00000000e01004c0, 0x0000000100000000)
  region size 1024K, 7 young (7168K), 1 survivors (1024K)
 Metaspace       used 15383K, capacity 15596K, committed 15744K, reserved 1062912K
  class space    used 1737K, capacity 1805K, committed 1920K, reserved 1048576K
Event: 15.019 GC heap after
Heap after GC invocations=16 (full 0):
 garbage-first heap   total 229376K, used 145136K [0x00000000e0000000, 0x00000000e0100700, 0x0000000100000000)
  region size 1024K, 1 young (1024K), 1 survivors (1024K)
 Metaspace       used 15383K, capacity 15596K, committed 15744K, reserved 1062912K
  class space    used 1737K, capacity 1805K, committed 1920K, reserved 1048576K
}
Event: 17.395 GC heap before
{Heap before GC invocations=16 (full 0):
 garbage-first heap   total 229376K, used 183024K [0x00000000e0000000, 0x00000000e0100700, 0x0000000100000000)
  region size 1024K, 38 young (38912K), 1 survivors (1024K)
 Metaspace       used 17727K, capacity 17914K, committed 18176K, reserved 1064960K
  class space    used 1946K, capacity 2047K, committed 2048K, reserved 1048576K
Event: 17.400 GC heap after
Heap after GC invocations=17 (full 0):
 garbage-first heap   total 229376K, used 148592K [0x00000000e0000000, 0x00000000e0100700, 0x0000000100000000)
  region size 1024K, 5 young (5120K), 5 survivors (5120K)
 Metaspace       used 17727K, capacity 17914K, committed 18176K, reserved 1064960K
  class space    used 1946K, capacity 2047K, committed 2048K, reserved 1048576K
}

Deoptimization events (10 events):
Event: 12.581 Thread 0x00000000024c6000 Uncommon trap: reason=class_check action=maybe_recompile pc=0x0000000002a319ac method=java.util.regex.Matcher.match(II)Z @ 86
Event: 12.581 Thread 0x00000000024c6000 Uncommon trap: reason=class_check action=maybe_recompile pc=0x0000000002a319ac method=java.util.regex.Matcher.match(II)Z @ 86
Event: 13.075 Thread 0x0000000017047000 Uncommon trap: reason=unstable_if action=reinterpret pc=0x0000000002c97b00 method=com.lmax.disruptor.MultiProducerSequencer.initialiseAvailableBuffer()V @ 9
Event: 13.545 Thread 0x0000000017047000 Uncommon trap: reason=unstable_if action=reinterpret pc=0x0000000002cb17cc method=com.lmax.disruptor.RingBufferFields.fill(Lcom/lmax/disruptor/EventFactory;)V @ 7
Event: 16.134 Thread 0x0000000017047000 Uncommon trap: reason=range_check action=make_not_entrant pc=0x0000000002c2f54c method=sun.reflect.generics.parser.SignatureParser.current()C @ 34
Event: 17.402 Thread 0x00000000024c6000 Uncommon trap: reason=unstable_if action=reinterpret pc=0x0000000002d89d38 method=co.paralleluniverse.asm.ByteVector.putByteArray([BII)Lco/paralleluniverse/asm/ByteVector; @ 20
Event: 17.402 Thread 0x00000000024c6000 Uncommon trap: reason=unstable_if action=reinterpret pc=0x0000000002d45658 method=co.paralleluniverse.asm.ByteVector.putInt(I)Lco/paralleluniverse/asm/ByteVector; @ 13
Event: 17.402 Thread 0x00000000024c6000 Uncommon trap: reason=unstable_if action=reinterpret pc=0x0000000002e3b82c method=co.paralleluniverse.asm.Label.a(Lco/paralleluniverse/asm/MethodWriter;I[B)Z @ 56
Event: 17.402 Thread 0x00000000024c6000 Uncommon trap: reason=unstable_if action=reinterpret pc=0x0000000002e12b38 method=co.paralleluniverse.asm.Label.a(Lco/paralleluniverse/asm/MethodWriter;I[B)Z @ 56
Event: 17.452 Thread 0x00000000024c6000 Uncommon trap: reason=unstable_if action=reinterpret pc=0x0000000002ea05d8 method=co.paralleluniverse.fibers.instrument.CheckInstrumentationVisitor$1.visitEnd()V @ 27

Classes redefined (0 events):
No events

Internal exceptions (10 events):
Event: 16.141 Thread 0x0000000017047000 Exception <a 'java/lang/ArrayIndexOutOfBoundsException'> (0x00000000ed07fdf0) thrown at [C:\re\workspace\8-2-build-windows-amd64-cygwin\jdk8u211\12973\hotspot\src\share\vm\runtime\sharedRuntime.cpp, line 605]
Event: 16.141 Thread 0x0000000017047000 Exception <a 'java/lang/ArrayIndexOutOfBoundsException'> (0x00000000ed0e0428) thrown at [C:\re\workspace\8-2-build-windows-amd64-cygwin\jdk8u211\12973\hotspot\src\share\vm\runtime\sharedRuntime.cpp, line 605]
Event: 16.878 Thread 0x00000000024c6000 Exception <a 'sun/nio/fs/WindowsException'> (0x00000000ec810378) thrown at [C:\re\workspace\8-2-build-windows-amd64-cygwin\jdk8u211\12973\hotspot\src\share\vm\prims\jni.cpp, line 710]
Event: 16.881 Thread 0x00000000024c6000 Exception <a 'sun/nio/fs/WindowsException'> (0x00000000ec862208) thrown at [C:\re\workspace\8-2-build-windows-amd64-cygwin\jdk8u211\12973\hotspot\src\share\vm\prims\jni.cpp, line 710]
Event: 16.934 Thread 0x00000000024c6000 Exception <a 'java/lang/NoSuchMethodError': org.slf4j.impl.StaticMarkerBinder.getSingleton()Lorg/slf4j/impl/StaticMarkerBinder;> (0x00000000ec4d6ad0) thrown at [C:\re\workspace\8-2-build-windows-amd64-cygwin\jdk8u211\12973\hotspot\src\share\vm\interpreter
Event: 17.118 Thread 0x00000000024c6000 Exception <a 'sun/nio/fs/WindowsException'> (0x00000000ec337cc8) thrown at [C:\re\workspace\8-2-build-windows-amd64-cygwin\jdk8u211\12973\hotspot\src\share\vm\prims\jni.cpp, line 710]
Event: 17.118 Thread 0x00000000024c6000 Exception <a 'sun/nio/fs/WindowsException'> (0x00000000ec338168) thrown at [C:\re\workspace\8-2-build-windows-amd64-cygwin\jdk8u211\12973\hotspot\src\share\vm\prims\jni.cpp, line 710]
Event: 17.138 Thread 0x00000000024c6000 Exception <a 'sun/nio/fs/WindowsException'> (0x00000000ec2e9b88) thrown at [C:\re\workspace\8-2-build-windows-amd64-cygwin\jdk8u211\12973\hotspot\src\share\vm\prims\jni.cpp, line 710]
Event: 17.138 Thread 0x00000000024c6000 Exception <a 'sun/nio/fs/WindowsException'> (0x00000000ec2ea298) thrown at [C:\re\workspace\8-2-build-windows-amd64-cygwin\jdk8u211\12973\hotspot\src\share\vm\prims\jni.cpp, line 710]
Event: 17.402 Thread 0x00000000024c6000 Implicit null exception at 0x0000000002d89986 to 0x0000000002d89d21

Events (10 events):
Event: 17.439 loading class net/corda/node/internal/AbstractNode done
Event: 17.439 Thread 0x00000000024c6000 DEOPT PACKING pc=0x0000000002949749 sp=0x00000000024bb170
Event: 17.439 Thread 0x00000000024c6000 DEOPT UNPACKING pc=0x00000000027d7890 sp=0x00000000024baec0 mode 1
Event: 17.439 Thread 0x00000000024c6000 DEOPT PACKING pc=0x0000000002954b64 sp=0x00000000024bb1f0
Event: 17.439 Thread 0x00000000024c6000 DEOPT UNPACKING pc=0x00000000027d7890 sp=0x00000000024bb010 mode 1
Event: 17.439 Thread 0x00000000024c6000 DEOPT PACKING pc=0x00000000029548fc sp=0x00000000024bb380
Event: 17.439 Thread 0x00000000024c6000 DEOPT UNPACKING pc=0x00000000027d7890 sp=0x00000000024bb1a0 mode 1
Event: 17.452 Thread 0x00000000024c6000 Uncommon trap: trap_request=0xffffff65 fr.pc=0x0000000002ea05d8
Event: 17.452 Thread 0x00000000024c6000 DEOPT PACKING pc=0x0000000002ea05d8 sp=0x00000000024b7e10
Event: 17.452 Thread 0x00000000024c6000 DEOPT UNPACKING pc=0x00000000027d583b sp=0x00000000024b7e00 mode 2


Dynamic libraries:
0x00007ff779c30000 - 0x00007ff779c67000 	C:\Program Files\Java\jdk1.8.0_211\jre\bin\java.exe
0x00007fff727c0000 - 0x00007fff729ad000 	C:\WINDOWS\SYSTEM32\ntdll.dll
0x00007fff701d0000 - 0x00007fff70283000 	C:\WINDOWS\System32\KERNEL32.DLL
0x00007fff6ea10000 - 0x00007fff6eca3000 	C:\WINDOWS\System32\KERNELBASE.dll
0x00007fff72370000 - 0x00007fff72413000 	C:\WINDOWS\System32\ADVAPI32.dll
0x00007fff72270000 - 0x00007fff7230e000 	C:\WINDOWS\System32\msvcrt.dll
0x00007fff70440000 - 0x00007fff704de000 	C:\WINDOWS\System32\sechost.dll
0x00007fff70000000 - 0x00007fff70122000 	C:\WINDOWS\System32\RPCRT4.dll
0x00007fff71b00000 - 0x00007fff71c97000 	C:\WINDOWS\System32\USER32.dll
0x00007fff6ecb0000 - 0x00007fff6ecd0000 	C:\WINDOWS\System32\win32u.dll
0x00007fff724d0000 - 0x00007fff724f9000 	C:\WINDOWS\System32\GDI32.dll
0x00007fff6f0d0000 - 0x00007fff6f269000 	C:\WINDOWS\System32\gdi32full.dll
0x00007fff6e970000 - 0x00007fff6ea10000 	C:\WINDOWS\System32\msvcp_win.dll
0x00007fff6efd0000 - 0x00007fff6f0ca000 	C:\WINDOWS\System32\ucrtbase.dll
0x00007fff5beb0000 - 0x00007fff5c129000 	C:\WINDOWS\WinSxS\amd64_microsoft.windows.common-controls_6595b64144ccf1df_6.0.17763.615_none_05b4414a072024d4\COMCTL32.dll
0x00007fff6fb60000 - 0x00007fff6fe8c000 	C:\WINDOWS\System32\combase.dll
0x00007fff6e890000 - 0x00007fff6e90e000 	C:\WINDOWS\System32\bcryptPrimitives.dll
0x00007fff72560000 - 0x00007fff7258e000 	C:\WINDOWS\System32\IMM32.DLL
0x0000000062210000 - 0x00000000622e2000 	C:\Program Files\Java\jdk1.8.0_211\jre\bin\msvcr100.dll
0x0000000061960000 - 0x0000000062205000 	C:\Program Files\Java\jdk1.8.0_211\jre\bin\server\jvm.dll
0x00007fff70130000 - 0x00007fff70138000 	C:\WINDOWS\System32\PSAPI.DLL
0x00007fff61290000 - 0x00007fff61299000 	C:\WINDOWS\SYSTEM32\WSOCK32.dll
0x00007fff72590000 - 0x00007fff725fd000 	C:\WINDOWS\System32\WS2_32.dll
0x00007fff6c420000 - 0x00007fff6c444000 	C:\WINDOWS\SYSTEM32\WINMM.dll
0x00007fff62da0000 - 0x00007fff62daa000 	C:\WINDOWS\SYSTEM32\VERSION.dll
0x00007fff6c3f0000 - 0x00007fff6c41d000 	C:\WINDOWS\SYSTEM32\WINMMBASE.dll
0x00007fff6eed0000 - 0x00007fff6ef1a000 	C:\WINDOWS\System32\cfgmgr32.dll
0x00007fff6b780000 - 0x00007fff6b78f000 	C:\Program Files\Java\jdk1.8.0_211\jre\bin\verify.dll
0x00007fff60b60000 - 0x00007fff60b89000 	C:\Program Files\Java\jdk1.8.0_211\jre\bin\java.dll
0x00007fff60900000 - 0x00007fff60935000 	C:\Program Files\Java\jdk1.8.0_211\jre\bin\jdwp.dll
0x00007fff6b870000 - 0x00007fff6b878000 	C:\Program Files\Java\jdk1.8.0_211\jre\bin\npt.dll
0x00007fff58500000 - 0x00007fff58523000 	C:\Program Files\Java\jdk1.8.0_211\jre\bin\instrument.dll
0x00007fff6abb0000 - 0x00007fff6abc6000 	C:\Program Files\Java\jdk1.8.0_211\jre\bin\zip.dll
0x00007fff70610000 - 0x00007fff71b00000 	C:\WINDOWS\System32\SHELL32.dll
0x00007fff72420000 - 0x00007fff724c8000 	C:\WINDOWS\System32\shcore.dll
0x00007fff6f270000 - 0x00007fff6f9ba000 	C:\WINDOWS\System32\windows.storage.dll
0x00007fff6e840000 - 0x00007fff6e864000 	C:\WINDOWS\System32\profapi.dll
0x00007fff6e7e0000 - 0x00007fff6e83d000 	C:\WINDOWS\System32\powrprof.dll
0x00007fff72600000 - 0x00007fff72652000 	C:\WINDOWS\System32\shlwapi.dll
0x00007fff6e870000 - 0x00007fff6e881000 	C:\WINDOWS\System32\kernel.appcore.dll
0x00007fff6ecd0000 - 0x00007fff6ece7000 	C:\WINDOWS\System32\cryptsp.dll
0x00007fff69f70000 - 0x00007fff69f79000 	C:\Program Files\Java\jdk1.8.0_211\jre\bin\dt_socket.dll
0x00007fff6e030000 - 0x00007fff6e097000 	C:\WINDOWS\system32\mswsock.dll
0x00007fff61f10000 - 0x00007fff61f2a000 	C:\Program Files\Java\jdk1.8.0_211\jre\bin\net.dll
0x00007fff69d80000 - 0x00007fff69f57000 	C:\WINDOWS\SYSTEM32\urlmon.dll
0x00007fff694d0000 - 0x00007fff69778000 	C:\WINDOWS\SYSTEM32\iertutil.dll
0x00007fff6e200000 - 0x00007fff6e20c000 	C:\WINDOWS\SYSTEM32\CRYPTBASE.DLL
0x00007fff60350000 - 0x00007fff60366000 	C:\WINDOWS\system32\napinsp.dll
0x00007fff5f490000 - 0x00007fff5f4aa000 	C:\WINDOWS\system32\pnrpnsp.dll
0x00007fff6b750000 - 0x00007fff6b76b000 	C:\WINDOWS\system32\NLAapi.dll
0x00007fff6dd90000 - 0x00007fff6ddcd000 	C:\WINDOWS\SYSTEM32\IPHLPAPI.DLL
0x00007fff6ddd0000 - 0x00007fff6de96000 	C:\WINDOWS\SYSTEM32\DNSAPI.dll
0x00007fff70140000 - 0x00007fff70148000 	C:\WINDOWS\System32\NSI.dll
0x00007fff5f480000 - 0x00007fff5f48e000 	C:\WINDOWS\System32\winrnr.dll
0x00007fff5f460000 - 0x00007fff5f475000 	C:\WINDOWS\system32\wshbth.dll
0x00007fff650d0000 - 0x00007fff650da000 	C:\Windows\System32\rasadhlp.dll
0x00007fff65430000 - 0x00007fff654a9000 	C:\WINDOWS\System32\fwpuclnt.dll
0x00007fff6f9c0000 - 0x00007fff6f9e6000 	C:\WINDOWS\System32\bcrypt.dll
0x00007fff6a480000 - 0x00007fff6a496000 	C:\WINDOWS\SYSTEM32\dhcpcsvc6.DLL
0x00007fff6a440000 - 0x00007fff6a45c000 	C:\WINDOWS\SYSTEM32\dhcpcsvc.DLL
0x00007fff61710000 - 0x00007fff6171d000 	C:\Program Files\Java\jdk1.8.0_211\jre\bin\management.dll
0x00007fff60c00000 - 0x00007fff60c12000 	C:\Program Files\Java\jdk1.8.0_211\jre\bin\nio.dll
0x00007fff6db90000 - 0x00007fff6dbc3000 	C:\WINDOWS\system32\rsaenh.dll
0x00007fff6e6c0000 - 0x00007fff6e6e8000 	C:\WINDOWS\SYSTEM32\USERENV.dll
0x00007fff609f0000 - 0x00007fff609fa000 	C:\Users\user01\AppData\Local\Temp\jansi-64-1-5990852059259848266.14
0x00007fff609b0000 - 0x00007fff609ba000 	C:\Users\user01\AppData\Local\Temp\jansi-64-1-6072152326075999141.14
0x00007fff61380000 - 0x00007fff6156d000 	C:\WINDOWS\SYSTEM32\dbghelp.dll

VM Arguments:
jvm_args: -Xmx512m -XX:+UseG1GC -agentlib:jdwp=transport=dt_socket,server=y,suspend=n,address=5008 -javaagent:drivers/jolokia-jvm-1.6.0-agent.jar=port=7008,logHandlerClass=net.corda.node.JolokiaSlf4jAdapter -javaagent:C:\Users\user01\Desktop\Corda-Cadets\cordapp-template-kotlin\build\nodes\PartyC\corda.jar -javaagent:C:\Users\user01\AppData\Local\capsule\apps\net.corda.node.Corda_4.1\quasar-core-0.7.10-jdk8.jar=x(antlr**;bftsmart**;co.paralleluniverse**;com.codahale**;com.esotericsoftware**;com.fasterxml**;com.google**;com.ibm**;com.intellij**;com.jcabi**;com.nhaarman**;com.opengamma**;com.typesafe**;com.zaxxer**;de.javakaffee**;groovy**;groovyjarjarantlr**;groovyjarjarasm**;io.atomix**;io.github**;io.netty**;jdk**;junit**;kotlin**;net.bytebuddy**;net.i2p**;org.apache**;org.assertj**;org.bouncycastle**;org.codehaus**;org.crsh**;org.dom4j**;org.fusesource**;org.h2**;org.hamcrest**;org.hibernate**;org.jboss**;org.jcp**;org.joda**;org.junit**;org.mockito**;org.objectweb**;org.objenesis**;org.slf4j**;org.w3c**;org.xml**;org.yaml**;reflectasm**;rx**;org.jolokia**;com.lmax**;picocli**;liquibase**;com.github.benmanes**;org.json**;org.postgresql**;nonapi.io.github.classgraph**) -Dcapsule.address=0.0.0.0 -Dvisualvm.display.name=Corda -Djava.library.path=C:\Program Files\Java\jdk1.8.0_211\jre\bin;C:\WINDOWS\Sun\Java\bin;C:\WINDOWS\system32;C:\WINDOWS;C:\Users\user01\bin;C:\Program Files\Git\mingw64\bin;C:\Program Files\Git\usr\local\bin;C:\Program Files\Git\usr\bin;C:\Program Files\Git\usr\bin;C:\Program Files\Git\mingw64\bin;C:\Program Files\Git\usr\bin;C:\Users\user01\bin;C:\Program Files\JetBrains\IntelliJ IDEA Community Edition 2019.1.3\jbr\bin;C:\Program Files\JetBrains\IntelliJ IDEA Community Edition 2019.1.3\jbr\bin\server;C:\Program Files (x86)\Common Files\Oracle\Java\javapath;C:\WINDOWS\system32;C:\WINDOWS;C:\WINDOWS\System32\Wbem;C:\WINDOWS\System32\WindowsPowerShell\v1.0;C:\WINDOWS\System32\OpenSSH;C:\Program Files\Git\cmd;C:\Program Files\nodejs;C:\Users\user01\AppData\Local\Microsoft\WindowsApps;C:\Users\user01\AppData\Local\Programs\Microsoft VS Code\bin;C:\Users\user01\AppData\Roaming\npm;C:\Program Files\Git\usr\bin\vendor_perl;C:\Program Files\Git\usr\bin\core_perl;C:\Users\user01\AppData\Local\capsule\apps\net.corda.node.Corda_4.1 -Dcapsule.log=1 -Dcapsule.app=net.corda.node.Corda_4.1 -Dcapsule.port=53928 -Dcapsule.jvm.args=-agentlib:jdwp=transport=dt_socket,server=y,suspend=n,address=5008 -javaagent:drivers/jolokia-jvm-1.6.0-agent.jar=port=7008,logHandlerClass=net.corda.node.JolokiaSlf4jAdapter -Dname=PartyC -Dcapsule.dir=C:\Users\user01\AppData\Local\capsule\apps\net.corda.node.Corda_4.1 -Dcapsule.jar=C:\Users\user01\Desktop\Corda-Cadets\cordapp-template-kotlin\build\nodes\PartyC\corda.jar 
java_command: net.corda.node.Corda
java_class_path (initial): C:\Users\user01\Desktop\Corda-Cadets\cordapp-template-kotlin\build\nodes\PartyC\corda.jar;C:\Users\user01\AppData\Local\capsule\apps\net.corda.node.Corda_4.1\corda-shell-4.1.jar;C:\Users\user01\AppData\Local\capsule\apps\net.corda.node.Corda_4.1\corda-rpc-4.1.jar;C:\Users\user01\AppData\Local\capsule\apps\net.corda.node.Corda_4.1\corda-node-api-4.1.jar;C:\Users\user01\AppData\Local\capsule\apps\net.corda.node.Corda_4.1\corda-tools-cliutils-4.1.jar;C:\Users\user01\AppData\Local\capsule\apps\net.corda.node.Corda_4.1\corda-common-configuration-parsing-4.1.jar;C:\Users\user01\AppData\Local\capsule\apps\net.corda.node.Corda_4.1\corda-common-validation-4.1.jar;C:\Users\user01\AppData\Local\capsule\apps\net.corda.node.Corda_4.1\corda-common-logging-4.1.jar;C:\Users\user01\AppData\Local\capsule\apps\net.corda.node.Corda_4.1\corda-confidential-identities-4.1.jar;C:\Users\user01\AppData\Local\capsule\apps\net.corda.node.Corda_4.1\log4j-slf4j-impl-2.9.1.jar;C:\Users\user01\AppData\Local\capsule\apps\net.corda.node.Corda_4.1\log4j-web-2.9.1.jar;C:\Users\user01\AppData\Local\capsule\apps\net.corda.node.Corda_4.1\jul-to-slf4j-1.7.25.jar;C:\Users\user01\AppData\Local\capsule\apps\net.corda.node.Corda_4.1\corda-jackson-4.1.jar;C:\Users\user01\AppData\Local\capsule\apps\net.corda.node.Corda_4.1\corda-serialization-4.1.jar;C:\Users\user01\AppData\Local\capsule\apps\net.corda.node.Corda_4.1\corda-core-4.1.jar;C:\Users\user01\AppData\Local\capsule\apps\net.corda.node.Corda_4.1\kotlin-stdlib-jdk8-1.2.71.jar;C:\Users\user01\AppData\Local\capsule\apps\net.corda.node.Corda_4.1\jackson-module-kotlin-2.9.5.jar;C:\Users\user01\AppData\Local\capsule\apps\net.corda.node.Corda_4.1\kotlin-reflect-1.2.71.jar;C:\Users\user01\AppData\Local\capsule\apps\net.corda.node.Corda_4.1\quasar-core-0.7.10-jdk8.jar;C:\Users\user01\AppData\Local\capsule\apps\net.corda.node.Corda_4.1\kryo-serializers-0.42.jar;C:\Users\user01\AppData\Local\capsule\apps\net.corda.node.Corda_4.1\kryo-4.
Launcher Type: SUN_STANDARD

Environment Variables:
JAVA_HOME=C:\Program Files\Java\jdk1.8.0_211
PATH=C:\Users\user01\bin;C:\Program Files\Git\mingw64\bin;C:\Program Files\Git\usr\local\bin;C:\Program Files\Git\usr\bin;C:\Program Files\Git\usr\bin;C:\Program Files\Git\mingw64\bin;C:\Program Files\Git\usr\bin;C:\Users\user01\bin;C:\Program Files\JetBrains\IntelliJ IDEA Community Edition 2019.1.3\jbr\bin;C:\Program Files\JetBrains\IntelliJ IDEA Community Edition 2019.1.3\jbr\bin\server;C:\Program Files (x86)\Common Files\Oracle\Java\javapath;C:\WINDOWS\system32;C:\WINDOWS;C:\WINDOWS\System32\Wbem;C:\WINDOWS\System32\WindowsPowerShell\v1.0;C:\WINDOWS\System32\OpenSSH;C:\Program Files\Git\cmd;C:\Program Files\nodejs;C:\Users\user01\AppData\Local\Microsoft\WindowsApps;C:\Users\user01\AppData\Local\Programs\Microsoft VS Code\bin;C:\Users\user01\AppData\Roaming\npm;C:\Program Files\Git\usr\bin\vendor_perl;C:\Program Files\Git\usr\bin\core_perl
USERNAME=user01
SHELL=C:\Program Files\Git\usr\bin\bash.exe
DISPLAY=needs-to-be-defined
OS=Windows_NT
PROCESSOR_IDENTIFIER=Intel64 Family 6 Model 60 Stepping 3, GenuineIntel



---------------  S Y S T E M  ---------------

OS: Windows 10.0 , 64 bit Build 17763 (10.0.17763.475)

CPU:total 4 (initial active 4) (2 cores per cpu, 2 threads per core) family 6 model 60 stepping 3, cmov, cx8, fxsr, mmx, sse, sse2, sse3, ssse3, sse4.1, sse4.2, popcnt, avx, avx2, aes, clmul, erms, lzcnt, ht, tsc, tscinvbit, bmi1, bmi2

Memory: 4k page, physical 8257376k(2905896k free), swap 12975968k(3466372k free)

vm_info: Java HotSpot(TM) 64-Bit Server VM (25.211-b12) for windows-amd64 JRE (1.8.0_211-b12), built on Apr  1 2019 20:53:26 by "java_re" with MS VC++ 10.0 (VS2010)

time: Tue Jul 30 10:38:44 2019
timezone: Malay Peninsula Standard Time
elapsed time: 17 seconds (0d 0h 0m 17s)

