[WARN ] 2019-07-31T08:31:21,841 [background-preinit] Jackson2ObjectMapperBuilder - For Jackson Kotlin classes support please add "com.fasterxml.jackson.module:jackson-module-kotlin" to the classpath
[INFO ] 2019-07-31T08:31:23,771 [main] ServerKt - Starting ServerKt on MVP-PC367 with PID 5376 (C:\webservices\Corda-Cadets\cordapp-template-kotlin\clients\build\classes\kotlin\main started by kelvin in C:\webservices\Corda-Cadets\cordapp-template-kotlin\clients)
[INFO ] 2019-07-31T08:31:23,773 [main] ServerKt - No active profile set, falling back to default profiles: default
[INFO ] 2019-07-31T08:31:24,452 [main] AnnotationConfigServletWebServerApplicationContext - Refreshing org.springframework.boot.web.servlet.context.AnnotationConfigServletWebServerApplicationContext@756cf158: startup date [Wed Jul 31 16:31:24 SGT 2019]; root of context hierarchy
[INFO ] 2019-07-31T08:31:37,791 [main] TomcatWebServer - Tomcat initialized with port(s): 10050 (http)
[INFO ] 2019-07-31T08:31:38,057 [main] Http11NioProtocol - Initializing ProtocolHandler ["http-nio-10050"]
[INFO ] 2019-07-31T08:31:38,261 [main] StandardService - Starting service [Tomcat]
[INFO ] 2019-07-31T08:31:38,266 [main] StandardEngine - Starting Servlet Engine: Apache Tomcat/8.5.31
[INFO ] 2019-07-31T08:31:38,306 [localhost-startStop-1] AprLifecycleListener - The APR based Apache Tomcat Native library which allows optimal performance in production environments was not found on the java.library.path: [C:\Program Files\Java\jdk1.8.0_221\bin;C:\WINDOWS\Sun\Java\bin;C:\WINDOWS\system32;C:\WINDOWS;C:\Program Files\JetBrains\IntelliJ IDEA Community Edition 2019.2\jbr\\bin;C:\Program Files\JetBrains\IntelliJ IDEA Community Edition 2019.2\jbr\\bin\server;C:\Program Files\JetBrains\IntelliJ IDEA Community Edition 2019.2\jbr\\bin;C:\Program Files\JetBrains\IntelliJ IDEA Community Edition 2019.2\jbr\\bin\server;C:\Program Files (x86)\Common Files\Oracle\Java\javapath;C:\Program Files (x86)\Intel\iCLS Client\;C:\Program Files\Intel\iCLS Client\;C:\WINDOWS\system32;C:\WINDOWS;C:\WINDOWS\System32\Wbem;C:\WINDOWS\System32\WindowsPowerShell\v1.0\;C:\Program Files\Intel\Intel(R) Management Engine Components\DAL;C:\Program Files\Intel\Intel(R) Management Engine Components\IPT;C:\Program Files (x86)\Intel\Intel(R) Management Engine Components\DAL;C:\Program Files (x86)\Intel\Intel(R) Management Engine Components\IPT;C:\WINDOWS\System32\OpenSSH\;C:\Program Files\PuTTY\;C:\kotlinc\bin;%JAVA%\bin;C:\Program Files\Git\cmd;C:\Program Files\nodejs\;C:\Program Files\PostgreSQL\11\bin;C:\Program Files\Java\jdk1.8.0_221\bin;C:\Program Files\MySQL\MySQL Shell 8.0\bin\;C:\Users\kelvin\AppData\Roaming\npm;C:\Users\kelvin\AppData\Local\Programs\Microsoft VS Code\bin;.]
[INFO ] 2019-07-31T08:31:39,182 [localhost-startStop-1] [/] - Initializing Spring embedded WebApplicationContext
[INFO ] 2019-07-31T08:31:39,183 [localhost-startStop-1] ContextLoader - Root WebApplicationContext: initialization completed in 14769 ms
[INFO ] 2019-07-31T08:31:40,033 [localhost-startStop-1] ServletRegistrationBean - Servlet dispatcherServlet mapped to [/]
[INFO ] 2019-07-31T08:31:40,062 [localhost-startStop-1] FilterRegistrationBean - Mapping filter: 'characterEncodingFilter' to: [/*]
[INFO ] 2019-07-31T08:31:40,063 [localhost-startStop-1] FilterRegistrationBean - Mapping filter: 'hiddenHttpMethodFilter' to: [/*]
[INFO ] 2019-07-31T08:31:40,063 [localhost-startStop-1] FilterRegistrationBean - Mapping filter: 'httpPutFormContentFilter' to: [/*]
[INFO ] 2019-07-31T08:31:40,063 [localhost-startStop-1] FilterRegistrationBean - Mapping filter: 'requestContextFilter' to: [/*]
[INFO ] 2019-07-31T08:31:59,828 [main] RPCClient - Startup took 16077 msec
[INFO ] 2019-07-31T08:32:01,542 [main] RequestMappingHandlerMapping - Mapped "{[/token_sdk/getNonfungibleToken],methods=[GET],produces=[application/json]}" onto public final org.springframework.http.ResponseEntity<java.util.Map<java.lang.String, java.lang.Object>> com.template.webserver.Controller.getnonFungibleToken()
[INFO ] 2019-07-31T08:32:01,549 [main] RequestMappingHandlerMapping - Mapped "{[/swagger-resources/configuration/security]}" onto public org.springframework.http.ResponseEntity<springfox.documentation.swagger.web.SecurityConfiguration> springfox.documentation.swagger.web.ApiResourceController.securityConfiguration()
[INFO ] 2019-07-31T08:32:01,551 [main] RequestMappingHandlerMapping - Mapped "{[/swagger-resources]}" onto public org.springframework.http.ResponseEntity<java.util.List<springfox.documentation.swagger.web.SwaggerResource>> springfox.documentation.swagger.web.ApiResourceController.swaggerResources()
[INFO ] 2019-07-31T08:32:01,552 [main] RequestMappingHandlerMapping - Mapped "{[/swagger-resources/configuration/ui]}" onto public org.springframework.http.ResponseEntity<springfox.documentation.swagger.web.UiConfiguration> springfox.documentation.swagger.web.ApiResourceController.uiConfiguration()
[INFO ] 2019-07-31T08:32:01,557 [main] RequestMappingHandlerMapping - Mapped "{[/error]}" onto public org.springframework.http.ResponseEntity<java.util.Map<java.lang.String, java.lang.Object>> org.springframework.boot.autoconfigure.web.servlet.error.BasicErrorController.error(javax.servlet.http.HttpServletRequest)
[INFO ] 2019-07-31T08:32:01,557 [main] RequestMappingHandlerMapping - Mapped "{[/error],produces=[text/html]}" onto public org.springframework.web.servlet.ModelAndView org.springframework.boot.autoconfigure.web.servlet.error.BasicErrorController.errorHtml(javax.servlet.http.HttpServletRequest,javax.servlet.http.HttpServletResponse)
[INFO ] 2019-07-31T08:32:02,321 [main] PropertySourcedRequestMappingHandlerMapping - Mapped URL path [/v2/api-docs] onto method [public org.springframework.http.ResponseEntity<springfox.documentation.spring.web.json.Json> springfox.documentation.swagger2.web.Swagger2Controller.getDocumentation(java.lang.String,javax.servlet.http.HttpServletRequest)]
[INFO ] 2019-07-31T08:32:02,497 [main] SimpleUrlHandlerMapping - Mapped URL path [/**/favicon.ico] onto handler of type [class org.springframework.web.servlet.resource.ResourceHttpRequestHandler]
[INFO ] 2019-07-31T08:32:02,978 [main] RequestMappingHandlerAdapter - Looking for @ControllerAdvice: org.springframework.boot.web.servlet.context.AnnotationConfigServletWebServerApplicationContext@756cf158: startup date [Wed Jul 31 16:31:24 SGT 2019]; root of context hierarchy
[INFO ] 2019-07-31T08:32:03,139 [main] SimpleUrlHandlerMapping - Mapped URL path [/webjars/**] onto handler of type [class org.springframework.web.servlet.resource.ResourceHttpRequestHandler]
[INFO ] 2019-07-31T08:32:03,140 [main] SimpleUrlHandlerMapping - Mapped URL path [/**] onto handler of type [class org.springframework.web.servlet.resource.ResourceHttpRequestHandler]
[INFO ] 2019-07-31T08:32:03,238 [main] WelcomePageHandlerMapping - Adding welcome page: class path resource [static/index.html]
[INFO ] 2019-07-31T08:32:03,711 [main] AnnotationMBeanExporter - Registering beans for JMX exposure on startup
[INFO ] 2019-07-31T08:32:03,755 [main] DefaultLifecycleProcessor - Starting beans in phase 2147483647
[INFO ] 2019-07-31T08:32:03,756 [main] DocumentationPluginsBootstrapper - Context refreshed
[INFO ] 2019-07-31T08:32:03,980 [main] DocumentationPluginsBootstrapper - Found 1 custom documentation plugin(s)
[INFO ] 2019-07-31T08:32:04,053 [main] ApiListingReferenceScanner - Scanning for api listing references
[INFO ] 2019-07-31T08:32:04,490 [main] Http11NioProtocol - Starting ProtocolHandler ["http-nio-10050"]
[INFO ] 2019-07-31T08:32:04,492 [main] NioSelectorPool - Using a shared selector for servlet write/read
[INFO ] 2019-07-31T08:32:04,703 [main] TomcatWebServer - Tomcat started on port(s): 10050 (http) with context path ''
[INFO ] 2019-07-31T08:32:04,711 [main] ServerKt - Started ServerKt in 53.724 seconds (JVM running for 67.199)
[INFO ] 2019-07-31T08:33:25,403 [http-nio-10050-exec-1] [/] - Initializing Spring FrameworkServlet 'dispatcherServlet'
[INFO ] 2019-07-31T08:33:25,405 [http-nio-10050-exec-1] DispatcherServlet - FrameworkServlet 'dispatcherServlet': initialization started
[INFO ] 2019-07-31T08:33:25,461 [http-nio-10050-exec-1] DispatcherServlet - FrameworkServlet 'dispatcherServlet': initialization completed in 55 ms
[INFO ] 2019-07-31T08:35:39,802 [main] ServerKt - Starting ServerKt on MVP-PC367 with PID 6328 (C:\webservices\Corda-Cadets\cordapp-template-kotlin\clients\build\classes\kotlin\main started by kelvin in C:\webservices\Corda-Cadets\cordapp-template-kotlin\clients)
[INFO ] 2019-07-31T08:35:39,809 [main] ServerKt - No active profile set, falling back to default profiles: default
[INFO ] 2019-07-31T08:35:39,902 [main] AnnotationConfigServletWebServerApplicationContext - Refreshing org.springframework.boot.web.servlet.context.AnnotationConfigServletWebServerApplicationContext@2f058b8a: startup date [Wed Jul 31 16:35:39 SGT 2019]; root of context hierarchy
[INFO ] 2019-07-31T08:35:42,842 [main] TomcatWebServer - Tomcat initialized with port(s): 10060 (http)
[INFO ] 2019-07-31T08:35:42,966 [main] Http11NioProtocol - Initializing ProtocolHandler ["http-nio-10060"]
[INFO ] 2019-07-31T08:35:43,063 [main] StandardService - Starting service [Tomcat]
[INFO ] 2019-07-31T08:35:43,064 [main] StandardEngine - Starting Servlet Engine: Apache Tomcat/8.5.31
[INFO ] 2019-07-31T08:35:43,090 [localhost-startStop-1] AprLifecycleListener - The APR based Apache Tomcat Native library which allows optimal performance in production environments was not found on the java.library.path: [C:\Program Files\Java\jdk1.8.0_221\bin;C:\WINDOWS\Sun\Java\bin;C:\WINDOWS\system32;C:\WINDOWS;C:\Program Files\JetBrains\IntelliJ IDEA Community Edition 2019.2\jbr\\bin;C:\Program Files\JetBrains\IntelliJ IDEA Community Edition 2019.2\jbr\\bin\server;C:\Program Files\JetBrains\IntelliJ IDEA Community Edition 2019.2\jbr\\bin;C:\Program Files\JetBrains\IntelliJ IDEA Community Edition 2019.2\jbr\\bin\server;C:\Program Files (x86)\Common Files\Oracle\Java\javapath;C:\Program Files (x86)\Intel\iCLS Client\;C:\Program Files\Intel\iCLS Client\;C:\WINDOWS\system32;C:\WINDOWS;C:\WINDOWS\System32\Wbem;C:\WINDOWS\System32\WindowsPowerShell\v1.0\;C:\Program Files\Intel\Intel(R) Management Engine Components\DAL;C:\Program Files\Intel\Intel(R) Management Engine Components\IPT;C:\Program Files (x86)\Intel\Intel(R) Management Engine Components\DAL;C:\Program Files (x86)\Intel\Intel(R) Management Engine Components\IPT;C:\WINDOWS\System32\OpenSSH\;C:\Program Files\PuTTY\;C:\kotlinc\bin;%JAVA%\bin;C:\Program Files\Git\cmd;C:\Program Files\nodejs\;C:\Program Files\PostgreSQL\11\bin;C:\Program Files\Java\jdk1.8.0_221\bin;C:\Program Files\MySQL\MySQL Shell 8.0\bin\;C:\Users\kelvin\AppData\Roaming\npm;C:\Users\kelvin\AppData\Local\Programs\Microsoft VS Code\bin;.]
[INFO ] 2019-07-31T08:35:45,454 [localhost-startStop-1] [/] - Initializing Spring embedded WebApplicationContext
[INFO ] 2019-07-31T08:35:45,455 [localhost-startStop-1] ContextLoader - Root WebApplicationContext: initialization completed in 5556 ms
[INFO ] 2019-07-31T08:35:45,687 [localhost-startStop-1] ServletRegistrationBean - Servlet dispatcherServlet mapped to [/]
[INFO ] 2019-07-31T08:35:45,696 [localhost-startStop-1] FilterRegistrationBean - Mapping filter: 'characterEncodingFilter' to: [/*]
[INFO ] 2019-07-31T08:35:45,697 [localhost-startStop-1] FilterRegistrationBean - Mapping filter: 'hiddenHttpMethodFilter' to: [/*]
[INFO ] 2019-07-31T08:35:45,697 [localhost-startStop-1] FilterRegistrationBean - Mapping filter: 'httpPutFormContentFilter' to: [/*]
[INFO ] 2019-07-31T08:35:45,698 [localhost-startStop-1] FilterRegistrationBean - Mapping filter: 'requestContextFilter' to: [/*]
[INFO ] 2019-07-31T08:35:47,921 [main] RPCClient - Startup took 1398 msec
[INFO ] 2019-07-31T08:35:48,562 [main] RequestMappingHandlerMapping - Mapped "{[/token_sdk/getNonfungibleToken],methods=[GET],produces=[application/json]}" onto public final org.springframework.http.ResponseEntity<java.util.Map<java.lang.String, java.lang.Object>> com.template.webserver.Controller.getnonFungibleToken()
[INFO ] 2019-07-31T08:35:48,574 [main] RequestMappingHandlerMapping - Mapped "{[/swagger-resources]}" onto public org.springframework.http.ResponseEntity<java.util.List<springfox.documentation.swagger.web.SwaggerResource>> springfox.documentation.swagger.web.ApiResourceController.swaggerResources()
[INFO ] 2019-07-31T08:35:48,576 [main] RequestMappingHandlerMapping - Mapped "{[/swagger-resources/configuration/ui]}" onto public org.springframework.http.ResponseEntity<springfox.documentation.swagger.web.UiConfiguration> springfox.documentation.swagger.web.ApiResourceController.uiConfiguration()
[INFO ] 2019-07-31T08:35:48,579 [main] RequestMappingHandlerMapping - Mapped "{[/swagger-resources/configuration/security]}" onto public org.springframework.http.ResponseEntity<springfox.documentation.swagger.web.SecurityConfiguration> springfox.documentation.swagger.web.ApiResourceController.securityConfiguration()
[INFO ] 2019-07-31T08:35:48,586 [main] RequestMappingHandlerMapping - Mapped "{[/error]}" onto public org.springframework.http.ResponseEntity<java.util.Map<java.lang.String, java.lang.Object>> org.springframework.boot.autoconfigure.web.servlet.error.BasicErrorController.error(javax.servlet.http.HttpServletRequest)
[INFO ] 2019-07-31T08:35:48,587 [main] RequestMappingHandlerMapping - Mapped "{[/error],produces=[text/html]}" onto public org.springframework.web.servlet.ModelAndView org.springframework.boot.autoconfigure.web.servlet.error.BasicErrorController.errorHtml(javax.servlet.http.HttpServletRequest,javax.servlet.http.HttpServletResponse)
[INFO ] 2019-07-31T08:35:48,960 [main] PropertySourcedRequestMappingHandlerMapping - Mapped URL path [/v2/api-docs] onto method [public org.springframework.http.ResponseEntity<springfox.documentation.spring.web.json.Json> springfox.documentation.swagger2.web.Swagger2Controller.getDocumentation(java.lang.String,javax.servlet.http.HttpServletRequest)]
[INFO ] 2019-07-31T08:35:49,113 [main] SimpleUrlHandlerMapping - Mapped URL path [/**/favicon.ico] onto handler of type [class org.springframework.web.servlet.resource.ResourceHttpRequestHandler]
[INFO ] 2019-07-31T08:35:49,365 [main] RequestMappingHandlerAdapter - Looking for @ControllerAdvice: org.springframework.boot.web.servlet.context.AnnotationConfigServletWebServerApplicationContext@2f058b8a: startup date [Wed Jul 31 16:35:39 SGT 2019]; root of context hierarchy
[INFO ] 2019-07-31T08:35:49,468 [main] SimpleUrlHandlerMapping - Mapped URL path [/webjars/**] onto handler of type [class org.springframework.web.servlet.resource.ResourceHttpRequestHandler]
[INFO ] 2019-07-31T08:35:49,469 [main] SimpleUrlHandlerMapping - Mapped URL path [/**] onto handler of type [class org.springframework.web.servlet.resource.ResourceHttpRequestHandler]
[INFO ] 2019-07-31T08:35:49,564 [main] WelcomePageHandlerMapping - Adding welcome page: class path resource [static/index.html]
[INFO ] 2019-07-31T08:35:49,993 [main] AnnotationMBeanExporter - Registering beans for JMX exposure on startup
[INFO ] 2019-07-31T08:35:50,025 [main] DefaultLifecycleProcessor - Starting beans in phase 2147483647
[INFO ] 2019-07-31T08:35:50,026 [main] DocumentationPluginsBootstrapper - Context refreshed
[INFO ] 2019-07-31T08:35:50,075 [main] DocumentationPluginsBootstrapper - Found 1 custom documentation plugin(s)
[INFO ] 2019-07-31T08:35:50,159 [main] ApiListingReferenceScanner - Scanning for api listing references
[INFO ] 2019-07-31T08:35:50,442 [main] Http11NioProtocol - Starting ProtocolHandler ["http-nio-10060"]
[INFO ] 2019-07-31T08:35:50,445 [main] NioSelectorPool - Using a shared selector for servlet write/read
[INFO ] 2019-07-31T08:35:50,472 [main] TomcatWebServer - Tomcat started on port(s): 10060 (http) with context path ''
[INFO ] 2019-07-31T08:35:50,478 [main] ServerKt - Started ServerKt in 12.753 seconds (JVM running for 14.158)
[INFO ] 2019-07-31T08:36:00,427 [http-nio-10060-exec-10] [/] - Initializing Spring FrameworkServlet 'dispatcherServlet'
[INFO ] 2019-07-31T08:36:00,428 [http-nio-10060-exec-10] DispatcherServlet - FrameworkServlet 'dispatcherServlet': initialization started
[INFO ] 2019-07-31T08:36:00,863 [http-nio-10060-exec-10] DispatcherServlet - FrameworkServlet 'dispatcherServlet': initialization completed in 435 ms
[ERROR] 2019-07-31T08:36:10,589 [http-nio-10060-exec-1] [dispatcherServlet] - Servlet.service() for servlet [dispatcherServlet] in context with path [] threw exception [Request processing failed; nested exception is org.springframework.http.converter.HttpMessageConversionException: Type definition error: [simple type, class net.i2p.crypto.eddsa.math.ed25519.Ed25519LittleEndianEncoding]; nested exception is com.fasterxml.jackson.databind.exc.InvalidDefinitionException: No serializer found for class net.i2p.crypto.eddsa.math.ed25519.Ed25519LittleEndianEncoding and no properties discovered to create BeanSerializer (to avoid exception, disable SerializationFeature.FAIL_ON_EMPTY_BEANS) (through reference chain: java.util.LinkedHashMap["result"]->java.util.ArrayList[0]->com.template.models.TokenModel["token"]->com.r3.corda.lib.tokens.contracts.types.IssuedTokenType["issuer"]->net.corda.core.identity.Party["owningKey"]->net.i2p.crypto.eddsa.EdDSAPublicKey["a"]->net.i2p.crypto.eddsa.math.GroupElement["curve"]->net.i2p.crypto.eddsa.math.Curve["field"]->net.i2p.crypto.eddsa.math.Field["encoding"])] with root cause
com.fasterxml.jackson.databind.exc.InvalidDefinitionException: No serializer found for class net.i2p.crypto.eddsa.math.ed25519.Ed25519LittleEndianEncoding and no properties discovered to create BeanSerializer (to avoid exception, disable SerializationFeature.FAIL_ON_EMPTY_BEANS) (through reference chain: java.util.LinkedHashMap["result"]->java.util.ArrayList[0]->com.template.models.TokenModel["token"]->com.r3.corda.lib.tokens.contracts.types.IssuedTokenType["issuer"]->net.corda.core.identity.Party["owningKey"]->net.i2p.crypto.eddsa.EdDSAPublicKey["a"]->net.i2p.crypto.eddsa.math.GroupElement["curve"]->net.i2p.crypto.eddsa.math.Curve["field"]->net.i2p.crypto.eddsa.math.Field["encoding"])
	at com.fasterxml.jackson.databind.exc.InvalidDefinitionException.from(InvalidDefinitionException.java:77) ~[jackson-databind-2.9.5.jar:2.9.5]
	at com.fasterxml.jackson.databind.SerializerProvider.reportBadDefinition(SerializerProvider.java:1191) ~[jackson-databind-2.9.5.jar:2.9.5]
	at com.fasterxml.jackson.databind.DatabindContext.reportBadDefinition(DatabindContext.java:312) ~[jackson-databind-2.9.5.jar:2.9.5]
	at com.fasterxml.jackson.databind.ser.impl.UnknownSerializer.failForEmpty(UnknownSerializer.java:71) ~[jackson-databind-2.9.5.jar:2.9.5]
	at com.fasterxml.jackson.databind.ser.impl.UnknownSerializer.serialize(UnknownSerializer.java:33) ~[jackson-databind-2.9.5.jar:2.9.5]
	at com.fasterxml.jackson.databind.ser.BeanPropertyWriter.serializeAsField(BeanPropertyWriter.java:727) ~[jackson-databind-2.9.5.jar:2.9.5]
	at com.fasterxml.jackson.databind.ser.std.BeanSerializerBase.serializeFields(BeanSerializerBase.java:719) ~[jackson-databind-2.9.5.jar:2.9.5]
	at com.fasterxml.jackson.databind.ser.BeanSerializer.serialize(BeanSerializer.java:155) ~[jackson-databind-2.9.5.jar:2.9.5]
	at com.fasterxml.jackson.databind.ser.BeanPropertyWriter.serializeAsField(BeanPropertyWriter.java:727) ~[jackson-databind-2.9.5.jar:2.9.5]
	at com.fasterxml.jackson.databind.ser.std.BeanSerializerBase.serializeFields(BeanSerializerBase.java:719) ~[jackson-databind-2.9.5.jar:2.9.5]
	at com.fasterxml.jackson.databind.ser.BeanSerializer.serialize(BeanSerializer.java:155) ~[jackson-databind-2.9.5.jar:2.9.5]
	at com.fasterxml.jackson.databind.ser.BeanPropertyWriter.serializeAsField(BeanPropertyWriter.java:727) ~[jackson-databind-2.9.5.jar:2.9.5]
	at com.fasterxml.jackson.databind.ser.std.BeanSerializerBase.serializeFields(BeanSerializerBase.java:719) ~[jackson-databind-2.9.5.jar:2.9.5]
	at com.fasterxml.jackson.databind.ser.BeanSerializer.serialize(BeanSerializer.java:155) ~[jackson-databind-2.9.5.jar:2.9.5]
	at com.fasterxml.jackson.databind.ser.BeanPropertyWriter.serializeAsField(BeanPropertyWriter.java:727) ~[jackson-databind-2.9.5.jar:2.9.5]
	at com.fasterxml.jackson.databind.ser.std.BeanSerializerBase.serializeFields(BeanSerializerBase.java:719) ~[jackson-databind-2.9.5.jar:2.9.5]
	at com.fasterxml.jackson.databind.ser.BeanSerializer.serialize(BeanSerializer.java:155) ~[jackson-databind-2.9.5.jar:2.9.5]
	at com.fasterxml.jackson.databind.ser.BeanPropertyWriter.serializeAsField(BeanPropertyWriter.java:727) ~[jackson-databind-2.9.5.jar:2.9.5]
	at com.fasterxml.jackson.databind.ser.std.BeanSerializerBase.serializeFields(BeanSerializerBase.java:719) ~[jackson-databind-2.9.5.jar:2.9.5]
	at com.fasterxml.jackson.databind.ser.BeanSerializer.serialize(BeanSerializer.java:155) ~[jackson-databind-2.9.5.jar:2.9.5]
	at com.fasterxml.jackson.databind.ser.BeanPropertyWriter.serializeAsField(BeanPropertyWriter.java:727) ~[jackson-databind-2.9.5.jar:2.9.5]
	at com.fasterxml.jackson.databind.ser.std.BeanSerializerBase.serializeFields(BeanSerializerBase.java:719) ~[jackson-databind-2.9.5.jar:2.9.5]
	at com.fasterxml.jackson.databind.ser.BeanSerializer.serialize(BeanSerializer.java:155) ~[jackson-databind-2.9.5.jar:2.9.5]
	at com.fasterxml.jackson.databind.ser.BeanPropertyWriter.serializeAsField(BeanPropertyWriter.java:727) ~[jackson-databind-2.9.5.jar:2.9.5]
	at com.fasterxml.jackson.databind.ser.std.BeanSerializerBase.serializeFields(BeanSerializerBase.java:719) ~[jackson-databind-2.9.5.jar:2.9.5]
	at com.fasterxml.jackson.databind.ser.BeanSerializer.serialize(BeanSerializer.java:155) ~[jackson-databind-2.9.5.jar:2.9.5]
	at com.fasterxml.jackson.databind.ser.impl.IndexedListSerializer.serializeContents(IndexedListSerializer.java:119) ~[jackson-databind-2.9.5.jar:2.9.5]
	at com.fasterxml.jackson.databind.ser.impl.IndexedListSerializer.serialize(IndexedListSerializer.java:79) ~[jackson-databind-2.9.5.jar:2.9.5]
	at com.fasterxml.jackson.databind.ser.impl.IndexedListSerializer.serialize(IndexedListSerializer.java:18) ~[jackson-databind-2.9.5.jar:2.9.5]
	at com.fasterxml.jackson.databind.ser.std.MapSerializer.serializeFields(MapSerializer.java:718) ~[jackson-databind-2.9.5.jar:2.9.5]
	at com.fasterxml.jackson.databind.ser.std.MapSerializer.serialize(MapSerializer.java:639) ~[jackson-databind-2.9.5.jar:2.9.5]
	at com.fasterxml.jackson.databind.ser.std.MapSerializer.serialize(MapSerializer.java:33) ~[jackson-databind-2.9.5.jar:2.9.5]
	at com.fasterxml.jackson.databind.ser.DefaultSerializerProvider._serialize(DefaultSerializerProvider.java:480) ~[jackson-databind-2.9.5.jar:2.9.5]
	at com.fasterxml.jackson.databind.ser.DefaultSerializerProvider.serializeValue(DefaultSerializerProvider.java:400) ~[jackson-databind-2.9.5.jar:2.9.5]
	at com.fasterxml.jackson.databind.ObjectWriter$Prefetch.serialize(ObjectWriter.java:1392) ~[jackson-databind-2.9.5.jar:2.9.5]
	at com.fasterxml.jackson.databind.ObjectWriter.writeValue(ObjectWriter.java:913) ~[jackson-databind-2.9.5.jar:2.9.5]
	at org.springframework.http.converter.json.AbstractJackson2HttpMessageConverter.writeInternal(AbstractJackson2HttpMessageConverter.java:286) ~[spring-web-5.0.6.RELEASE.jar:5.0.6.RELEASE]
	at org.springframework.http.converter.AbstractGenericHttpMessageConverter.write(AbstractGenericHttpMessageConverter.java:102) ~[spring-web-5.0.6.RELEASE.jar:5.0.6.RELEASE]
	at org.springframework.web.servlet.mvc.method.annotation.AbstractMessageConverterMethodProcessor.writeWithMessageConverters(AbstractMessageConverterMethodProcessor.java:272) ~[spring-webmvc-5.0.6.RELEASE.jar:5.0.6.RELEASE]
	at org.springframework.web.servlet.mvc.method.annotation.HttpEntityMethodProcessor.handleReturnValue(HttpEntityMethodProcessor.java:224) ~[spring-webmvc-5.0.6.RELEASE.jar:5.0.6.RELEASE]
	at org.springframework.web.method.support.HandlerMethodReturnValueHandlerComposite.handleReturnValue(HandlerMethodReturnValueHandlerComposite.java:82) ~[spring-web-5.0.6.RELEASE.jar:5.0.6.RELEASE]
	at org.springframework.web.servlet.mvc.method.annotation.ServletInvocableHandlerMethod.invokeAndHandle(ServletInvocableHandlerMethod.java:119) ~[spring-webmvc-5.0.6.RELEASE.jar:5.0.6.RELEASE]
	at org.springframework.web.servlet.mvc.method.annotation.RequestMappingHandlerAdapter.invokeHandlerMethod(RequestMappingHandlerAdapter.java:877) ~[spring-webmvc-5.0.6.RELEASE.jar:5.0.6.RELEASE]
	at org.springframework.web.servlet.mvc.method.annotation.RequestMappingHandlerAdapter.handleInternal(RequestMappingHandlerAdapter.java:783) ~[spring-webmvc-5.0.6.RELEASE.jar:5.0.6.RELEASE]
	at org.springframework.web.servlet.mvc.method.AbstractHandlerMethodAdapter.handle(AbstractHandlerMethodAdapter.java:87) ~[spring-webmvc-5.0.6.RELEASE.jar:5.0.6.RELEASE]
	at org.springframework.web.servlet.DispatcherServlet.doDispatch(DispatcherServlet.java:991) ~[spring-webmvc-5.0.6.RELEASE.jar:5.0.6.RELEASE]
	at org.springframework.web.servlet.DispatcherServlet.doService(DispatcherServlet.java:925) ~[spring-webmvc-5.0.6.RELEASE.jar:5.0.6.RELEASE]
	at org.springframework.web.servlet.FrameworkServlet.processRequest(FrameworkServlet.java:974) ~[spring-webmvc-5.0.6.RELEASE.jar:5.0.6.RELEASE]
	at org.springframework.web.servlet.FrameworkServlet.doGet(FrameworkServlet.java:866) ~[spring-webmvc-5.0.6.RELEASE.jar:5.0.6.RELEASE]
	at javax.servlet.http.HttpServlet.service(HttpServlet.java:635) ~[tomcat-embed-core-8.5.31.jar:8.5.31]
	at org.springframework.web.servlet.FrameworkServlet.service(FrameworkServlet.java:851) ~[spring-webmvc-5.0.6.RELEASE.jar:5.0.6.RELEASE]
	at javax.servlet.http.HttpServlet.service(HttpServlet.java:742) ~[tomcat-embed-core-8.5.31.jar:8.5.31]
	at org.apache.catalina.core.ApplicationFilterChain.internalDoFilter(ApplicationFilterChain.java:231) ~[tomcat-embed-core-8.5.31.jar:8.5.31]
	at org.apache.catalina.core.ApplicationFilterChain.doFilter(ApplicationFilterChain.java:166) ~[tomcat-embed-core-8.5.31.jar:8.5.31]
	at org.apache.tomcat.websocket.server.WsFilter.doFilter(WsFilter.java:52) ~[tomcat-embed-websocket-8.5.31.jar:8.5.31]
	at org.apache.catalina.core.ApplicationFilterChain.internalDoFilter(ApplicationFilterChain.java:193) ~[tomcat-embed-core-8.5.31.jar:8.5.31]
	at org.apache.catalina.core.ApplicationFilterChain.doFilter(ApplicationFilterChain.java:166) ~[tomcat-embed-core-8.5.31.jar:8.5.31]
	at org.springframework.web.filter.RequestContextFilter.doFilterInternal(RequestContextFilter.java:99) ~[spring-web-5.0.6.RELEASE.jar:5.0.6.RELEASE]
	at org.springframework.web.filter.OncePerRequestFilter.doFilter(OncePerRequestFilter.java:107) ~[spring-web-5.0.6.RELEASE.jar:5.0.6.RELEASE]
	at org.apache.catalina.core.ApplicationFilterChain.internalDoFilter(ApplicationFilterChain.java:193) ~[tomcat-embed-core-8.5.31.jar:8.5.31]
	at org.apache.catalina.core.ApplicationFilterChain.doFilter(ApplicationFilterChain.java:166) ~[tomcat-embed-core-8.5.31.jar:8.5.31]
	at org.springframework.web.filter.HttpPutFormContentFilter.doFilterInternal(HttpPutFormContentFilter.java:109) ~[spring-web-5.0.6.RELEASE.jar:5.0.6.RELEASE]
	at org.springframework.web.filter.OncePerRequestFilter.doFilter(OncePerRequestFilter.java:107) ~[spring-web-5.0.6.RELEASE.jar:5.0.6.RELEASE]
	at org.apache.catalina.core.ApplicationFilterChain.internalDoFilter(ApplicationFilterChain.java:193) ~[tomcat-embed-core-8.5.31.jar:8.5.31]
	at org.apache.catalina.core.ApplicationFilterChain.doFilter(ApplicationFilterChain.java:166) ~[tomcat-embed-core-8.5.31.jar:8.5.31]
	at org.springframework.web.filter.HiddenHttpMethodFilter.doFilterInternal(HiddenHttpMethodFilter.java:81) ~[spring-web-5.0.6.RELEASE.jar:5.0.6.RELEASE]
	at org.springframework.web.filter.OncePerRequestFilter.doFilter(OncePerRequestFilter.java:107) ~[spring-web-5.0.6.RELEASE.jar:5.0.6.RELEASE]
	at org.apache.catalina.core.ApplicationFilterChain.internalDoFilter(ApplicationFilterChain.java:193) ~[tomcat-embed-core-8.5.31.jar:8.5.31]
	at org.apache.catalina.core.ApplicationFilterChain.doFilter(ApplicationFilterChain.java:166) ~[tomcat-embed-core-8.5.31.jar:8.5.31]
	at org.springframework.web.filter.CharacterEncodingFilter.doFilterInternal(CharacterEncodingFilter.java:200) ~[spring-web-5.0.6.RELEASE.jar:5.0.6.RELEASE]
	at org.springframework.web.filter.OncePerRequestFilter.doFilter(OncePerRequestFilter.java:107) ~[spring-web-5.0.6.RELEASE.jar:5.0.6.RELEASE]
	at org.apache.catalina.core.ApplicationFilterChain.internalDoFilter(ApplicationFilterChain.java:193) ~[tomcat-embed-core-8.5.31.jar:8.5.31]
	at org.apache.catalina.core.ApplicationFilterChain.doFilter(ApplicationFilterChain.java:166) ~[tomcat-embed-core-8.5.31.jar:8.5.31]
	at org.apache.catalina.core.StandardWrapperValve.invoke(StandardWrapperValve.java:198) [tomcat-embed-core-8.5.31.jar:8.5.31]
	at org.apache.catalina.core.StandardContextValve.invoke(StandardContextValve.java:96) [tomcat-embed-core-8.5.31.jar:8.5.31]
	at org.apache.catalina.authenticator.AuthenticatorBase.invoke(AuthenticatorBase.java:496) [tomcat-embed-core-8.5.31.jar:8.5.31]
	at org.apache.catalina.core.StandardHostValve.invoke(StandardHostValve.java:140) [tomcat-embed-core-8.5.31.jar:8.5.31]
	at org.apache.catalina.valves.ErrorReportValve.invoke(ErrorReportValve.java:81) [tomcat-embed-core-8.5.31.jar:8.5.31]
	at org.apache.catalina.core.StandardEngineValve.invoke(StandardEngineValve.java:87) [tomcat-embed-core-8.5.31.jar:8.5.31]
	at org.apache.catalina.connector.CoyoteAdapter.service(CoyoteAdapter.java:342) [tomcat-embed-core-8.5.31.jar:8.5.31]
	at org.apache.coyote.http11.Http11Processor.service(Http11Processor.java:803) [tomcat-embed-core-8.5.31.jar:8.5.31]
	at org.apache.coyote.AbstractProcessorLight.process(AbstractProcessorLight.java:66) [tomcat-embed-core-8.5.31.jar:8.5.31]
	at org.apache.coyote.AbstractProtocol$ConnectionHandler.process(AbstractProtocol.java:790) [tomcat-embed-core-8.5.31.jar:8.5.31]
	at org.apache.tomcat.util.net.NioEndpoint$SocketProcessor.doRun(NioEndpoint.java:1468) [tomcat-embed-core-8.5.31.jar:8.5.31]
	at org.apache.tomcat.util.net.SocketProcessorBase.run(SocketProcessorBase.java:49) [tomcat-embed-core-8.5.31.jar:8.5.31]
	at java.util.concurrent.ThreadPoolExecutor.runWorker(ThreadPoolExecutor.java:1149) [?:1.8.0_221]
	at java.util.concurrent.ThreadPoolExecutor$Worker.run(ThreadPoolExecutor.java:624) [?:1.8.0_221]
	at org.apache.tomcat.util.threads.TaskThread$WrappingRunnable.run(TaskThread.java:61) [tomcat-embed-core-8.5.31.jar:8.5.31]
	at java.lang.Thread.run(Thread.java:748) [?:1.8.0_221]
[WARN ] 2019-07-31T08:43:12,859 [Thread-3 (ActiveMQ-client-global-threads)] RPCClientProxyHandler - Terminating observables.
