[INFO ] 2019-08-06T00:27:44,631 [main] ServerKt - Starting ServerKt on DESKTOP-RA4VRHP with PID 9876 (C:\Users\ezekiel\Corda-Cadets\cordapp-template-kotlin\clients\build\classes\kotlin\main started by ezekiel in C:\Users\ezekiel\Corda-Cadets\cordapp-template-kotlin\clients)
[INFO ] 2019-08-06T00:27:44,666 [main] ServerKt - No active profile set, falling back to default profiles: default
[INFO ] 2019-08-06T00:27:44,777 [main] AnnotationConfigServletWebServerApplicationContext - Refreshing org.springframework.boot.web.servlet.context.AnnotationConfigServletWebServerApplicationContext@27a5328c: startup date [Tue Aug 06 08:27:44 SGT 2019]; root of context hierarchy
[INFO ] 2019-08-06T00:27:47,492 [main] TomcatWebServer - Tomcat initialized with port(s): 10050 (http)
[INFO ] 2019-08-06T00:27:47,619 [main] Http11NioProtocol - Initializing ProtocolHandler ["http-nio-10050"]
[INFO ] 2019-08-06T00:27:47,642 [main] StandardService - Starting service [Tomcat]
[INFO ] 2019-08-06T00:27:47,642 [main] StandardEngine - Starting Servlet Engine: Apache Tomcat/8.5.31
[INFO ] 2019-08-06T00:27:47,653 [localhost-startStop-1] AprLifecycleListener - The APR based Apache Tomcat Native library which allows optimal performance in production environments was not found on the java.library.path: [C:\Program Files\Java\jdk1.8.0_211\bin;C:\Windows\Sun\Java\bin;C:\Windows\system32;C:\Windows;C:\Program Files\JetBrains\IntelliJ IDEA Community Edition 2019.1.2\jbr\\bin;C:\Program Files\JetBrains\IntelliJ IDEA Community Edition 2019.1.2\jbr\\bin\server;C:\Program Files\JetBrains\IntelliJ IDEA Community Edition 2019.1.2\jbr\\bin;C:\Program Files\JetBrains\IntelliJ IDEA Community Edition 2019.1.2\jbr\\bin\server;C:\Program Files (x86)\Common Files\Oracle\Java\javapath;C:\Program Files (x86)\Intel\iCLS Client\;C:\Program Files\Intel\iCLS Client\;C:\Windows\system32;C:\Windows;C:\Windows\System32\Wbem;C:\Windows\System32\WindowsPowerShell\v1.0\;C:\Windows\System32\OpenSSH\;C:\Program Files (x86)\Intel\Intel(R) Management Engine Components\DAL;C:\Program Files\Intel\Intel(R) Management Engine Components\DAL;C:\Program Files (x86)\Intel\Intel(R) Management Engine Components\IPT;C:\Program Files\Intel\Intel(R) Management Engine Components\IPT;C:\Program Files\nodejs\;C:\Program Files\Git\cmd;C:\Program Files\dotnet\;C:\Program Files\Microsoft SQL Server\130\Tools\Binn\;C:\Program Files\Microsoft SQL Server\Client SDK\ODBC\170\Tools\Binn\;C:\Users\ezekiel\AppData\Roaming\npm;C:\Program Files\MySQL\MySQL Shell 8.0\bin\;C:\Users\ezekiel\AppData\Local\Programs\Microsoft VS Code\bin;C:\Users\ezekiel\AppData\Roaming\npm;;.]
[INFO ] 2019-08-06T00:27:47,817 [localhost-startStop-1] [/] - Initializing Spring embedded WebApplicationContext
[INFO ] 2019-08-06T00:27:47,818 [localhost-startStop-1] ContextLoader - Root WebApplicationContext: initialization completed in 3044 ms
[INFO ] 2019-08-06T00:27:48,015 [localhost-startStop-1] ServletRegistrationBean - Servlet dispatcherServlet mapped to [/]
[INFO ] 2019-08-06T00:27:48,020 [localhost-startStop-1] FilterRegistrationBean - Mapping filter: 'characterEncodingFilter' to: [/*]
[INFO ] 2019-08-06T00:27:48,021 [localhost-startStop-1] FilterRegistrationBean - Mapping filter: 'hiddenHttpMethodFilter' to: [/*]
[INFO ] 2019-08-06T00:27:48,022 [localhost-startStop-1] FilterRegistrationBean - Mapping filter: 'httpPutFormContentFilter' to: [/*]
[INFO ] 2019-08-06T00:27:48,023 [localhost-startStop-1] FilterRegistrationBean - Mapping filter: 'requestContextFilter' to: [/*]
[INFO ] 2019-08-06T00:27:49,810 [main] RPCClient - Startup took 1486 msec
[INFO ] 2019-08-06T00:27:50,530 [main] RequestMappingHandlerMapping - Mapped "{[/templateendpoint],methods=[GET],produces=[text/plain]}" onto private final java.lang.String com.template.webserver.Controller.templateendpoint()
[INFO ] 2019-08-06T00:27:50,535 [main] RequestMappingHandlerMapping - Mapped "{[/token/nonfungible],methods=[GET],produces=[application/json]}" onto private final org.springframework.http.ResponseEntity<java.util.Map<java.lang.String, java.lang.Object>> com.template.webserver.dvpController.getNonFungibleToken()
[INFO ] 2019-08-06T00:27:50,537 [main] RequestMappingHandlerMapping - Mapped "{[/token/nonfungibletoken/issue],methods=[POST],produces=[application/json]}" onto private final org.springframework.http.ResponseEntity<java.util.Map<java.lang.String, java.lang.Object>> com.template.webserver.dvpController.NonFungibleIssueModel(com.template.Models.NonFungibleIssueModel)
[INFO ] 2019-08-06T00:27:50,537 [main] RequestMappingHandlerMapping - Mapped "{[/token/nonfungibletoken/create],methods=[POST],produces=[application/json]}" onto private final org.springframework.http.ResponseEntity<java.util.Map<java.lang.String, java.lang.Object>> com.template.webserver.dvpController.NonFungibleCreateModel(com.template.Models.NonFungibleCreateModel)
[INFO ] 2019-08-06T00:27:50,538 [main] RequestMappingHandlerMapping - Mapped "{[/token/fungibletoken],methods=[GET],produces=[application/json]}" onto private final org.springframework.http.ResponseEntity<java.util.Map<java.lang.String, java.lang.Object>> com.template.webserver.dvpController.getFungibleToken()
[INFO ] 2019-08-06T00:27:50,538 [main] RequestMappingHandlerMapping - Mapped "{[/token/housestate],methods=[GET],produces=[application/json]}" onto private final org.springframework.http.ResponseEntity<java.util.Map<java.lang.String, java.lang.Object>> com.template.webserver.dvpController.getHouseState()
[INFO ] 2019-08-06T00:27:50,540 [main] RequestMappingHandlerMapping - Mapped "{[/token/sellhouse],methods=[POST],produces=[application/json]}" onto private final org.springframework.http.ResponseEntity<java.util.Map<java.lang.String, java.lang.Object>> com.template.webserver.dvpController.HouseSaleModel(com.template.Models.HouseSaleModel)
[INFO ] 2019-08-06T00:27:50,559 [main] RequestMappingHandlerMapping - Mapped "{[/token/fungibletoken/issue],methods=[POST],produces=[application/json]}" onto private final org.springframework.http.ResponseEntity<java.util.Map<java.lang.String, java.lang.Object>> com.template.webserver.dvpController.TokenIssueModel(com.template.Models.FiatCurrencyIssueModel)
[INFO ] 2019-08-06T00:27:50,560 [main] RequestMappingHandlerMapping - Mapped "{[/token/trysample],methods=[GET],produces=[application/json]}" onto private final void com.template.webserver.dvpController.trysample()
[INFO ] 2019-08-06T00:27:50,568 [main] RequestMappingHandlerMapping - Mapped "{[/queryToken],methods=[GET],produces=[application/json]}" onto private final org.springframework.http.ResponseEntity<java.lang.Object> com.template.webserver.TokenController.queryTokenFun(org.springframework.http.RequestEntity<com.template.TOKENAPI.TokenModel>)
[INFO ] 2019-08-06T00:27:50,570 [main] RequestMappingHandlerMapping - Mapped "{[/updateToken],methods=[POST],produces=[application/json]}" onto private final org.springframework.http.ResponseEntity<java.lang.String> com.template.webserver.TokenController.updateTokeInDB(org.springframework.http.RequestEntity<com.template.TOKENAPI.TokenModel>)
[INFO ] 2019-08-06T00:27:50,572 [main] RequestMappingHandlerMapping - Mapped "{[/addToken],methods=[POST],produces=[application/json]}" onto private final org.springframework.http.ResponseEntity<java.lang.String> com.template.webserver.TokenController.addTokenToDB(org.springframework.http.RequestEntity<com.template.TOKENAPI.TokenModel>)
[INFO ] 2019-08-06T00:27:50,579 [main] RequestMappingHandlerMapping - Mapped "{[/swagger-resources/configuration/security]}" onto public org.springframework.http.ResponseEntity<springfox.documentation.swagger.web.SecurityConfiguration> springfox.documentation.swagger.web.ApiResourceController.securityConfiguration()
[INFO ] 2019-08-06T00:27:50,580 [main] RequestMappingHandlerMapping - Mapped "{[/swagger-resources/configuration/ui]}" onto public org.springframework.http.ResponseEntity<springfox.documentation.swagger.web.UiConfiguration> springfox.documentation.swagger.web.ApiResourceController.uiConfiguration()
[INFO ] 2019-08-06T00:27:50,581 [main] RequestMappingHandlerMapping - Mapped "{[/swagger-resources]}" onto public org.springframework.http.ResponseEntity<java.util.List<springfox.documentation.swagger.web.SwaggerResource>> springfox.documentation.swagger.web.ApiResourceController.swaggerResources()
[INFO ] 2019-08-06T00:27:50,587 [main] RequestMappingHandlerMapping - Mapped "{[/error]}" onto public org.springframework.http.ResponseEntity<java.util.Map<java.lang.String, java.lang.Object>> org.springframework.boot.autoconfigure.web.servlet.error.BasicErrorController.error(javax.servlet.http.HttpServletRequest)
[INFO ] 2019-08-06T00:27:50,587 [main] RequestMappingHandlerMapping - Mapped "{[/error],produces=[text/html]}" onto public org.springframework.web.servlet.ModelAndView org.springframework.boot.autoconfigure.web.servlet.error.BasicErrorController.errorHtml(javax.servlet.http.HttpServletRequest,javax.servlet.http.HttpServletResponse)
[INFO ] 2019-08-06T00:27:50,927 [main] PropertySourcedRequestMappingHandlerMapping - Mapped URL path [/v2/api-docs] onto method [public org.springframework.http.ResponseEntity<springfox.documentation.spring.web.json.Json> springfox.documentation.swagger2.web.Swagger2Controller.getDocumentation(java.lang.String,javax.servlet.http.HttpServletRequest)]
[INFO ] 2019-08-06T00:27:51,018 [main] SimpleUrlHandlerMapping - Mapped URL path [/**/favicon.ico] onto handler of type [class org.springframework.web.servlet.resource.ResourceHttpRequestHandler]
[INFO ] 2019-08-06T00:27:51,283 [main] RequestMappingHandlerAdapter - Looking for @ControllerAdvice: org.springframework.boot.web.servlet.context.AnnotationConfigServletWebServerApplicationContext@27a5328c: startup date [Tue Aug 06 08:27:44 SGT 2019]; root of context hierarchy
[INFO ] 2019-08-06T00:27:51,402 [main] SimpleUrlHandlerMapping - Mapped URL path [/webjars/**] onto handler of type [class org.springframework.web.servlet.resource.ResourceHttpRequestHandler]
[INFO ] 2019-08-06T00:27:51,402 [main] SimpleUrlHandlerMapping - Mapped URL path [/**] onto handler of type [class org.springframework.web.servlet.resource.ResourceHttpRequestHandler]
[INFO ] 2019-08-06T00:27:51,451 [main] WelcomePageHandlerMapping - Adding welcome page: class path resource [static/index.html]
[INFO ] 2019-08-06T00:27:51,744 [main] AnnotationMBeanExporter - Registering beans for JMX exposure on startup
[INFO ] 2019-08-06T00:27:51,759 [main] DefaultLifecycleProcessor - Starting beans in phase 2147483647
[INFO ] 2019-08-06T00:27:51,759 [main] DocumentationPluginsBootstrapper - Context refreshed
[INFO ] 2019-08-06T00:27:51,801 [main] DocumentationPluginsBootstrapper - Found 1 custom documentation plugin(s)
[INFO ] 2019-08-06T00:27:51,844 [main] ApiListingReferenceScanner - Scanning for api listing references
[INFO ] 2019-08-06T00:27:52,209 [main] Http11NioProtocol - Starting ProtocolHandler ["http-nio-10050"]
[INFO ] 2019-08-06T00:27:52,211 [main] NioSelectorPool - Using a shared selector for servlet write/read
[INFO ] 2019-08-06T00:27:52,234 [main] TomcatWebServer - Tomcat started on port(s): 10050 (http) with context path ''
[INFO ] 2019-08-06T00:27:52,238 [main] ServerKt - Started ServerKt in 9.338 seconds (JVM running for 10.434)
[INFO ] 2019-08-06T00:28:13,248 [http-nio-10050-exec-1] [/] - Initializing Spring FrameworkServlet 'dispatcherServlet'
[INFO ] 2019-08-06T00:28:13,249 [http-nio-10050-exec-1] DispatcherServlet - FrameworkServlet 'dispatcherServlet': initialization started
[INFO ] 2019-08-06T00:28:13,267 [http-nio-10050-exec-1] DispatcherServlet - FrameworkServlet 'dispatcherServlet': initialization completed in 18 ms
[WARN ] 2019-08-06T00:36:27,074 [Thread-2 (ActiveMQ-client-global-threads)] RPCClientProxyHandler - Terminating observables.
[INFO ] 2019-08-06T03:15:02,376 [main] ServerKt - Starting ServerKt on DESKTOP-RA4VRHP with PID 11812 (C:\Users\ezekiel\Corda-Cadets\cordapp-template-kotlin\clients\build\classes\kotlin\main started by ezekiel in C:\Users\ezekiel\Corda-Cadets\cordapp-template-kotlin\clients)
[INFO ] 2019-08-06T03:15:02,413 [main] ServerKt - No active profile set, falling back to default profiles: default
[INFO ] 2019-08-06T03:15:02,521 [main] AnnotationConfigServletWebServerApplicationContext - Refreshing org.springframework.boot.web.servlet.context.AnnotationConfigServletWebServerApplicationContext@1e5f4170: startup date [Tue Aug 06 11:15:02 SGT 2019]; root of context hierarchy
[INFO ] 2019-08-06T03:15:04,927 [main] TomcatWebServer - Tomcat initialized with port(s): 10050 (http)
[INFO ] 2019-08-06T03:15:04,952 [main] Http11NioProtocol - Initializing ProtocolHandler ["http-nio-10050"]
[INFO ] 2019-08-06T03:15:04,981 [main] StandardService - Starting service [Tomcat]
[INFO ] 2019-08-06T03:15:04,982 [main] StandardEngine - Starting Servlet Engine: Apache Tomcat/8.5.31
[INFO ] 2019-08-06T03:15:05,002 [localhost-startStop-1] AprLifecycleListener - The APR based Apache Tomcat Native library which allows optimal performance in production environments was not found on the java.library.path: [C:\Program Files\Java\jdk1.8.0_211\bin;C:\Windows\Sun\Java\bin;C:\Windows\system32;C:\Windows;C:\Program Files\JetBrains\IntelliJ IDEA Community Edition 2019.1.2\jbr\\bin;C:\Program Files\JetBrains\IntelliJ IDEA Community Edition 2019.1.2\jbr\\bin\server;C:\Program Files\JetBrains\IntelliJ IDEA Community Edition 2019.1.2\jbr\\bin;C:\Program Files\JetBrains\IntelliJ IDEA Community Edition 2019.1.2\jbr\\bin\server;C:\Program Files (x86)\Common Files\Oracle\Java\javapath;C:\Program Files (x86)\Intel\iCLS Client\;C:\Program Files\Intel\iCLS Client\;C:\Windows\system32;C:\Windows;C:\Windows\System32\Wbem;C:\Windows\System32\WindowsPowerShell\v1.0\;C:\Windows\System32\OpenSSH\;C:\Program Files (x86)\Intel\Intel(R) Management Engine Components\DAL;C:\Program Files\Intel\Intel(R) Management Engine Components\DAL;C:\Program Files (x86)\Intel\Intel(R) Management Engine Components\IPT;C:\Program Files\Intel\Intel(R) Management Engine Components\IPT;C:\Program Files\nodejs\;C:\Program Files\Git\cmd;C:\Program Files\dotnet\;C:\Program Files\Microsoft SQL Server\130\Tools\Binn\;C:\Program Files\Microsoft SQL Server\Client SDK\ODBC\170\Tools\Binn\;C:\Users\ezekiel\AppData\Roaming\npm;C:\Program Files\MySQL\MySQL Shell 8.0\bin\;C:\Users\ezekiel\AppData\Local\Programs\Microsoft VS Code\bin;C:\Users\ezekiel\AppData\Roaming\npm;;.]
[INFO ] 2019-08-06T03:15:05,275 [localhost-startStop-1] [/] - Initializing Spring embedded WebApplicationContext
[INFO ] 2019-08-06T03:15:05,276 [localhost-startStop-1] ContextLoader - Root WebApplicationContext: initialization completed in 2758 ms
[INFO ] 2019-08-06T03:15:05,527 [localhost-startStop-1] ServletRegistrationBean - Servlet dispatcherServlet mapped to [/]
[INFO ] 2019-08-06T03:15:05,534 [localhost-startStop-1] FilterRegistrationBean - Mapping filter: 'characterEncodingFilter' to: [/*]
[INFO ] 2019-08-06T03:15:05,535 [localhost-startStop-1] FilterRegistrationBean - Mapping filter: 'hiddenHttpMethodFilter' to: [/*]
[INFO ] 2019-08-06T03:15:05,536 [localhost-startStop-1] FilterRegistrationBean - Mapping filter: 'httpPutFormContentFilter' to: [/*]
[INFO ] 2019-08-06T03:15:05,536 [localhost-startStop-1] FilterRegistrationBean - Mapping filter: 'requestContextFilter' to: [/*]
[INFO ] 2019-08-06T03:15:08,057 [main] RPCClient - Startup took 2019 msec
[INFO ] 2019-08-06T03:15:08,581 [main] RequestMappingHandlerMapping - Mapped "{[/templateendpoint],methods=[GET],produces=[text/plain]}" onto private final java.lang.String com.template.webserver.Controller.templateendpoint()
[INFO ] 2019-08-06T03:15:08,586 [main] RequestMappingHandlerMapping - Mapped "{[/token/fungibletoken/issue],methods=[POST],produces=[application/json]}" onto private final org.springframework.http.ResponseEntity<java.util.Map<java.lang.String, java.lang.Object>> com.template.webserver.dvpController.TokenIssueModel(com.template.Models.FiatCurrencyIssueModel)
[INFO ] 2019-08-06T03:15:08,588 [main] RequestMappingHandlerMapping - Mapped "{[/token/fungibletoken],methods=[GET],produces=[application/json]}" onto private final org.springframework.http.ResponseEntity<java.util.Map<java.lang.String, java.lang.Object>> com.template.webserver.dvpController.getFungibleToken()
[INFO ] 2019-08-06T03:15:08,590 [main] RequestMappingHandlerMapping - Mapped "{[/token/sellhouse],methods=[POST],produces=[application/json]}" onto private final org.springframework.http.ResponseEntity<java.util.Map<java.lang.String, java.lang.Object>> com.template.webserver.dvpController.HouseSaleModel(com.template.Models.HouseSaleModel)
[INFO ] 2019-08-06T03:15:08,591 [main] RequestMappingHandlerMapping - Mapped "{[/token/housestate],methods=[GET],produces=[application/json]}" onto private final org.springframework.http.ResponseEntity<java.util.Map<java.lang.String, java.lang.Object>> com.template.webserver.dvpController.getHouseState()
[INFO ] 2019-08-06T03:15:08,591 [main] RequestMappingHandlerMapping - Mapped "{[/token/trysample],methods=[GET],produces=[application/json]}" onto private final void com.template.webserver.dvpController.trysample()
[INFO ] 2019-08-06T03:15:08,592 [main] RequestMappingHandlerMapping - Mapped "{[/token/nonfungibletoken/create],methods=[POST],produces=[application/json]}" onto private final org.springframework.http.ResponseEntity<java.util.Map<java.lang.String, java.lang.Object>> com.template.webserver.dvpController.NonFungibleCreateModel(com.template.Models.NonFungibleCreateModel)
[INFO ] 2019-08-06T03:15:08,596 [main] RequestMappingHandlerMapping - Mapped "{[/token/nonfungibletoken/issue],methods=[POST],produces=[application/json]}" onto private final org.springframework.http.ResponseEntity<java.util.Map<java.lang.String, java.lang.Object>> com.template.webserver.dvpController.NonFungibleIssueModel(com.template.Models.NonFungibleIssueModel)
[INFO ] 2019-08-06T03:15:08,612 [main] RequestMappingHandlerMapping - Mapped "{[/token/nonfungible],methods=[GET],produces=[application/json]}" onto private final org.springframework.http.ResponseEntity<java.util.Map<java.lang.String, java.lang.Object>> com.template.webserver.dvpController.getNonFungibleToken()
[INFO ] 2019-08-06T03:15:08,622 [main] RequestMappingHandlerMapping - Mapped "{[/queryToken],methods=[GET],produces=[application/json]}" onto private final org.springframework.http.ResponseEntity<java.lang.Object> com.template.webserver.TokenController.queryTokenFun(org.springframework.http.RequestEntity<com.template.TOKENAPI.TokenModel>)
[INFO ] 2019-08-06T03:15:08,628 [main] RequestMappingHandlerMapping - Mapped "{[/updateToken],methods=[POST],produces=[application/json]}" onto private final org.springframework.http.ResponseEntity<java.lang.String> com.template.webserver.TokenController.updateTokeInDB(org.springframework.http.RequestEntity<com.template.TOKENAPI.TokenModel>)
[INFO ] 2019-08-06T03:15:08,631 [main] RequestMappingHandlerMapping - Mapped "{[/addToken],methods=[POST],produces=[application/json]}" onto private final org.springframework.http.ResponseEntity<java.lang.String> com.template.webserver.TokenController.addTokenToDB(org.springframework.http.RequestEntity<com.template.TOKENAPI.TokenModel>)
[INFO ] 2019-08-06T03:15:08,641 [main] RequestMappingHandlerMapping - Mapped "{[/swagger-resources]}" onto public org.springframework.http.ResponseEntity<java.util.List<springfox.documentation.swagger.web.SwaggerResource>> springfox.documentation.swagger.web.ApiResourceController.swaggerResources()
[INFO ] 2019-08-06T03:15:08,642 [main] RequestMappingHandlerMapping - Mapped "{[/swagger-resources/configuration/ui]}" onto public org.springframework.http.ResponseEntity<springfox.documentation.swagger.web.UiConfiguration> springfox.documentation.swagger.web.ApiResourceController.uiConfiguration()
[INFO ] 2019-08-06T03:15:08,644 [main] RequestMappingHandlerMapping - Mapped "{[/swagger-resources/configuration/security]}" onto public org.springframework.http.ResponseEntity<springfox.documentation.swagger.web.SecurityConfiguration> springfox.documentation.swagger.web.ApiResourceController.securityConfiguration()
[INFO ] 2019-08-06T03:15:08,650 [main] RequestMappingHandlerMapping - Mapped "{[/error]}" onto public org.springframework.http.ResponseEntity<java.util.Map<java.lang.String, java.lang.Object>> org.springframework.boot.autoconfigure.web.servlet.error.BasicErrorController.error(javax.servlet.http.HttpServletRequest)
[INFO ] 2019-08-06T03:15:08,652 [main] RequestMappingHandlerMapping - Mapped "{[/error],produces=[text/html]}" onto public org.springframework.web.servlet.ModelAndView org.springframework.boot.autoconfigure.web.servlet.error.BasicErrorController.errorHtml(javax.servlet.http.HttpServletRequest,javax.servlet.http.HttpServletResponse)
[INFO ] 2019-08-06T03:15:08,936 [main] PropertySourcedRequestMappingHandlerMapping - Mapped URL path [/v2/api-docs] onto method [public org.springframework.http.ResponseEntity<springfox.documentation.spring.web.json.Json> springfox.documentation.swagger2.web.Swagger2Controller.getDocumentation(java.lang.String,javax.servlet.http.HttpServletRequest)]
[INFO ] 2019-08-06T03:15:09,054 [main] SimpleUrlHandlerMapping - Mapped URL path [/**/favicon.ico] onto handler of type [class org.springframework.web.servlet.resource.ResourceHttpRequestHandler]
[INFO ] 2019-08-06T03:15:09,157 [main] RequestMappingHandlerAdapter - Looking for @ControllerAdvice: org.springframework.boot.web.servlet.context.AnnotationConfigServletWebServerApplicationContext@1e5f4170: startup date [Tue Aug 06 11:15:02 SGT 2019]; root of context hierarchy
[INFO ] 2019-08-06T03:15:09,367 [main] SimpleUrlHandlerMapping - Mapped URL path [/webjars/**] onto handler of type [class org.springframework.web.servlet.resource.ResourceHttpRequestHandler]
[INFO ] 2019-08-06T03:15:09,368 [main] SimpleUrlHandlerMapping - Mapped URL path [/**] onto handler of type [class org.springframework.web.servlet.resource.ResourceHttpRequestHandler]
[INFO ] 2019-08-06T03:15:09,419 [main] WelcomePageHandlerMapping - Adding welcome page: class path resource [static/index.html]
[INFO ] 2019-08-06T03:15:09,748 [main] AnnotationMBeanExporter - Registering beans for JMX exposure on startup
[INFO ] 2019-08-06T03:15:09,771 [main] DefaultLifecycleProcessor - Starting beans in phase 2147483647
[INFO ] 2019-08-06T03:15:09,772 [main] DocumentationPluginsBootstrapper - Context refreshed
[INFO ] 2019-08-06T03:15:09,813 [main] DocumentationPluginsBootstrapper - Found 1 custom documentation plugin(s)
[INFO ] 2019-08-06T03:15:09,852 [main] ApiListingReferenceScanner - Scanning for api listing references
[INFO ] 2019-08-06T03:15:10,187 [main] Http11NioProtocol - Starting ProtocolHandler ["http-nio-10050"]
[INFO ] 2019-08-06T03:15:10,189 [main] NioSelectorPool - Using a shared selector for servlet write/read
[INFO ] 2019-08-06T03:15:10,212 [main] TomcatWebServer - Tomcat started on port(s): 10050 (http) with context path ''
[INFO ] 2019-08-06T03:15:10,216 [main] ServerKt - Started ServerKt in 9.457 seconds (JVM running for 10.643)
[INFO ] 2019-08-06T03:17:05,116 [http-nio-10050-exec-1] [/] - Initializing Spring FrameworkServlet 'dispatcherServlet'
[INFO ] 2019-08-06T03:17:05,116 [http-nio-10050-exec-1] DispatcherServlet - FrameworkServlet 'dispatcherServlet': initialization started
[INFO ] 2019-08-06T03:17:05,136 [http-nio-10050-exec-1] DispatcherServlet - FrameworkServlet 'dispatcherServlet': initialization completed in 20 ms
[WARN ] 2019-08-06T03:26:50,411 [Thread-8 (ActiveMQ-client-global-threads)] RPCClientProxyHandler - Terminating observables.
[INFO ] 2019-08-06T03:30:46,458 [main] ServerKt - Starting ServerKt on DESKTOP-RA4VRHP with PID 516 (C:\Users\ezekiel\Corda-Cadets\cordapp-template-kotlin\clients\build\classes\kotlin\main started by ezekiel in C:\Users\ezekiel\Corda-Cadets\cordapp-template-kotlin\clients)
[INFO ] 2019-08-06T03:30:46,466 [main] ServerKt - No active profile set, falling back to default profiles: default
[INFO ] 2019-08-06T03:30:46,601 [main] AnnotationConfigServletWebServerApplicationContext - Refreshing org.springframework.boot.web.servlet.context.AnnotationConfigServletWebServerApplicationContext@1e5f4170: startup date [Tue Aug 06 11:30:46 SGT 2019]; root of context hierarchy
[INFO ] 2019-08-06T03:30:48,668 [main] TomcatWebServer - Tomcat initialized with port(s): 10050 (http)
[INFO ] 2019-08-06T03:30:48,819 [main] Http11NioProtocol - Initializing ProtocolHandler ["http-nio-10050"]
[INFO ] 2019-08-06T03:30:48,944 [main] StandardService - Starting service [Tomcat]
[INFO ] 2019-08-06T03:30:48,961 [main] StandardEngine - Starting Servlet Engine: Apache Tomcat/8.5.31
[INFO ] 2019-08-06T03:30:49,025 [localhost-startStop-1] AprLifecycleListener - The APR based Apache Tomcat Native library which allows optimal performance in production environments was not found on the java.library.path: [C:\Program Files\Java\jdk1.8.0_211\bin;C:\Windows\Sun\Java\bin;C:\Windows\system32;C:\Windows;C:\Program Files\JetBrains\IntelliJ IDEA Community Edition 2019.1.2\jbr\\bin;C:\Program Files\JetBrains\IntelliJ IDEA Community Edition 2019.1.2\jbr\\bin\server;C:\Program Files\JetBrains\IntelliJ IDEA Community Edition 2019.1.2\jbr\\bin;C:\Program Files\JetBrains\IntelliJ IDEA Community Edition 2019.1.2\jbr\\bin\server;C:\Program Files (x86)\Common Files\Oracle\Java\javapath;C:\Program Files (x86)\Intel\iCLS Client\;C:\Program Files\Intel\iCLS Client\;C:\Windows\system32;C:\Windows;C:\Windows\System32\Wbem;C:\Windows\System32\WindowsPowerShell\v1.0\;C:\Windows\System32\OpenSSH\;C:\Program Files (x86)\Intel\Intel(R) Management Engine Components\DAL;C:\Program Files\Intel\Intel(R) Management Engine Components\DAL;C:\Program Files (x86)\Intel\Intel(R) Management Engine Components\IPT;C:\Program Files\Intel\Intel(R) Management Engine Components\IPT;C:\Program Files\nodejs\;C:\Program Files\Git\cmd;C:\Program Files\dotnet\;C:\Program Files\Microsoft SQL Server\130\Tools\Binn\;C:\Program Files\Microsoft SQL Server\Client SDK\ODBC\170\Tools\Binn\;C:\Users\ezekiel\AppData\Roaming\npm;C:\Program Files\MySQL\MySQL Shell 8.0\bin\;C:\Users\ezekiel\AppData\Local\Programs\Microsoft VS Code\bin;C:\Users\ezekiel\AppData\Roaming\npm;;.]
[INFO ] 2019-08-06T03:30:49,254 [localhost-startStop-1] [/] - Initializing Spring embedded WebApplicationContext
[INFO ] 2019-08-06T03:30:49,255 [localhost-startStop-1] ContextLoader - Root WebApplicationContext: initialization completed in 2656 ms
[INFO ] 2019-08-06T03:30:49,449 [localhost-startStop-1] ServletRegistrationBean - Servlet dispatcherServlet mapped to [/]
[INFO ] 2019-08-06T03:30:49,456 [localhost-startStop-1] FilterRegistrationBean - Mapping filter: 'characterEncodingFilter' to: [/*]
[INFO ] 2019-08-06T03:30:49,457 [localhost-startStop-1] FilterRegistrationBean - Mapping filter: 'hiddenHttpMethodFilter' to: [/*]
[INFO ] 2019-08-06T03:30:49,457 [localhost-startStop-1] FilterRegistrationBean - Mapping filter: 'httpPutFormContentFilter' to: [/*]
[INFO ] 2019-08-06T03:30:49,457 [localhost-startStop-1] FilterRegistrationBean - Mapping filter: 'requestContextFilter' to: [/*]
[INFO ] 2019-08-06T03:30:51,462 [main] RPCClient - Startup took 1509 msec
[INFO ] 2019-08-06T03:30:52,008 [main] RequestMappingHandlerMapping - Mapped "{[/templateendpoint],methods=[GET],produces=[text/plain]}" onto private final java.lang.String com.template.webserver.Controller.templateendpoint()
[INFO ] 2019-08-06T03:30:52,013 [main] RequestMappingHandlerMapping - Mapped "{[/token/fungibletoken/issue],methods=[POST],produces=[application/json]}" onto private final org.springframework.http.ResponseEntity<java.util.Map<java.lang.String, java.lang.Object>> com.template.webserver.dvpController.TokenIssueModel(com.template.Models.FiatCurrencyIssueModel)
[INFO ] 2019-08-06T03:30:52,016 [main] RequestMappingHandlerMapping - Mapped "{[/token/fungibletoken],methods=[GET],produces=[application/json]}" onto private final org.springframework.http.ResponseEntity<java.util.Map<java.lang.String, java.lang.Object>> com.template.webserver.dvpController.getFungibleToken()
[INFO ] 2019-08-06T03:30:52,017 [main] RequestMappingHandlerMapping - Mapped "{[/token/trysample],methods=[GET],produces=[application/json]}" onto private final void com.template.webserver.dvpController.trysample()
[INFO ] 2019-08-06T03:30:52,019 [main] RequestMappingHandlerMapping - Mapped "{[/token/housestate],methods=[GET],produces=[application/json]}" onto private final org.springframework.http.ResponseEntity<java.util.Map<java.lang.String, java.lang.Object>> com.template.webserver.dvpController.getHouseState()
[INFO ] 2019-08-06T03:30:52,021 [main] RequestMappingHandlerMapping - Mapped "{[/token/sellhouse],methods=[POST],produces=[application/json]}" onto private final org.springframework.http.ResponseEntity<java.util.Map<java.lang.String, java.lang.Object>> com.template.webserver.dvpController.HouseSaleModel(com.template.Models.HouseSaleModel)
[INFO ] 2019-08-06T03:30:52,023 [main] RequestMappingHandlerMapping - Mapped "{[/token/nonfungibletoken/create],methods=[POST],produces=[application/json]}" onto private final org.springframework.http.ResponseEntity<java.util.Map<java.lang.String, java.lang.Object>> com.template.webserver.dvpController.NonFungibleCreateModel(com.template.Models.NonFungibleCreateModel)
[INFO ] 2019-08-06T03:30:52,037 [main] RequestMappingHandlerMapping - Mapped "{[/token/nonfungibletoken/issue],methods=[POST],produces=[application/json]}" onto private final org.springframework.http.ResponseEntity<java.util.Map<java.lang.String, java.lang.Object>> com.template.webserver.dvpController.NonFungibleIssueModel(com.template.Models.NonFungibleIssueModel)
[INFO ] 2019-08-06T03:30:52,041 [main] RequestMappingHandlerMapping - Mapped "{[/token/nonfungible],methods=[GET],produces=[application/json]}" onto private final org.springframework.http.ResponseEntity<java.util.Map<java.lang.String, java.lang.Object>> com.template.webserver.dvpController.getNonFungibleToken()
[INFO ] 2019-08-06T03:30:52,048 [main] RequestMappingHandlerMapping - Mapped "{[/addToken],methods=[POST],produces=[application/json]}" onto private final org.springframework.http.ResponseEntity<java.lang.String> com.template.webserver.TokenController.addTokenToDB(org.springframework.http.RequestEntity<com.template.TOKENAPI.TokenModel>)
[INFO ] 2019-08-06T03:30:52,049 [main] RequestMappingHandlerMapping - Mapped "{[/queryToken],methods=[GET],produces=[application/json]}" onto private final org.springframework.http.ResponseEntity<java.lang.Object> com.template.webserver.TokenController.queryTokenFun(org.springframework.http.RequestEntity<com.template.TOKENAPI.TokenModel>)
[INFO ] 2019-08-06T03:30:52,051 [main] RequestMappingHandlerMapping - Mapped "{[/updateToken],methods=[POST],produces=[application/json]}" onto private final org.springframework.http.ResponseEntity<java.lang.String> com.template.webserver.TokenController.updateTokeInDB(org.springframework.http.RequestEntity<com.template.TOKENAPI.TokenModel>)
[INFO ] 2019-08-06T03:30:52,058 [main] RequestMappingHandlerMapping - Mapped "{[/swagger-resources/configuration/ui]}" onto public org.springframework.http.ResponseEntity<springfox.documentation.swagger.web.UiConfiguration> springfox.documentation.swagger.web.ApiResourceController.uiConfiguration()
[INFO ] 2019-08-06T03:30:52,059 [main] RequestMappingHandlerMapping - Mapped "{[/swagger-resources]}" onto public org.springframework.http.ResponseEntity<java.util.List<springfox.documentation.swagger.web.SwaggerResource>> springfox.documentation.swagger.web.ApiResourceController.swaggerResources()
[INFO ] 2019-08-06T03:30:52,060 [main] RequestMappingHandlerMapping - Mapped "{[/swagger-resources/configuration/security]}" onto public org.springframework.http.ResponseEntity<springfox.documentation.swagger.web.SecurityConfiguration> springfox.documentation.swagger.web.ApiResourceController.securityConfiguration()
[INFO ] 2019-08-06T03:30:52,063 [main] RequestMappingHandlerMapping - Mapped "{[/error]}" onto public org.springframework.http.ResponseEntity<java.util.Map<java.lang.String, java.lang.Object>> org.springframework.boot.autoconfigure.web.servlet.error.BasicErrorController.error(javax.servlet.http.HttpServletRequest)
[INFO ] 2019-08-06T03:30:52,064 [main] RequestMappingHandlerMapping - Mapped "{[/error],produces=[text/html]}" onto public org.springframework.web.servlet.ModelAndView org.springframework.boot.autoconfigure.web.servlet.error.BasicErrorController.errorHtml(javax.servlet.http.HttpServletRequest,javax.servlet.http.HttpServletResponse)
[INFO ] 2019-08-06T03:30:52,413 [main] PropertySourcedRequestMappingHandlerMapping - Mapped URL path [/v2/api-docs] onto method [public org.springframework.http.ResponseEntity<springfox.documentation.spring.web.json.Json> springfox.documentation.swagger2.web.Swagger2Controller.getDocumentation(java.lang.String,javax.servlet.http.HttpServletRequest)]
[INFO ] 2019-08-06T03:30:52,521 [main] SimpleUrlHandlerMapping - Mapped URL path [/**/favicon.ico] onto handler of type [class org.springframework.web.servlet.resource.ResourceHttpRequestHandler]
[INFO ] 2019-08-06T03:30:52,810 [main] RequestMappingHandlerAdapter - Looking for @ControllerAdvice: org.springframework.boot.web.servlet.context.AnnotationConfigServletWebServerApplicationContext@1e5f4170: startup date [Tue Aug 06 11:30:46 SGT 2019]; root of context hierarchy
[INFO ] 2019-08-06T03:30:52,889 [main] SimpleUrlHandlerMapping - Mapped URL path [/webjars/**] onto handler of type [class org.springframework.web.servlet.resource.ResourceHttpRequestHandler]
[INFO ] 2019-08-06T03:30:52,890 [main] SimpleUrlHandlerMapping - Mapped URL path [/**] onto handler of type [class org.springframework.web.servlet.resource.ResourceHttpRequestHandler]
[INFO ] 2019-08-06T03:30:52,937 [main] WelcomePageHandlerMapping - Adding welcome page: class path resource [static/index.html]
[INFO ] 2019-08-06T03:30:53,246 [main] AnnotationMBeanExporter - Registering beans for JMX exposure on startup
[INFO ] 2019-08-06T03:30:53,265 [main] DefaultLifecycleProcessor - Starting beans in phase 2147483647
[INFO ] 2019-08-06T03:30:53,265 [main] DocumentationPluginsBootstrapper - Context refreshed
[INFO ] 2019-08-06T03:30:53,310 [main] DocumentationPluginsBootstrapper - Found 1 custom documentation plugin(s)
[INFO ] 2019-08-06T03:30:53,366 [main] ApiListingReferenceScanner - Scanning for api listing references
[INFO ] 2019-08-06T03:30:53,702 [main] Http11NioProtocol - Starting ProtocolHandler ["http-nio-10050"]
[INFO ] 2019-08-06T03:30:53,704 [main] NioSelectorPool - Using a shared selector for servlet write/read
[INFO ] 2019-08-06T03:30:53,727 [main] TomcatWebServer - Tomcat started on port(s): 10050 (http) with context path ''
[INFO ] 2019-08-06T03:30:53,736 [main] ServerKt - Started ServerKt in 9.618 seconds (JVM running for 10.655)
[INFO ] 2019-08-06T03:31:05,880 [http-nio-10050-exec-1] [/] - Initializing Spring FrameworkServlet 'dispatcherServlet'
[INFO ] 2019-08-06T03:31:05,880 [http-nio-10050-exec-1] DispatcherServlet - FrameworkServlet 'dispatcherServlet': initialization started
[INFO ] 2019-08-06T03:31:05,918 [http-nio-10050-exec-1] DispatcherServlet - FrameworkServlet 'dispatcherServlet': initialization completed in 38 ms
[INFO ] 2019-08-06T03:38:27,814 [main] ServerKt - Starting ServerKt on DESKTOP-RA4VRHP with PID 10996 (C:\Users\ezekiel\Corda-Cadets\cordapp-template-kotlin\clients\build\classes\kotlin\main started by ezekiel in C:\Users\ezekiel\Corda-Cadets\cordapp-template-kotlin\clients)
[INFO ] 2019-08-06T03:38:27,821 [main] ServerKt - No active profile set, falling back to default profiles: default
[INFO ] 2019-08-06T03:38:27,908 [main] AnnotationConfigServletWebServerApplicationContext - Refreshing org.springframework.boot.web.servlet.context.AnnotationConfigServletWebServerApplicationContext@1e5f4170: startup date [Tue Aug 06 11:38:27 SGT 2019]; root of context hierarchy
[INFO ] 2019-08-06T03:38:30,643 [main] TomcatWebServer - Tomcat initialized with port(s): 10050 (http)
[INFO ] 2019-08-06T03:38:30,660 [main] Http11NioProtocol - Initializing ProtocolHandler ["http-nio-10050"]
[INFO ] 2019-08-06T03:38:30,673 [main] StandardService - Starting service [Tomcat]
[INFO ] 2019-08-06T03:38:30,675 [main] StandardEngine - Starting Servlet Engine: Apache Tomcat/8.5.31
[INFO ] 2019-08-06T03:38:30,688 [localhost-startStop-1] AprLifecycleListener - The APR based Apache Tomcat Native library which allows optimal performance in production environments was not found on the java.library.path: [C:\Program Files\Java\jdk1.8.0_211\bin;C:\Windows\Sun\Java\bin;C:\Windows\system32;C:\Windows;C:\Program Files\JetBrains\IntelliJ IDEA Community Edition 2019.1.2\jbr\\bin;C:\Program Files\JetBrains\IntelliJ IDEA Community Edition 2019.1.2\jbr\\bin\server;C:\Program Files\JetBrains\IntelliJ IDEA Community Edition 2019.1.2\jbr\\bin;C:\Program Files\JetBrains\IntelliJ IDEA Community Edition 2019.1.2\jbr\\bin\server;C:\Program Files (x86)\Common Files\Oracle\Java\javapath;C:\Program Files (x86)\Intel\iCLS Client\;C:\Program Files\Intel\iCLS Client\;C:\Windows\system32;C:\Windows;C:\Windows\System32\Wbem;C:\Windows\System32\WindowsPowerShell\v1.0\;C:\Windows\System32\OpenSSH\;C:\Program Files (x86)\Intel\Intel(R) Management Engine Components\DAL;C:\Program Files\Intel\Intel(R) Management Engine Components\DAL;C:\Program Files (x86)\Intel\Intel(R) Management Engine Components\IPT;C:\Program Files\Intel\Intel(R) Management Engine Components\IPT;C:\Program Files\nodejs\;C:\Program Files\Git\cmd;C:\Program Files\dotnet\;C:\Program Files\Microsoft SQL Server\130\Tools\Binn\;C:\Program Files\Microsoft SQL Server\Client SDK\ODBC\170\Tools\Binn\;C:\Users\ezekiel\AppData\Roaming\npm;C:\Program Files\MySQL\MySQL Shell 8.0\bin\;C:\Users\ezekiel\AppData\Local\Programs\Microsoft VS Code\bin;C:\Users\ezekiel\AppData\Roaming\npm;;.]
[INFO ] 2019-08-06T03:38:30,862 [localhost-startStop-1] [/] - Initializing Spring embedded WebApplicationContext
[INFO ] 2019-08-06T03:38:30,862 [localhost-startStop-1] ContextLoader - Root WebApplicationContext: initialization completed in 2959 ms
[INFO ] 2019-08-06T03:38:31,020 [localhost-startStop-1] ServletRegistrationBean - Servlet dispatcherServlet mapped to [/]
[INFO ] 2019-08-06T03:38:31,024 [localhost-startStop-1] FilterRegistrationBean - Mapping filter: 'characterEncodingFilter' to: [/*]
[INFO ] 2019-08-06T03:38:31,025 [localhost-startStop-1] FilterRegistrationBean - Mapping filter: 'hiddenHttpMethodFilter' to: [/*]
[INFO ] 2019-08-06T03:38:31,025 [localhost-startStop-1] FilterRegistrationBean - Mapping filter: 'httpPutFormContentFilter' to: [/*]
[INFO ] 2019-08-06T03:38:31,025 [localhost-startStop-1] FilterRegistrationBean - Mapping filter: 'requestContextFilter' to: [/*]
[INFO ] 2019-08-06T03:38:32,206 [main] RPCClient - Startup took 984 msec
[INFO ] 2019-08-06T03:38:32,584 [main] RequestMappingHandlerMapping - Mapped "{[/templateendpoint],methods=[GET],produces=[text/plain]}" onto private final java.lang.String com.template.webserver.Controller.templateendpoint()
[INFO ] 2019-08-06T03:38:32,590 [main] RequestMappingHandlerMapping - Mapped "{[/token/sellhouse],methods=[POST],produces=[application/json]}" onto private final org.springframework.http.ResponseEntity<java.util.Map<java.lang.String, java.lang.Object>> com.template.webserver.dvpController.HouseSaleModel(com.template.Models.HouseSaleModel)
[INFO ] 2019-08-06T03:38:32,592 [main] RequestMappingHandlerMapping - Mapped "{[/token/trysample],methods=[GET],produces=[application/json]}" onto private final void com.template.webserver.dvpController.trysample()
[INFO ] 2019-08-06T03:38:32,594 [main] RequestMappingHandlerMapping - Mapped "{[/token/fungibletoken/issue],methods=[POST],produces=[application/json]}" onto private final org.springframework.http.ResponseEntity<java.util.Map<java.lang.String, java.lang.Object>> com.template.webserver.dvpController.TokenIssueModel(com.template.Models.FiatCurrencyIssueModel)
[INFO ] 2019-08-06T03:38:32,595 [main] RequestMappingHandlerMapping - Mapped "{[/token/housestate],methods=[GET],produces=[application/json]}" onto private final org.springframework.http.ResponseEntity<java.util.Map<java.lang.String, java.lang.Object>> com.template.webserver.dvpController.getHouseState()
[INFO ] 2019-08-06T03:38:32,596 [main] RequestMappingHandlerMapping - Mapped "{[/token/fungibletoken],methods=[GET],produces=[application/json]}" onto private final org.springframework.http.ResponseEntity<java.util.Map<java.lang.String, java.lang.Object>> com.template.webserver.dvpController.getFungibleToken()
[INFO ] 2019-08-06T03:38:32,597 [main] RequestMappingHandlerMapping - Mapped "{[/token/nonfungibletoken/issue],methods=[POST],produces=[application/json]}" onto private final org.springframework.http.ResponseEntity<java.util.Map<java.lang.String, java.lang.Object>> com.template.webserver.dvpController.NonFungibleIssueModel(com.template.Models.NonFungibleIssueModel)
[INFO ] 2019-08-06T03:38:32,603 [main] RequestMappingHandlerMapping - Mapped "{[/token/nonfungible],methods=[GET],produces=[application/json]}" onto private final org.springframework.http.ResponseEntity<java.util.Map<java.lang.String, java.lang.Object>> com.template.webserver.dvpController.getNonFungibleToken()
[INFO ] 2019-08-06T03:38:32,614 [main] RequestMappingHandlerMapping - Mapped "{[/token/nonfungibletoken/create],methods=[POST],produces=[application/json]}" onto private final org.springframework.http.ResponseEntity<java.util.Map<java.lang.String, java.lang.Object>> com.template.webserver.dvpController.NonFungibleCreateModel(com.template.Models.NonFungibleCreateModel)
[INFO ] 2019-08-06T03:38:32,623 [main] RequestMappingHandlerMapping - Mapped "{[/queryToken],methods=[GET],produces=[application/json]}" onto private final org.springframework.http.ResponseEntity<java.lang.Object> com.template.webserver.TokenController.queryTokenFun(org.springframework.http.RequestEntity<com.template.TOKENAPI.TokenModel>)
[INFO ] 2019-08-06T03:38:32,625 [main] RequestMappingHandlerMapping - Mapped "{[/addToken],methods=[POST],produces=[application/json]}" onto private final org.springframework.http.ResponseEntity<java.lang.String> com.template.webserver.TokenController.addTokenToDB(org.springframework.http.RequestEntity<com.template.TOKENAPI.TokenModel>)
[INFO ] 2019-08-06T03:38:32,627 [main] RequestMappingHandlerMapping - Mapped "{[/updateToken],methods=[POST],produces=[application/json]}" onto private final org.springframework.http.ResponseEntity<java.lang.String> com.template.webserver.TokenController.updateTokeInDB(org.springframework.http.RequestEntity<com.template.TOKENAPI.TokenModel>)
[INFO ] 2019-08-06T03:38:32,633 [main] RequestMappingHandlerMapping - Mapped "{[/swagger-resources/configuration/ui]}" onto public org.springframework.http.ResponseEntity<springfox.documentation.swagger.web.UiConfiguration> springfox.documentation.swagger.web.ApiResourceController.uiConfiguration()
[INFO ] 2019-08-06T03:38:32,635 [main] RequestMappingHandlerMapping - Mapped "{[/swagger-resources]}" onto public org.springframework.http.ResponseEntity<java.util.List<springfox.documentation.swagger.web.SwaggerResource>> springfox.documentation.swagger.web.ApiResourceController.swaggerResources()
[INFO ] 2019-08-06T03:38:32,636 [main] RequestMappingHandlerMapping - Mapped "{[/swagger-resources/configuration/security]}" onto public org.springframework.http.ResponseEntity<springfox.documentation.swagger.web.SecurityConfiguration> springfox.documentation.swagger.web.ApiResourceController.securityConfiguration()
[INFO ] 2019-08-06T03:38:32,644 [main] RequestMappingHandlerMapping - Mapped "{[/error]}" onto public org.springframework.http.ResponseEntity<java.util.Map<java.lang.String, java.lang.Object>> org.springframework.boot.autoconfigure.web.servlet.error.BasicErrorController.error(javax.servlet.http.HttpServletRequest)
[INFO ] 2019-08-06T03:38:32,646 [main] RequestMappingHandlerMapping - Mapped "{[/error],produces=[text/html]}" onto public org.springframework.web.servlet.ModelAndView org.springframework.boot.autoconfigure.web.servlet.error.BasicErrorController.errorHtml(javax.servlet.http.HttpServletRequest,javax.servlet.http.HttpServletResponse)
[INFO ] 2019-08-06T03:38:32,860 [main] PropertySourcedRequestMappingHandlerMapping - Mapped URL path [/v2/api-docs] onto method [public org.springframework.http.ResponseEntity<springfox.documentation.spring.web.json.Json> springfox.documentation.swagger2.web.Swagger2Controller.getDocumentation(java.lang.String,javax.servlet.http.HttpServletRequest)]
[INFO ] 2019-08-06T03:38:32,948 [main] SimpleUrlHandlerMapping - Mapped URL path [/**/favicon.ico] onto handler of type [class org.springframework.web.servlet.resource.ResourceHttpRequestHandler]
[INFO ] 2019-08-06T03:38:33,226 [main] RequestMappingHandlerAdapter - Looking for @ControllerAdvice: org.springframework.boot.web.servlet.context.AnnotationConfigServletWebServerApplicationContext@1e5f4170: startup date [Tue Aug 06 11:38:27 SGT 2019]; root of context hierarchy
[INFO ] 2019-08-06T03:38:33,291 [main] SimpleUrlHandlerMapping - Mapped URL path [/webjars/**] onto handler of type [class org.springframework.web.servlet.resource.ResourceHttpRequestHandler]
[INFO ] 2019-08-06T03:38:33,292 [main] SimpleUrlHandlerMapping - Mapped URL path [/**] onto handler of type [class org.springframework.web.servlet.resource.ResourceHttpRequestHandler]
[INFO ] 2019-08-06T03:38:33,344 [main] WelcomePageHandlerMapping - Adding welcome page: class path resource [static/index.html]
[INFO ] 2019-08-06T03:38:33,570 [main] AnnotationMBeanExporter - Registering beans for JMX exposure on startup
[INFO ] 2019-08-06T03:38:33,579 [main] DefaultLifecycleProcessor - Starting beans in phase 2147483647
[INFO ] 2019-08-06T03:38:33,580 [main] DocumentationPluginsBootstrapper - Context refreshed
[INFO ] 2019-08-06T03:38:33,602 [main] DocumentationPluginsBootstrapper - Found 1 custom documentation plugin(s)
[INFO ] 2019-08-06T03:38:33,639 [main] ApiListingReferenceScanner - Scanning for api listing references
[INFO ] 2019-08-06T03:38:33,903 [main] Http11NioProtocol - Starting ProtocolHandler ["http-nio-10050"]
[INFO ] 2019-08-06T03:38:33,904 [main] NioSelectorPool - Using a shared selector for servlet write/read
[INFO ] 2019-08-06T03:38:33,920 [main] TomcatWebServer - Tomcat started on port(s): 10050 (http) with context path ''
[INFO ] 2019-08-06T03:38:33,924 [main] ServerKt - Started ServerKt in 7.385 seconds (JVM running for 8.211)
[INFO ] 2019-08-06T03:38:38,876 [http-nio-10050-exec-1] [/] - Initializing Spring FrameworkServlet 'dispatcherServlet'
[INFO ] 2019-08-06T03:38:38,877 [http-nio-10050-exec-1] DispatcherServlet - FrameworkServlet 'dispatcherServlet': initialization started
[INFO ] 2019-08-06T03:38:38,899 [http-nio-10050-exec-1] DispatcherServlet - FrameworkServlet 'dispatcherServlet': initialization completed in 22 ms
[INFO ] 2019-08-06T03:41:42,637 [main] ServerKt - Starting ServerKt on DESKTOP-RA4VRHP with PID 10936 (C:\Users\ezekiel\Corda-Cadets\cordapp-template-kotlin\clients\build\classes\kotlin\main started by ezekiel in C:\Users\ezekiel\Corda-Cadets\cordapp-template-kotlin\clients)
[INFO ] 2019-08-06T03:41:42,643 [main] ServerKt - No active profile set, falling back to default profiles: default
[INFO ] 2019-08-06T03:41:42,706 [main] AnnotationConfigServletWebServerApplicationContext - Refreshing org.springframework.boot.web.servlet.context.AnnotationConfigServletWebServerApplicationContext@27a5328c: startup date [Tue Aug 06 11:41:42 SGT 2019]; root of context hierarchy
[INFO ] 2019-08-06T03:41:44,396 [main] TomcatWebServer - Tomcat initialized with port(s): 10050 (http)
[INFO ] 2019-08-06T03:41:44,413 [main] Http11NioProtocol - Initializing ProtocolHandler ["http-nio-10050"]
[INFO ] 2019-08-06T03:41:44,426 [main] StandardService - Starting service [Tomcat]
[INFO ] 2019-08-06T03:41:44,427 [main] StandardEngine - Starting Servlet Engine: Apache Tomcat/8.5.31
[INFO ] 2019-08-06T03:41:44,453 [localhost-startStop-1] AprLifecycleListener - The APR based Apache Tomcat Native library which allows optimal performance in production environments was not found on the java.library.path: [C:\Program Files\Java\jdk1.8.0_211\bin;C:\Windows\Sun\Java\bin;C:\Windows\system32;C:\Windows;C:\Program Files\JetBrains\IntelliJ IDEA Community Edition 2019.1.2\jbr\\bin;C:\Program Files\JetBrains\IntelliJ IDEA Community Edition 2019.1.2\jbr\\bin\server;C:\Program Files\JetBrains\IntelliJ IDEA Community Edition 2019.1.2\jbr\\bin;C:\Program Files\JetBrains\IntelliJ IDEA Community Edition 2019.1.2\jbr\\bin\server;C:\Program Files (x86)\Common Files\Oracle\Java\javapath;C:\Program Files (x86)\Intel\iCLS Client\;C:\Program Files\Intel\iCLS Client\;C:\Windows\system32;C:\Windows;C:\Windows\System32\Wbem;C:\Windows\System32\WindowsPowerShell\v1.0\;C:\Windows\System32\OpenSSH\;C:\Program Files (x86)\Intel\Intel(R) Management Engine Components\DAL;C:\Program Files\Intel\Intel(R) Management Engine Components\DAL;C:\Program Files (x86)\Intel\Intel(R) Management Engine Components\IPT;C:\Program Files\Intel\Intel(R) Management Engine Components\IPT;C:\Program Files\nodejs\;C:\Program Files\Git\cmd;C:\Program Files\dotnet\;C:\Program Files\Microsoft SQL Server\130\Tools\Binn\;C:\Program Files\Microsoft SQL Server\Client SDK\ODBC\170\Tools\Binn\;C:\Users\ezekiel\AppData\Roaming\npm;C:\Program Files\MySQL\MySQL Shell 8.0\bin\;C:\Users\ezekiel\AppData\Local\Programs\Microsoft VS Code\bin;C:\Users\ezekiel\AppData\Roaming\npm;;.]
[INFO ] 2019-08-06T03:41:44,585 [localhost-startStop-1] [/] - Initializing Spring embedded WebApplicationContext
[INFO ] 2019-08-06T03:41:44,586 [localhost-startStop-1] ContextLoader - Root WebApplicationContext: initialization completed in 1882 ms
[INFO ] 2019-08-06T03:41:44,730 [localhost-startStop-1] ServletRegistrationBean - Servlet dispatcherServlet mapped to [/]
[INFO ] 2019-08-06T03:41:44,734 [localhost-startStop-1] FilterRegistrationBean - Mapping filter: 'characterEncodingFilter' to: [/*]
[INFO ] 2019-08-06T03:41:44,734 [localhost-startStop-1] FilterRegistrationBean - Mapping filter: 'hiddenHttpMethodFilter' to: [/*]
[INFO ] 2019-08-06T03:41:44,735 [localhost-startStop-1] FilterRegistrationBean - Mapping filter: 'httpPutFormContentFilter' to: [/*]
[INFO ] 2019-08-06T03:41:44,735 [localhost-startStop-1] FilterRegistrationBean - Mapping filter: 'requestContextFilter' to: [/*]
[INFO ] 2019-08-06T03:41:45,998 [main] RPCClient - Startup took 1073 msec
[INFO ] 2019-08-06T03:41:46,360 [main] RequestMappingHandlerMapping - Mapped "{[/templateendpoint],methods=[GET],produces=[text/plain]}" onto private final java.lang.String com.template.webserver.Controller.templateendpoint()
[INFO ] 2019-08-06T03:41:46,365 [main] RequestMappingHandlerMapping - Mapped "{[/token/fungibletoken],methods=[GET],produces=[application/json]}" onto private final org.springframework.http.ResponseEntity<java.util.Map<java.lang.String, java.lang.Object>> com.template.webserver.dvpController.getFungibleToken()
[INFO ] 2019-08-06T03:41:46,367 [main] RequestMappingHandlerMapping - Mapped "{[/token/fungibletoken/issue],methods=[POST],produces=[application/json]}" onto private final org.springframework.http.ResponseEntity<java.util.Map<java.lang.String, java.lang.Object>> com.template.webserver.dvpController.TokenIssueModel(com.template.Models.FiatCurrencyIssueModel)
[INFO ] 2019-08-06T03:41:46,368 [main] RequestMappingHandlerMapping - Mapped "{[/token/sellhouse],methods=[POST],produces=[application/json]}" onto private final org.springframework.http.ResponseEntity<java.util.Map<java.lang.String, java.lang.Object>> com.template.webserver.dvpController.HouseSaleModel(com.template.Models.HouseSaleModel)
[INFO ] 2019-08-06T03:41:46,369 [main] RequestMappingHandlerMapping - Mapped "{[/token/housestate],methods=[GET],produces=[application/json]}" onto private final org.springframework.http.ResponseEntity<java.util.Map<java.lang.String, java.lang.Object>> com.template.webserver.dvpController.getHouseState()
[INFO ] 2019-08-06T03:41:46,370 [main] RequestMappingHandlerMapping - Mapped "{[/token/trysample],methods=[GET],produces=[application/json]}" onto private final void com.template.webserver.dvpController.trysample()
[INFO ] 2019-08-06T03:41:46,372 [main] RequestMappingHandlerMapping - Mapped "{[/token/nonfungibletoken/issue],methods=[POST],produces=[application/json]}" onto private final org.springframework.http.ResponseEntity<java.util.Map<java.lang.String, java.lang.Object>> com.template.webserver.dvpController.NonFungibleIssueModel(com.template.Models.NonFungibleIssueModel)
[INFO ] 2019-08-06T03:41:46,376 [main] RequestMappingHandlerMapping - Mapped "{[/token/nonfungibletoken/create],methods=[POST],produces=[application/json]}" onto private final org.springframework.http.ResponseEntity<java.util.Map<java.lang.String, java.lang.Object>> com.template.webserver.dvpController.NonFungibleCreateModel(com.template.Models.NonFungibleCreateModel)
[INFO ] 2019-08-06T03:41:46,379 [main] RequestMappingHandlerMapping - Mapped "{[/token/nonfungible],methods=[GET],produces=[application/json]}" onto private final org.springframework.http.ResponseEntity<java.util.Map<java.lang.String, java.lang.Object>> com.template.webserver.dvpController.getNonFungibleToken()
[INFO ] 2019-08-06T03:41:46,386 [main] RequestMappingHandlerMapping - Mapped "{[/updateToken],methods=[POST],produces=[application/json]}" onto private final org.springframework.http.ResponseEntity<java.lang.String> com.template.webserver.TokenController.updateTokeInDB(org.springframework.http.RequestEntity<com.template.TOKENAPI.TokenModel>)
[INFO ] 2019-08-06T03:41:46,391 [main] RequestMappingHandlerMapping - Mapped "{[/queryToken],methods=[GET],produces=[application/json]}" onto private final org.springframework.http.ResponseEntity<java.lang.Object> com.template.webserver.TokenController.queryTokenFun(org.springframework.http.RequestEntity<com.template.TOKENAPI.TokenModel>)
[INFO ] 2019-08-06T03:41:46,393 [main] RequestMappingHandlerMapping - Mapped "{[/addToken],methods=[POST],produces=[application/json]}" onto private final org.springframework.http.ResponseEntity<java.lang.String> com.template.webserver.TokenController.addTokenToDB(org.springframework.http.RequestEntity<com.template.TOKENAPI.TokenModel>)
[INFO ] 2019-08-06T03:41:46,397 [main] RequestMappingHandlerMapping - Mapped "{[/swagger-resources/configuration/security]}" onto public org.springframework.http.ResponseEntity<springfox.documentation.swagger.web.SecurityConfiguration> springfox.documentation.swagger.web.ApiResourceController.securityConfiguration()
[INFO ] 2019-08-06T03:41:46,399 [main] RequestMappingHandlerMapping - Mapped "{[/swagger-resources]}" onto public org.springframework.http.ResponseEntity<java.util.List<springfox.documentation.swagger.web.SwaggerResource>> springfox.documentation.swagger.web.ApiResourceController.swaggerResources()
[INFO ] 2019-08-06T03:41:46,404 [main] RequestMappingHandlerMapping - Mapped "{[/swagger-resources/configuration/ui]}" onto public org.springframework.http.ResponseEntity<springfox.documentation.swagger.web.UiConfiguration> springfox.documentation.swagger.web.ApiResourceController.uiConfiguration()
[INFO ] 2019-08-06T03:41:46,408 [main] RequestMappingHandlerMapping - Mapped "{[/error]}" onto public org.springframework.http.ResponseEntity<java.util.Map<java.lang.String, java.lang.Object>> org.springframework.boot.autoconfigure.web.servlet.error.BasicErrorController.error(javax.servlet.http.HttpServletRequest)
[INFO ] 2019-08-06T03:41:46,409 [main] RequestMappingHandlerMapping - Mapped "{[/error],produces=[text/html]}" onto public org.springframework.web.servlet.ModelAndView org.springframework.boot.autoconfigure.web.servlet.error.BasicErrorController.errorHtml(javax.servlet.http.HttpServletRequest,javax.servlet.http.HttpServletResponse)
[INFO ] 2019-08-06T03:41:46,637 [main] PropertySourcedRequestMappingHandlerMapping - Mapped URL path [/v2/api-docs] onto method [public org.springframework.http.ResponseEntity<springfox.documentation.spring.web.json.Json> springfox.documentation.swagger2.web.Swagger2Controller.getDocumentation(java.lang.String,javax.servlet.http.HttpServletRequest)]
[INFO ] 2019-08-06T03:41:46,720 [main] SimpleUrlHandlerMapping - Mapped URL path [/**/favicon.ico] onto handler of type [class org.springframework.web.servlet.resource.ResourceHttpRequestHandler]
[INFO ] 2019-08-06T03:41:46,969 [main] RequestMappingHandlerAdapter - Looking for @ControllerAdvice: org.springframework.boot.web.servlet.context.AnnotationConfigServletWebServerApplicationContext@27a5328c: startup date [Tue Aug 06 11:41:42 SGT 2019]; root of context hierarchy
[INFO ] 2019-08-06T03:41:47,027 [main] SimpleUrlHandlerMapping - Mapped URL path [/webjars/**] onto handler of type [class org.springframework.web.servlet.resource.ResourceHttpRequestHandler]
[INFO ] 2019-08-06T03:41:47,027 [main] SimpleUrlHandlerMapping - Mapped URL path [/**] onto handler of type [class org.springframework.web.servlet.resource.ResourceHttpRequestHandler]
[INFO ] 2019-08-06T03:41:47,073 [main] WelcomePageHandlerMapping - Adding welcome page: class path resource [static/index.html]
[INFO ] 2019-08-06T03:41:47,302 [main] AnnotationMBeanExporter - Registering beans for JMX exposure on startup
[INFO ] 2019-08-06T03:41:47,312 [main] DefaultLifecycleProcessor - Starting beans in phase 2147483647
[INFO ] 2019-08-06T03:41:47,312 [main] DocumentationPluginsBootstrapper - Context refreshed
[INFO ] 2019-08-06T03:41:47,332 [main] DocumentationPluginsBootstrapper - Found 1 custom documentation plugin(s)
[INFO ] 2019-08-06T03:41:47,365 [main] ApiListingReferenceScanner - Scanning for api listing references
[INFO ] 2019-08-06T03:41:47,621 [main] Http11NioProtocol - Starting ProtocolHandler ["http-nio-10050"]
[INFO ] 2019-08-06T03:41:47,623 [main] NioSelectorPool - Using a shared selector for servlet write/read
[INFO ] 2019-08-06T03:41:47,639 [main] TomcatWebServer - Tomcat started on port(s): 10050 (http) with context path ''
[INFO ] 2019-08-06T03:41:47,643 [main] ServerKt - Started ServerKt in 6.238 seconds (JVM running for 7.034)
[INFO ] 2019-08-06T03:41:54,506 [http-nio-10050-exec-1] [/] - Initializing Spring FrameworkServlet 'dispatcherServlet'
[INFO ] 2019-08-06T03:41:54,506 [http-nio-10050-exec-1] DispatcherServlet - FrameworkServlet 'dispatcherServlet': initialization started
[INFO ] 2019-08-06T03:41:54,529 [http-nio-10050-exec-1] DispatcherServlet - FrameworkServlet 'dispatcherServlet': initialization completed in 22 ms
[INFO ] 2019-08-06T03:58:45,395 [main] ServerKt - Starting ServerKt on DESKTOP-RA4VRHP with PID 4432 (C:\Users\ezekiel\Corda-Cadets\cordapp-template-kotlin\clients\build\classes\kotlin\main started by ezekiel in C:\Users\ezekiel\Corda-Cadets\cordapp-template-kotlin\clients)
[INFO ] 2019-08-06T03:58:45,402 [main] ServerKt - No active profile set, falling back to default profiles: default
[INFO ] 2019-08-06T03:58:45,494 [main] AnnotationConfigServletWebServerApplicationContext - Refreshing org.springframework.boot.web.servlet.context.AnnotationConfigServletWebServerApplicationContext@27a5328c: startup date [Tue Aug 06 11:58:45 SGT 2019]; root of context hierarchy
[INFO ] 2019-08-06T03:58:47,514 [main] TomcatWebServer - Tomcat initialized with port(s): 10050 (http)
[INFO ] 2019-08-06T03:58:47,529 [main] Http11NioProtocol - Initializing ProtocolHandler ["http-nio-10050"]
[INFO ] 2019-08-06T03:58:47,541 [main] StandardService - Starting service [Tomcat]
[INFO ] 2019-08-06T03:58:47,542 [main] StandardEngine - Starting Servlet Engine: Apache Tomcat/8.5.31
[INFO ] 2019-08-06T03:58:47,569 [localhost-startStop-1] AprLifecycleListener - The APR based Apache Tomcat Native library which allows optimal performance in production environments was not found on the java.library.path: [C:\Program Files\Java\jdk1.8.0_211\bin;C:\Windows\Sun\Java\bin;C:\Windows\system32;C:\Windows;C:\Program Files\JetBrains\IntelliJ IDEA Community Edition 2019.1.2\jbr\\bin;C:\Program Files\JetBrains\IntelliJ IDEA Community Edition 2019.1.2\jbr\\bin\server;C:\Program Files\JetBrains\IntelliJ IDEA Community Edition 2019.1.2\jbr\\bin;C:\Program Files\JetBrains\IntelliJ IDEA Community Edition 2019.1.2\jbr\\bin\server;C:\Program Files (x86)\Common Files\Oracle\Java\javapath;C:\Program Files (x86)\Intel\iCLS Client\;C:\Program Files\Intel\iCLS Client\;C:\Windows\system32;C:\Windows;C:\Windows\System32\Wbem;C:\Windows\System32\WindowsPowerShell\v1.0\;C:\Windows\System32\OpenSSH\;C:\Program Files (x86)\Intel\Intel(R) Management Engine Components\DAL;C:\Program Files\Intel\Intel(R) Management Engine Components\DAL;C:\Program Files (x86)\Intel\Intel(R) Management Engine Components\IPT;C:\Program Files\Intel\Intel(R) Management Engine Components\IPT;C:\Program Files\nodejs\;C:\Program Files\Git\cmd;C:\Program Files\dotnet\;C:\Program Files\Microsoft SQL Server\130\Tools\Binn\;C:\Program Files\Microsoft SQL Server\Client SDK\ODBC\170\Tools\Binn\;C:\Users\ezekiel\AppData\Roaming\npm;C:\Program Files\MySQL\MySQL Shell 8.0\bin\;C:\Users\ezekiel\AppData\Local\Programs\Microsoft VS Code\bin;C:\Users\ezekiel\AppData\Roaming\npm;;.]
[INFO ] 2019-08-06T03:58:47,699 [localhost-startStop-1] [/] - Initializing Spring embedded WebApplicationContext
[INFO ] 2019-08-06T03:58:47,699 [localhost-startStop-1] ContextLoader - Root WebApplicationContext: initialization completed in 2220 ms
[INFO ] 2019-08-06T03:58:47,852 [localhost-startStop-1] ServletRegistrationBean - Servlet dispatcherServlet mapped to [/]
[INFO ] 2019-08-06T03:58:47,857 [localhost-startStop-1] FilterRegistrationBean - Mapping filter: 'characterEncodingFilter' to: [/*]
[INFO ] 2019-08-06T03:58:47,859 [localhost-startStop-1] FilterRegistrationBean - Mapping filter: 'hiddenHttpMethodFilter' to: [/*]
[INFO ] 2019-08-06T03:58:47,859 [localhost-startStop-1] FilterRegistrationBean - Mapping filter: 'httpPutFormContentFilter' to: [/*]
[INFO ] 2019-08-06T03:58:47,860 [localhost-startStop-1] FilterRegistrationBean - Mapping filter: 'requestContextFilter' to: [/*]
[INFO ] 2019-08-06T03:58:49,280 [main] RPCClient - Startup took 1216 msec
[INFO ] 2019-08-06T03:58:49,707 [main] RequestMappingHandlerMapping - Mapped "{[/templateendpoint],methods=[GET],produces=[text/plain]}" onto private final java.lang.String com.template.webserver.Controller.templateendpoint()
[INFO ] 2019-08-06T03:58:49,714 [main] RequestMappingHandlerMapping - Mapped "{[/token/nonfungibletoken/issue],methods=[POST],produces=[application/json]}" onto private final org.springframework.http.ResponseEntity<java.util.Map<java.lang.String, java.lang.Object>> com.template.webserver.dvpController.NonFungibleIssueModel(com.template.Models.NonFungibleIssueModel)
[INFO ] 2019-08-06T03:58:49,716 [main] RequestMappingHandlerMapping - Mapped "{[/token/nonfungible],methods=[GET],produces=[application/json]}" onto private final org.springframework.http.ResponseEntity<java.util.Map<java.lang.String, java.lang.Object>> com.template.webserver.dvpController.getNonFungibleToken()
[INFO ] 2019-08-06T03:58:49,717 [main] RequestMappingHandlerMapping - Mapped "{[/token/nonfungibletoken/create],methods=[POST],produces=[application/json]}" onto private final org.springframework.http.ResponseEntity<java.util.Map<java.lang.String, java.lang.Object>> com.template.webserver.dvpController.NonFungibleCreateModel(com.template.Models.NonFungibleCreateModel)
[INFO ] 2019-08-06T03:58:49,719 [main] RequestMappingHandlerMapping - Mapped "{[/token/housestate],methods=[GET],produces=[application/json]}" onto private final org.springframework.http.ResponseEntity<java.util.Map<java.lang.String, java.lang.Object>> com.template.webserver.dvpController.getHouseState()
[INFO ] 2019-08-06T03:58:49,720 [main] RequestMappingHandlerMapping - Mapped "{[/token/fungibletoken/issue],methods=[POST],produces=[application/json]}" onto private final org.springframework.http.ResponseEntity<java.util.Map<java.lang.String, java.lang.Object>> com.template.webserver.dvpController.TokenIssueModel(com.template.Models.FiatCurrencyIssueModel)
[INFO ] 2019-08-06T03:58:49,721 [main] RequestMappingHandlerMapping - Mapped "{[/token/trysample],methods=[GET],produces=[application/json]}" onto private final org.springframework.http.ResponseEntity<java.util.Map<java.lang.String, java.lang.Object>> com.template.webserver.dvpController.trysample()
[INFO ] 2019-08-06T03:58:49,726 [main] RequestMappingHandlerMapping - Mapped "{[/token/sellhouse],methods=[POST],produces=[application/json]}" onto private final org.springframework.http.ResponseEntity<java.util.Map<java.lang.String, java.lang.Object>> com.template.webserver.dvpController.HouseSaleModel(com.template.Models.HouseSaleModel)
[INFO ] 2019-08-06T03:58:49,728 [main] RequestMappingHandlerMapping - Mapped "{[/token/fungibletoken],methods=[GET],produces=[application/json]}" onto private final org.springframework.http.ResponseEntity<java.util.Map<java.lang.String, java.lang.Object>> com.template.webserver.dvpController.getFungibleToken()
[INFO ] 2019-08-06T03:58:49,736 [main] RequestMappingHandlerMapping - Mapped "{[/queryToken],methods=[GET],produces=[application/json]}" onto private final org.springframework.http.ResponseEntity<java.lang.Object> com.template.webserver.TokenController.queryTokenFun(org.springframework.http.RequestEntity<com.template.TOKENAPI.TokenModel>)
[INFO ] 2019-08-06T03:58:49,739 [main] RequestMappingHandlerMapping - Mapped "{[/addToken],methods=[POST],produces=[application/json]}" onto private final org.springframework.http.ResponseEntity<java.lang.String> com.template.webserver.TokenController.addTokenToDB(org.springframework.http.RequestEntity<com.template.TOKENAPI.TokenModel>)
[INFO ] 2019-08-06T03:58:49,741 [main] RequestMappingHandlerMapping - Mapped "{[/updateToken],methods=[POST],produces=[application/json]}" onto private final org.springframework.http.ResponseEntity<java.lang.String> com.template.webserver.TokenController.updateTokeInDB(org.springframework.http.RequestEntity<com.template.TOKENAPI.TokenModel>)
[INFO ] 2019-08-06T03:58:49,746 [main] RequestMappingHandlerMapping - Mapped "{[/swagger-resources/configuration/security]}" onto public org.springframework.http.ResponseEntity<springfox.documentation.swagger.web.SecurityConfiguration> springfox.documentation.swagger.web.ApiResourceController.securityConfiguration()
[INFO ] 2019-08-06T03:58:49,747 [main] RequestMappingHandlerMapping - Mapped "{[/swagger-resources/configuration/ui]}" onto public org.springframework.http.ResponseEntity<springfox.documentation.swagger.web.UiConfiguration> springfox.documentation.swagger.web.ApiResourceController.uiConfiguration()
[INFO ] 2019-08-06T03:58:49,752 [main] RequestMappingHandlerMapping - Mapped "{[/swagger-resources]}" onto public org.springframework.http.ResponseEntity<java.util.List<springfox.documentation.swagger.web.SwaggerResource>> springfox.documentation.swagger.web.ApiResourceController.swaggerResources()
[INFO ] 2019-08-06T03:58:49,758 [main] RequestMappingHandlerMapping - Mapped "{[/error]}" onto public org.springframework.http.ResponseEntity<java.util.Map<java.lang.String, java.lang.Object>> org.springframework.boot.autoconfigure.web.servlet.error.BasicErrorController.error(javax.servlet.http.HttpServletRequest)
[INFO ] 2019-08-06T03:58:49,758 [main] RequestMappingHandlerMapping - Mapped "{[/error],produces=[text/html]}" onto public org.springframework.web.servlet.ModelAndView org.springframework.boot.autoconfigure.web.servlet.error.BasicErrorController.errorHtml(javax.servlet.http.HttpServletRequest,javax.servlet.http.HttpServletResponse)
[INFO ] 2019-08-06T03:58:50,208 [main] PropertySourcedRequestMappingHandlerMapping - Mapped URL path [/v2/api-docs] onto method [public org.springframework.http.ResponseEntity<springfox.documentation.spring.web.json.Json> springfox.documentation.swagger2.web.Swagger2Controller.getDocumentation(java.lang.String,javax.servlet.http.HttpServletRequest)]
[INFO ] 2019-08-06T03:58:50,344 [main] SimpleUrlHandlerMapping - Mapped URL path [/**/favicon.ico] onto handler of type [class org.springframework.web.servlet.resource.ResourceHttpRequestHandler]
[INFO ] 2019-08-06T03:58:50,631 [main] RequestMappingHandlerAdapter - Looking for @ControllerAdvice: org.springframework.boot.web.servlet.context.AnnotationConfigServletWebServerApplicationContext@27a5328c: startup date [Tue Aug 06 11:58:45 SGT 2019]; root of context hierarchy
[INFO ] 2019-08-06T03:58:50,721 [main] SimpleUrlHandlerMapping - Mapped URL path [/webjars/**] onto handler of type [class org.springframework.web.servlet.resource.ResourceHttpRequestHandler]
[INFO ] 2019-08-06T03:58:50,722 [main] SimpleUrlHandlerMapping - Mapped URL path [/**] onto handler of type [class org.springframework.web.servlet.resource.ResourceHttpRequestHandler]
[INFO ] 2019-08-06T03:58:50,810 [main] WelcomePageHandlerMapping - Adding welcome page: class path resource [static/index.html]
[INFO ] 2019-08-06T03:58:51,111 [main] AnnotationMBeanExporter - Registering beans for JMX exposure on startup
[INFO ] 2019-08-06T03:58:51,124 [main] DefaultLifecycleProcessor - Starting beans in phase 2147483647
[INFO ] 2019-08-06T03:58:51,124 [main] DocumentationPluginsBootstrapper - Context refreshed
[INFO ] 2019-08-06T03:58:51,149 [main] DocumentationPluginsBootstrapper - Found 1 custom documentation plugin(s)
[INFO ] 2019-08-06T03:58:51,193 [main] ApiListingReferenceScanner - Scanning for api listing references
[INFO ] 2019-08-06T03:58:51,613 [main] Http11NioProtocol - Starting ProtocolHandler ["http-nio-10050"]
[INFO ] 2019-08-06T03:58:51,615 [main] NioSelectorPool - Using a shared selector for servlet write/read
[INFO ] 2019-08-06T03:58:51,634 [main] TomcatWebServer - Tomcat started on port(s): 10050 (http) with context path ''
[INFO ] 2019-08-06T03:58:51,638 [main] ServerKt - Started ServerKt in 7.623 seconds (JVM running for 8.449)
[INFO ] 2019-08-06T03:59:09,486 [http-nio-10050-exec-1] [/] - Initializing Spring FrameworkServlet 'dispatcherServlet'
[INFO ] 2019-08-06T03:59:09,487 [http-nio-10050-exec-1] DispatcherServlet - FrameworkServlet 'dispatcherServlet': initialization started
[INFO ] 2019-08-06T03:59:09,506 [http-nio-10050-exec-1] DispatcherServlet - FrameworkServlet 'dispatcherServlet': initialization completed in 19 ms
[ERROR] 2019-08-06T03:59:18,871 [http-nio-10050-exec-7] [dispatcherServlet] - Servlet.service() for servlet [dispatcherServlet] in context with path [] threw exception [Request processing failed; nested exception is java.lang.NullPointerException] with root cause
java.lang.NullPointerException: null
	at com.template.webserver.dvpController.trysample(dvpController.kt:293) ~[main/:?]
	at sun.reflect.NativeMethodAccessorImpl.invoke0(Native Method) ~[?:1.8.0_211]
	at sun.reflect.NativeMethodAccessorImpl.invoke(NativeMethodAccessorImpl.java:62) ~[?:1.8.0_211]
	at sun.reflect.DelegatingMethodAccessorImpl.invoke(DelegatingMethodAccessorImpl.java:43) ~[?:1.8.0_211]
	at java.lang.reflect.Method.invoke(Method.java:498) ~[?:1.8.0_211]
	at org.springframework.web.method.support.InvocableHandlerMethod.doInvoke(InvocableHandlerMethod.java:209) ~[spring-web-5.0.6.RELEASE.jar:5.0.6.RELEASE]
	at org.springframework.web.method.support.InvocableHandlerMethod.invokeForRequest(InvocableHandlerMethod.java:136) ~[spring-web-5.0.6.RELEASE.jar:5.0.6.RELEASE]
	at org.springframework.web.servlet.mvc.method.annotation.ServletInvocableHandlerMethod.invokeAndHandle(ServletInvocableHandlerMethod.java:102) ~[spring-webmvc-5.0.6.RELEASE.jar:5.0.6.RELEASE]
	at org.springframework.web.servlet.mvc.method.annotation.RequestMappingHandlerAdapter.invokeHandlerMethod(RequestMappingHandlerAdapter.java:877) ~[spring-webmvc-5.0.6.RELEASE.jar:5.0.6.RELEASE]
	at org.springframework.web.servlet.mvc.method.annotation.RequestMappingHandlerAdapter.handleInternal(RequestMappingHandlerAdapter.java:783) ~[spring-webmvc-5.0.6.RELEASE.jar:5.0.6.RELEASE]
	at org.springframework.web.servlet.mvc.method.AbstractHandlerMethodAdapter.handle(AbstractHandlerMethodAdapter.java:87) ~[spring-webmvc-5.0.6.RELEASE.jar:5.0.6.RELEASE]
	at org.springframework.web.servlet.DispatcherServlet.doDispatch(DispatcherServlet.java:991) ~[spring-webmvc-5.0.6.RELEASE.jar:5.0.6.RELEASE]
	at org.springframework.web.servlet.DispatcherServlet.doService(DispatcherServlet.java:925) ~[spring-webmvc-5.0.6.RELEASE.jar:5.0.6.RELEASE]
	at org.springframework.web.servlet.FrameworkServlet.processRequest(FrameworkServlet.java:974) ~[spring-webmvc-5.0.6.RELEASE.jar:5.0.6.RELEASE]
	at org.springframework.web.servlet.FrameworkServlet.doGet(FrameworkServlet.java:866) ~[spring-webmvc-5.0.6.RELEASE.jar:5.0.6.RELEASE]
	at javax.servlet.http.HttpServlet.service(HttpServlet.java:635) ~[tomcat-embed-core-8.5.31.jar:8.5.31]
	at org.springframework.web.servlet.FrameworkServlet.service(FrameworkServlet.java:851) ~[spring-webmvc-5.0.6.RELEASE.jar:5.0.6.RELEASE]
	at javax.servlet.http.HttpServlet.service(HttpServlet.java:742) ~[tomcat-embed-core-8.5.31.jar:8.5.31]
	at org.apache.catalina.core.ApplicationFilterChain.internalDoFilter(ApplicationFilterChain.java:231) ~[tomcat-embed-core-8.5.31.jar:8.5.31]
	at org.apache.catalina.core.ApplicationFilterChain.doFilter(ApplicationFilterChain.java:166) ~[tomcat-embed-core-8.5.31.jar:8.5.31]
	at org.apache.tomcat.websocket.server.WsFilter.doFilter(WsFilter.java:52) ~[tomcat-embed-websocket-8.5.31.jar:8.5.31]
	at org.apache.catalina.core.ApplicationFilterChain.internalDoFilter(ApplicationFilterChain.java:193) ~[tomcat-embed-core-8.5.31.jar:8.5.31]
	at org.apache.catalina.core.ApplicationFilterChain.doFilter(ApplicationFilterChain.java:166) ~[tomcat-embed-core-8.5.31.jar:8.5.31]
	at org.springframework.web.filter.RequestContextFilter.doFilterInternal(RequestContextFilter.java:99) ~[spring-web-5.0.6.RELEASE.jar:5.0.6.RELEASE]
	at org.springframework.web.filter.OncePerRequestFilter.doFilter(OncePerRequestFilter.java:107) ~[spring-web-5.0.6.RELEASE.jar:5.0.6.RELEASE]
	at org.apache.catalina.core.ApplicationFilterChain.internalDoFilter(ApplicationFilterChain.java:193) ~[tomcat-embed-core-8.5.31.jar:8.5.31]
	at org.apache.catalina.core.ApplicationFilterChain.doFilter(ApplicationFilterChain.java:166) ~[tomcat-embed-core-8.5.31.jar:8.5.31]
	at org.springframework.web.filter.HttpPutFormContentFilter.doFilterInternal(HttpPutFormContentFilter.java:109) ~[spring-web-5.0.6.RELEASE.jar:5.0.6.RELEASE]
	at org.springframework.web.filter.OncePerRequestFilter.doFilter(OncePerRequestFilter.java:107) ~[spring-web-5.0.6.RELEASE.jar:5.0.6.RELEASE]
	at org.apache.catalina.core.ApplicationFilterChain.internalDoFilter(ApplicationFilterChain.java:193) ~[tomcat-embed-core-8.5.31.jar:8.5.31]
	at org.apache.catalina.core.ApplicationFilterChain.doFilter(ApplicationFilterChain.java:166) ~[tomcat-embed-core-8.5.31.jar:8.5.31]
	at org.springframework.web.filter.HiddenHttpMethodFilter.doFilterInternal(HiddenHttpMethodFilter.java:81) ~[spring-web-5.0.6.RELEASE.jar:5.0.6.RELEASE]
	at org.springframework.web.filter.OncePerRequestFilter.doFilter(OncePerRequestFilter.java:107) ~[spring-web-5.0.6.RELEASE.jar:5.0.6.RELEASE]
	at org.apache.catalina.core.ApplicationFilterChain.internalDoFilter(ApplicationFilterChain.java:193) ~[tomcat-embed-core-8.5.31.jar:8.5.31]
	at org.apache.catalina.core.ApplicationFilterChain.doFilter(ApplicationFilterChain.java:166) ~[tomcat-embed-core-8.5.31.jar:8.5.31]
	at org.springframework.web.filter.CharacterEncodingFilter.doFilterInternal(CharacterEncodingFilter.java:200) ~[spring-web-5.0.6.RELEASE.jar:5.0.6.RELEASE]
	at org.springframework.web.filter.OncePerRequestFilter.doFilter(OncePerRequestFilter.java:107) ~[spring-web-5.0.6.RELEASE.jar:5.0.6.RELEASE]
	at org.apache.catalina.core.ApplicationFilterChain.internalDoFilter(ApplicationFilterChain.java:193) ~[tomcat-embed-core-8.5.31.jar:8.5.31]
	at org.apache.catalina.core.ApplicationFilterChain.doFilter(ApplicationFilterChain.java:166) ~[tomcat-embed-core-8.5.31.jar:8.5.31]
	at org.apache.catalina.core.StandardWrapperValve.invoke(StandardWrapperValve.java:198) [tomcat-embed-core-8.5.31.jar:8.5.31]
	at org.apache.catalina.core.StandardContextValve.invoke(StandardContextValve.java:96) [tomcat-embed-core-8.5.31.jar:8.5.31]
	at org.apache.catalina.authenticator.AuthenticatorBase.invoke(AuthenticatorBase.java:496) [tomcat-embed-core-8.5.31.jar:8.5.31]
	at org.apache.catalina.core.StandardHostValve.invoke(StandardHostValve.java:140) [tomcat-embed-core-8.5.31.jar:8.5.31]
	at org.apache.catalina.valves.ErrorReportValve.invoke(ErrorReportValve.java:81) [tomcat-embed-core-8.5.31.jar:8.5.31]
	at org.apache.catalina.core.StandardEngineValve.invoke(StandardEngineValve.java:87) [tomcat-embed-core-8.5.31.jar:8.5.31]
	at org.apache.catalina.connector.CoyoteAdapter.service(CoyoteAdapter.java:342) [tomcat-embed-core-8.5.31.jar:8.5.31]
	at org.apache.coyote.http11.Http11Processor.service(Http11Processor.java:803) [tomcat-embed-core-8.5.31.jar:8.5.31]
	at org.apache.coyote.AbstractProcessorLight.process(AbstractProcessorLight.java:66) [tomcat-embed-core-8.5.31.jar:8.5.31]
	at org.apache.coyote.AbstractProtocol$ConnectionHandler.process(AbstractProtocol.java:790) [tomcat-embed-core-8.5.31.jar:8.5.31]
	at org.apache.tomcat.util.net.NioEndpoint$SocketProcessor.doRun(NioEndpoint.java:1468) [tomcat-embed-core-8.5.31.jar:8.5.31]
	at org.apache.tomcat.util.net.SocketProcessorBase.run(SocketProcessorBase.java:49) [tomcat-embed-core-8.5.31.jar:8.5.31]
	at java.util.concurrent.ThreadPoolExecutor.runWorker(ThreadPoolExecutor.java:1149) [?:1.8.0_211]
	at java.util.concurrent.ThreadPoolExecutor$Worker.run(ThreadPoolExecutor.java:624) [?:1.8.0_211]
	at org.apache.tomcat.util.threads.TaskThread$WrappingRunnable.run(TaskThread.java:61) [tomcat-embed-core-8.5.31.jar:8.5.31]
	at java.lang.Thread.run(Thread.java:748) [?:1.8.0_211]
[INFO ] 2019-08-06T04:02:32,108 [main] ServerKt - Starting ServerKt on DESKTOP-RA4VRHP with PID 7608 (C:\Users\ezekiel\Corda-Cadets\cordapp-template-kotlin\clients\build\classes\kotlin\main started by ezekiel in C:\Users\ezekiel\Corda-Cadets\cordapp-template-kotlin\clients)
[INFO ] 2019-08-06T04:02:32,183 [main] ServerKt - No active profile set, falling back to default profiles: default
[INFO ] 2019-08-06T04:02:32,311 [main] AnnotationConfigServletWebServerApplicationContext - Refreshing org.springframework.boot.web.servlet.context.AnnotationConfigServletWebServerApplicationContext@1e5f4170: startup date [Tue Aug 06 12:02:32 SGT 2019]; root of context hierarchy
[INFO ] 2019-08-06T04:02:34,253 [main] TomcatWebServer - Tomcat initialized with port(s): 10050 (http)
[INFO ] 2019-08-06T04:02:34,275 [main] Http11NioProtocol - Initializing ProtocolHandler ["http-nio-10050"]
[INFO ] 2019-08-06T04:02:34,301 [main] StandardService - Starting service [Tomcat]
[INFO ] 2019-08-06T04:02:34,302 [main] StandardEngine - Starting Servlet Engine: Apache Tomcat/8.5.31
[INFO ] 2019-08-06T04:02:34,315 [localhost-startStop-1] AprLifecycleListener - The APR based Apache Tomcat Native library which allows optimal performance in production environments was not found on the java.library.path: [C:\Program Files\Java\jdk1.8.0_211\bin;C:\Windows\Sun\Java\bin;C:\Windows\system32;C:\Windows;C:\Program Files\JetBrains\IntelliJ IDEA Community Edition 2019.1.2\jbr\\bin;C:\Program Files\JetBrains\IntelliJ IDEA Community Edition 2019.1.2\jbr\\bin\server;C:\Program Files\JetBrains\IntelliJ IDEA Community Edition 2019.1.2\jbr\\bin;C:\Program Files\JetBrains\IntelliJ IDEA Community Edition 2019.1.2\jbr\\bin\server;C:\Program Files (x86)\Common Files\Oracle\Java\javapath;C:\Program Files (x86)\Intel\iCLS Client\;C:\Program Files\Intel\iCLS Client\;C:\Windows\system32;C:\Windows;C:\Windows\System32\Wbem;C:\Windows\System32\WindowsPowerShell\v1.0\;C:\Windows\System32\OpenSSH\;C:\Program Files (x86)\Intel\Intel(R) Management Engine Components\DAL;C:\Program Files\Intel\Intel(R) Management Engine Components\DAL;C:\Program Files (x86)\Intel\Intel(R) Management Engine Components\IPT;C:\Program Files\Intel\Intel(R) Management Engine Components\IPT;C:\Program Files\nodejs\;C:\Program Files\Git\cmd;C:\Program Files\dotnet\;C:\Program Files\Microsoft SQL Server\130\Tools\Binn\;C:\Program Files\Microsoft SQL Server\Client SDK\ODBC\170\Tools\Binn\;C:\Users\ezekiel\AppData\Roaming\npm;C:\Program Files\MySQL\MySQL Shell 8.0\bin\;C:\Users\ezekiel\AppData\Local\Programs\Microsoft VS Code\bin;C:\Users\ezekiel\AppData\Roaming\npm;;.]
[INFO ] 2019-08-06T04:02:34,483 [localhost-startStop-1] [/] - Initializing Spring embedded WebApplicationContext
[INFO ] 2019-08-06T04:02:34,484 [localhost-startStop-1] ContextLoader - Root WebApplicationContext: initialization completed in 2177 ms
[INFO ] 2019-08-06T04:02:34,653 [localhost-startStop-1] ServletRegistrationBean - Servlet dispatcherServlet mapped to [/]
[INFO ] 2019-08-06T04:02:34,662 [localhost-startStop-1] FilterRegistrationBean - Mapping filter: 'characterEncodingFilter' to: [/*]
[INFO ] 2019-08-06T04:02:34,663 [localhost-startStop-1] FilterRegistrationBean - Mapping filter: 'hiddenHttpMethodFilter' to: [/*]
[INFO ] 2019-08-06T04:02:34,663 [localhost-startStop-1] FilterRegistrationBean - Mapping filter: 'httpPutFormContentFilter' to: [/*]
[INFO ] 2019-08-06T04:02:34,664 [localhost-startStop-1] FilterRegistrationBean - Mapping filter: 'requestContextFilter' to: [/*]
[INFO ] 2019-08-06T04:02:35,951 [main] RPCClient - Startup took 1056 msec
[INFO ] 2019-08-06T04:02:36,367 [main] RequestMappingHandlerMapping - Mapped "{[/templateendpoint],methods=[GET],produces=[text/plain]}" onto private final java.lang.String com.template.webserver.Controller.templateendpoint()
[INFO ] 2019-08-06T04:02:36,372 [main] RequestMappingHandlerMapping - Mapped "{[/token/nonfungibletoken/issue],methods=[POST],produces=[application/json]}" onto private final org.springframework.http.ResponseEntity<java.util.Map<java.lang.String, java.lang.Object>> com.template.webserver.dvpController.NonFungibleIssueModel(com.template.Models.NonFungibleIssueModel)
[INFO ] 2019-08-06T04:02:36,376 [main] RequestMappingHandlerMapping - Mapped "{[/token/nonfungibletoken/create],methods=[POST],produces=[application/json]}" onto private final org.springframework.http.ResponseEntity<java.util.Map<java.lang.String, java.lang.Object>> com.template.webserver.dvpController.NonFungibleCreateModel(com.template.Models.NonFungibleCreateModel)
[INFO ] 2019-08-06T04:02:36,377 [main] RequestMappingHandlerMapping - Mapped "{[/token/nonfungible],methods=[GET],produces=[application/json]}" onto private final org.springframework.http.ResponseEntity<java.util.Map<java.lang.String, java.lang.Object>> com.template.webserver.dvpController.getNonFungibleToken()
[INFO ] 2019-08-06T04:02:36,379 [main] RequestMappingHandlerMapping - Mapped "{[/token/fungibletoken/issue],methods=[POST],produces=[application/json]}" onto private final org.springframework.http.ResponseEntity<java.util.Map<java.lang.String, java.lang.Object>> com.template.webserver.dvpController.TokenIssueModel(com.template.Models.FiatCurrencyIssueModel)
[INFO ] 2019-08-06T04:02:36,380 [main] RequestMappingHandlerMapping - Mapped "{[/token/fungibletoken],methods=[GET],produces=[application/json]}" onto private final org.springframework.http.ResponseEntity<java.util.Map<java.lang.String, java.lang.Object>> com.template.webserver.dvpController.getFungibleToken()
[INFO ] 2019-08-06T04:02:36,381 [main] RequestMappingHandlerMapping - Mapped "{[/token/sellhouse],methods=[POST],produces=[application/json]}" onto private final org.springframework.http.ResponseEntity<java.util.Map<java.lang.String, java.lang.Object>> com.template.webserver.dvpController.HouseSaleModel(com.template.Models.HouseSaleModel)
[INFO ] 2019-08-06T04:02:36,385 [main] RequestMappingHandlerMapping - Mapped "{[/token/housestate],methods=[GET],produces=[application/json]}" onto private final org.springframework.http.ResponseEntity<java.util.Map<java.lang.String, java.lang.Object>> com.template.webserver.dvpController.getHouseState()
[INFO ] 2019-08-06T04:02:36,387 [main] RequestMappingHandlerMapping - Mapped "{[/token/trysample],methods=[GET],produces=[application/json]}" onto private final org.springframework.http.ResponseEntity<java.util.Map<java.lang.String, java.lang.Object>> com.template.webserver.dvpController.trysample()
[INFO ] 2019-08-06T04:02:36,396 [main] RequestMappingHandlerMapping - Mapped "{[/updateToken],methods=[POST],produces=[application/json]}" onto private final org.springframework.http.ResponseEntity<java.lang.String> com.template.webserver.TokenController.updateTokeInDB(org.springframework.http.RequestEntity<com.template.TOKENAPI.TokenModel>)
[INFO ] 2019-08-06T04:02:36,402 [main] RequestMappingHandlerMapping - Mapped "{[/addToken],methods=[POST],produces=[application/json]}" onto private final org.springframework.http.ResponseEntity<java.lang.String> com.template.webserver.TokenController.addTokenToDB(org.springframework.http.RequestEntity<com.template.TOKENAPI.TokenModel>)
[INFO ] 2019-08-06T04:02:36,403 [main] RequestMappingHandlerMapping - Mapped "{[/queryToken],methods=[GET],produces=[application/json]}" onto private final org.springframework.http.ResponseEntity<java.lang.Object> com.template.webserver.TokenController.queryTokenFun(org.springframework.http.RequestEntity<com.template.TOKENAPI.TokenModel>)
[INFO ] 2019-08-06T04:02:36,407 [main] RequestMappingHandlerMapping - Mapped "{[/swagger-resources/configuration/ui]}" onto public org.springframework.http.ResponseEntity<springfox.documentation.swagger.web.UiConfiguration> springfox.documentation.swagger.web.ApiResourceController.uiConfiguration()
[INFO ] 2019-08-06T04:02:36,409 [main] RequestMappingHandlerMapping - Mapped "{[/swagger-resources]}" onto public org.springframework.http.ResponseEntity<java.util.List<springfox.documentation.swagger.web.SwaggerResource>> springfox.documentation.swagger.web.ApiResourceController.swaggerResources()
[INFO ] 2019-08-06T04:02:36,410 [main] RequestMappingHandlerMapping - Mapped "{[/swagger-resources/configuration/security]}" onto public org.springframework.http.ResponseEntity<springfox.documentation.swagger.web.SecurityConfiguration> springfox.documentation.swagger.web.ApiResourceController.securityConfiguration()
[INFO ] 2019-08-06T04:02:36,414 [main] RequestMappingHandlerMapping - Mapped "{[/error]}" onto public org.springframework.http.ResponseEntity<java.util.Map<java.lang.String, java.lang.Object>> org.springframework.boot.autoconfigure.web.servlet.error.BasicErrorController.error(javax.servlet.http.HttpServletRequest)
[INFO ] 2019-08-06T04:02:36,418 [main] RequestMappingHandlerMapping - Mapped "{[/error],produces=[text/html]}" onto public org.springframework.web.servlet.ModelAndView org.springframework.boot.autoconfigure.web.servlet.error.BasicErrorController.errorHtml(javax.servlet.http.HttpServletRequest,javax.servlet.http.HttpServletResponse)
[INFO ] 2019-08-06T04:02:36,701 [main] PropertySourcedRequestMappingHandlerMapping - Mapped URL path [/v2/api-docs] onto method [public org.springframework.http.ResponseEntity<springfox.documentation.spring.web.json.Json> springfox.documentation.swagger2.web.Swagger2Controller.getDocumentation(java.lang.String,javax.servlet.http.HttpServletRequest)]
[INFO ] 2019-08-06T04:02:36,799 [main] SimpleUrlHandlerMapping - Mapped URL path [/**/favicon.ico] onto handler of type [class org.springframework.web.servlet.resource.ResourceHttpRequestHandler]
[INFO ] 2019-08-06T04:02:37,150 [main] RequestMappingHandlerAdapter - Looking for @ControllerAdvice: org.springframework.boot.web.servlet.context.AnnotationConfigServletWebServerApplicationContext@1e5f4170: startup date [Tue Aug 06 12:02:32 SGT 2019]; root of context hierarchy
[INFO ] 2019-08-06T04:02:37,216 [main] SimpleUrlHandlerMapping - Mapped URL path [/webjars/**] onto handler of type [class org.springframework.web.servlet.resource.ResourceHttpRequestHandler]
[INFO ] 2019-08-06T04:02:37,217 [main] SimpleUrlHandlerMapping - Mapped URL path [/**] onto handler of type [class org.springframework.web.servlet.resource.ResourceHttpRequestHandler]
[INFO ] 2019-08-06T04:02:37,262 [main] WelcomePageHandlerMapping - Adding welcome page: class path resource [static/index.html]
[INFO ] 2019-08-06T04:02:37,521 [main] AnnotationMBeanExporter - Registering beans for JMX exposure on startup
[INFO ] 2019-08-06T04:02:37,530 [main] DefaultLifecycleProcessor - Starting beans in phase 2147483647
[INFO ] 2019-08-06T04:02:37,531 [main] DocumentationPluginsBootstrapper - Context refreshed
[INFO ] 2019-08-06T04:02:37,552 [main] DocumentationPluginsBootstrapper - Found 1 custom documentation plugin(s)
[INFO ] 2019-08-06T04:02:37,587 [main] ApiListingReferenceScanner - Scanning for api listing references
[INFO ] 2019-08-06T04:02:37,851 [main] Http11NioProtocol - Starting ProtocolHandler ["http-nio-10050"]
[INFO ] 2019-08-06T04:02:37,853 [main] NioSelectorPool - Using a shared selector for servlet write/read
[INFO ] 2019-08-06T04:02:37,870 [main] TomcatWebServer - Tomcat started on port(s): 10050 (http) with context path ''
[INFO ] 2019-08-06T04:02:37,876 [main] ServerKt - Started ServerKt in 7.169 seconds (JVM running for 8.191)
[INFO ] 2019-08-06T04:02:49,024 [http-nio-10050-exec-1] [/] - Initializing Spring FrameworkServlet 'dispatcherServlet'
[INFO ] 2019-08-06T04:02:49,025 [http-nio-10050-exec-1] DispatcherServlet - FrameworkServlet 'dispatcherServlet': initialization started
[INFO ] 2019-08-06T04:02:49,048 [http-nio-10050-exec-1] DispatcherServlet - FrameworkServlet 'dispatcherServlet': initialization completed in 23 ms
[WARN ] 2019-08-06T04:14:46,103 [Thread-3 (ActiveMQ-client-global-threads)] RPCClientProxyHandler - Terminating observables.
