#
# A fatal error has been detected by the Java Runtime Environment:
#
#  EXCEPTION_ACCESS_VIOLATION (0xc0000005) at pc=0x0000000061a10a00, pid=12244, tid=0x0000000000002c38
#
# JRE version: Java(TM) SE Runtime Environment (8.0_211-b12) (build 1.8.0_211-b12)
# Java VM: Java HotSpot(TM) 64-Bit Server VM (25.211-b12 mixed mode windows-amd64 compressed oops)
# Problematic frame:
# V  [jvm.dll+0xb0a00]
#
# Failed to write core dump. Minidumps are not enabled by default on client versions of Windows
#
# If you would like to submit a bug report, please visit:
#   http://bugreport.java.com/bugreport/crash.jsp
#

---------------  T H R E A D  ---------------

Current thread (0x0000000002c7f000):  ConcurrentGCThread [stack: 0x0000000014450000,0x0000000014550000] [id=11320]

siginfo: ExceptionCode=0xc0000005, reading address 0x0000000000000008

Registers:
RAX=0x0000000002c82030, RBX=0x00000000e2185f80, RCX=0x00000000e2185f80, RDX=0x0000000000000000
RSP=0x000000001454ef68, RBP=0x0000000002c5d530, RSI=0x0000000002d1cab0, RDI=0x0000000002ca2110
R8 =0x0000000002d1cab0, R9 =0x0000000002ca2110, R10=0x0000000002c3ef50, R11=0x5100000000000249
R12=0x00000001000067b8, R13=0x00000000eaebcb90, R14=0x0000000100006598, R15=0x0000000000155555
RIP=0x0000000061a10a00, EFLAGS=0x0000000000010246

Top of Stack: (sp=0x000000001454ef68)
0x000000001454ef68:   0000000061a6951a 00000000e0000000
0x000000001454ef78:   0000000061a694c0 00000000e70f4620
0x000000001454ef88:   0000000061a64fbf 0000000002c82030
0x000000001454ef98:   0000000061a64fbf 0000000002ca2110
0x000000001454efa8:   0000000061a69544 0000000002c5d530
0x000000001454efb8:   0000000061a695bc 00000000e2185f80
0x000000001454efc8:   0000000002d1cab0 0000000002ca2110
0x000000001454efd8:   00000000169e5a00 0000000002c82030
0x000000001454efe8:   0000000000000042 0000000002ca3120
0x000000001454eff8:   0000000061a696ac 00000000e2185f80
0x000000001454f008:   000000001454f220 00000000eaebcba4
0x000000001454f018:   0000000061d25c4b 0000000002c82030
0x000000001454f028:   0000000000000000 00000001000067a8
0x000000001454f038:   0000000061a6d545 00000000eaebcba0
0x000000001454f048:   000000001454f220 00000000eaebbdd8
0x000000001454f058:   000000000000000c 00000000eaebcb90 

Instructions: (pc=0x0000000061a10a00)
0x0000000061a109e0:   dc de 1d 00 48 8b 9c 24 d0 00 00 00 48 81 c4 c0
0x0000000061a109f0:   00 00 00 5d c3 cc cc cc cc cc cc cc cc cc cc cc
0x0000000061a10a00:   44 8b 42 08 4c 8b ca 45 85 c0 7e 0e 41 f6 c0 01
0x0000000061a10a10:   75 57 41 c1 f8 03 41 8b c0 c3 79 4d 80 3d 1e 5f 


Register to memory mapping:

RAX=0x0000000002c82030 is an unknown value
RBX=0x00000000e2185f80 is pointing into object: 0x00000000e2185e48
java.lang.Thread 
 - klass: 'java/lang/Thread'
RCX=0x00000000e2185f80 is pointing into object: 0x00000000e2185e48
java.lang.Thread 
 - klass: 'java/lang/Thread'
RDX=0x0000000000000000 is an unknown value
RSP=0x000000001454ef68 is an unknown value
RBP=0x0000000002c5d530 is an unknown value
RSI=0x0000000002d1cab0 is an unknown value
RDI=0x0000000002ca2110 is an unknown value
R8 =0x0000000002d1cab0 is an unknown value
R9 =0x0000000002ca2110 is an unknown value
R10=0x0000000002c3ef50 is an unknown value
R11=0x5100000000000249 is an unknown value
R12=0x00000001000067b8 is pointing into metadata
R13=0x00000000eaebcb90 is an oop
java.lang.ref.Finalizer 
 - klass: 'java/lang/ref/Finalizer'
R14=0x0000000100006598 is pointing into metadata
R15=0x0000000000155555 is an unknown value


Stack: [0x0000000014450000,0x0000000014550000],  sp=0x000000001454ef68,  free space=1019k
Native frames: (J=compiled Java code, j=interpreted, Vv=VM code, C=native code)
V  [jvm.dll+0xb0a00]


---------------  P R O C E S S  ---------------

Java Threads: ( => current thread )
  0x000000001c011800 JavaThread "HikariPool-1 connection adder" daemon [_thread_blocked, id=8972, stack(0x00000000257d0000,0x00000000258d0000)]
  0x000000001c008000 JavaThread "HikariPool-1 housekeeper" daemon [_thread_blocked, id=12248, stack(0x00000000256d0000,0x00000000257d0000)]
  0x000000001c013000 JavaThread "Thread-7" daemon [_thread_in_native, id=11248, stack(0x00000000253d0000,0x00000000254d0000)]
  0x000000001c014800 JavaThread "Jolokia Agent Cleanup Thread" daemon [_thread_blocked, id=11848, stack(0x00000000252d0000,0x00000000253d0000)]
  0x000000001c010800 JavaThread "JolokiaDiscoveryListenerThread-192.168.0.15" daemon [_thread_in_native, id=12132, stack(0x00000000250d0000,0x00000000251d0000)]
  0x000000001c00a800 JavaThread "JolokiaDiscoveryListenerThread-127.0.0.1" daemon [_thread_in_native, id=3560, stack(0x0000000024c90000,0x0000000024d90000)]
  0x000000001c009000 JavaThread "FlowHospitalDelayedDischargeTimer" daemon [_thread_blocked, id=11140, stack(0x0000000024990000,0x0000000024a90000)]
  0x000000001c00d800 JavaThread "FiberTimedScheduler-Same thread scheduler" daemon [_thread_blocked, id=1408, stack(0x0000000024890000,0x0000000024990000)]
  0x000000001c00b000 JavaThread "RxIoScheduler-1 (Evictor)" daemon [_thread_blocked, id=10408, stack(0x0000000024790000,0x0000000024890000)]
  0x000000001bfb2000 JavaThread "Log4j2-TF-1-AsyncLogger[AsyncContextNoThreadLocal@18b4aac2]-1" daemon [_thread_blocked, id=11972, stack(0x000000001ccb0000,0x000000001cdb0000)]
  0x000000001adac800 JavaThread "server-timer" daemon [_thread_blocked, id=3748, stack(0x000000001a4a0000,0x000000001a5a0000)]
  0x0000000018b46000 JavaThread "Service Thread" daemon [_thread_blocked, id=8488, stack(0x00000000191d0000,0x00000000192d0000)]
  0x0000000018b43800 JavaThread "C1 CompilerThread2" daemon [_thread_blocked, id=1964, stack(0x00000000190d0000,0x00000000191d0000)]
  0x0000000018b36000 JavaThread "C2 CompilerThread1" daemon [_thread_blocked, id=10100, stack(0x0000000018fd0000,0x00000000190d0000)]
  0x0000000018b2c800 JavaThread "C2 CompilerThread0" daemon [_thread_blocked, id=10060, stack(0x0000000018ed0000,0x0000000018fd0000)]
  0x0000000018b11800 JavaThread "capsule-comm" daemon [_thread_in_native, id=10732, stack(0x0000000018dd0000,0x0000000018ed0000)]
  0x0000000017401800 JavaThread "JDWP Event Helper Thread" daemon [_thread_blocked, id=4516, stack(0x0000000017f90000,0x0000000018090000)]
  0x00000000173f3000 JavaThread "JDWP Transport Listener: dt_socket" daemon [_thread_in_native, id=10460, stack(0x0000000017e90000,0x0000000017f90000)]
  0x00000000173e3800 JavaThread "Attach Listener" daemon [_thread_blocked, id=10248, stack(0x0000000017d90000,0x0000000017e90000)]
  0x00000000173e2800 JavaThread "Signal Dispatcher" daemon [_thread_blocked, id=8480, stack(0x0000000017c90000,0x0000000017d90000)]
  0x00000000173ee800 JavaThread "Surrogate Locker Thread (Concurrent GC)" daemon [_thread_blocked, id=2920, stack(0x0000000017b90000,0x0000000017c90000)]
  0x00000000173bd800 JavaThread "Finalizer" daemon [_thread_blocked, id=2036, stack(0x0000000017990000,0x0000000017a90000)]
  0x0000000002c26000 JavaThread "main" [_thread_blocked, id=10036, stack(0x0000000002960000,0x0000000002a60000)]

Other Threads:
  0x0000000017395800 VMThread [stack: 0x0000000017790000,0x0000000017890000] [id=7088]
  0x00000000193ba800 WatcherThread [stack: 0x000000001a2a0000,0x000000001a3a0000] [id=5784]

=>0x0000000002c7f000 (exited) ConcurrentGCThread [stack: 0x0000000014450000,0x0000000014550000] [id=11320]

VM state:not at safepoint (normal execution)

VM Mutex/Monitor currently owned by a thread: None

heap address: 0x00000000e0000000, size: 512 MB, Compressed Oops mode: 32-bit
Narrow klass base: 0x0000000000000000, Narrow klass shift: 3
Compressed class space size: 1073741824 Address: 0x0000000100000000

Heap:
 garbage-first heap   total 291840K, used 200098K [0x00000000e0000000, 0x00000000e01008e8, 0x0000000100000000)
  region size 1024K, 19 young (19456K), 10 survivors (10240K)
 Metaspace       used 56085K, capacity 57050K, committed 57344K, reserved 1099776K
  class space    used 6769K, capacity 7124K, committed 7168K, reserved 1048576K

Heap Regions: (Y=young(eden), SU=young(survivor), HS=humongous(starts), HC=humongous(continues), CS=collection set, F=free, TS=gc time stamp, PTAMS=previous top-at-mark-start, NTAMS=next top-at-mark-start)
AC   0  O    TS     0 PTAMS 0x00000000e0100000 NTAMS 0x00000000e0100000 space 1024K, 100% used [0x00000000e0000000, 0x00000000e0100000)
AC   0 HS    TS     0 PTAMS 0x00000000e0200010 NTAMS 0x00000000e0200010 space 2048K,  50% used [0x00000000e0100000, 0x00000000e0300000)
AC   0 HC    TS     0 PTAMS 0x00000000e0200000 NTAMS 0x00000000e0200000 space 1024K,   0% used [0x00000000e0200000, 0x00000000e0300000)
AC   0 HS    TS     0 PTAMS 0x00000000e0400110 NTAMS 0x00000000e0400110 space 2048K,  50% used [0x00000000e0300000, 0x00000000e0500000)
AC   0 HC    TS     0 PTAMS 0x00000000e0400000 NTAMS 0x00000000e0400000 space 1024K,   0% used [0x00000000e0400000, 0x00000000e0500000)
AC   0  O    TS     0 PTAMS 0x00000000e0600000 NTAMS 0x00000000e0600000 space 1024K, 100% used [0x00000000e0500000, 0x00000000e0600000)
AC   0  O    TS     0 PTAMS 0x00000000e0700000 NTAMS 0x00000000e0700000 space 1024K, 100% used [0x00000000e0600000, 0x00000000e0700000)
AC   0  O    TS     0 PTAMS 0x00000000e0800000 NTAMS 0x00000000e0800000 space 1024K, 100% used [0x00000000e0700000, 0x00000000e0800000)
AC   0  O    TS     0 PTAMS 0x00000000e0900000 NTAMS 0x00000000e0900000 space 1024K, 100% used [0x00000000e0800000, 0x00000000e0900000)
AC   0  O    TS     0 PTAMS 0x00000000e0a00000 NTAMS 0x00000000e0a00000 space 1024K, 100% used [0x00000000e0900000, 0x00000000e0a00000)
AC   0  O    TS     0 PTAMS 0x00000000e0b00000 NTAMS 0x00000000e0b00000 space 1024K, 100% used [0x00000000e0a00000, 0x00000000e0b00000)
AC   0  O    TS     0 PTAMS 0x00000000e0c00000 NTAMS 0x00000000e0c00000 space 1024K, 100% used [0x00000000e0b00000, 0x00000000e0c00000)
AC   0  O    TS     0 PTAMS 0x00000000e0d00000 NTAMS 0x00000000e0d00000 space 1024K, 100% used [0x00000000e0c00000, 0x00000000e0d00000)
AC   0  O    TS     0 PTAMS 0x00000000e0e00000 NTAMS 0x00000000e0e00000 space 1024K, 100% used [0x00000000e0d00000, 0x00000000e0e00000)
AC   0  O    TS     0 PTAMS 0x00000000e0f00000 NTAMS 0x00000000e0f00000 space 1024K, 100% used [0x00000000e0e00000, 0x00000000e0f00000)
AC   0  O    TS     0 PTAMS 0x00000000e1000000 NTAMS 0x00000000e1000000 space 1024K, 100% used [0x00000000e0f00000, 0x00000000e1000000)
AC   0  O    TS     0 PTAMS 0x00000000e1100000 NTAMS 0x00000000e1100000 space 1024K, 100% used [0x00000000e1000000, 0x00000000e1100000)
AC   0  O    TS     0 PTAMS 0x00000000e1200000 NTAMS 0x00000000e1200000 space 1024K, 100% used [0x00000000e1100000, 0x00000000e1200000)
AC   0  O    TS     0 PTAMS 0x00000000e1300000 NTAMS 0x00000000e1300000 space 1024K, 100% used [0x00000000e1200000, 0x00000000e1300000)
AC   0  O    TS     0 PTAMS 0x00000000e1400000 NTAMS 0x00000000e1400000 space 1024K, 100% used [0x00000000e1300000, 0x00000000e1400000)
AC   0  O    TS     0 PTAMS 0x00000000e1500000 NTAMS 0x00000000e1500000 space 1024K, 100% used [0x00000000e1400000, 0x00000000e1500000)
AC   0  O    TS     0 PTAMS 0x00000000e1600000 NTAMS 0x00000000e1600000 space 1024K, 100% used [0x00000000e1500000, 0x00000000e1600000)
AC   0  O    TS     0 PTAMS 0x00000000e1700000 NTAMS 0x00000000e1700000 space 1024K, 100% used [0x00000000e1600000, 0x00000000e1700000)
AC   0  O    TS     0 PTAMS 0x00000000e1800000 NTAMS 0x00000000e1800000 space 1024K, 100% used [0x00000000e1700000, 0x00000000e1800000)
AC   0  O    TS     0 PTAMS 0x00000000e1900000 NTAMS 0x00000000e1900000 space 1024K, 100% used [0x00000000e1800000, 0x00000000e1900000)
AC   0  O    TS     0 PTAMS 0x00000000e1a00000 NTAMS 0x00000000e1a00000 space 1024K, 100% used [0x00000000e1900000, 0x00000000e1a00000)
AC   0  O    TS     0 PTAMS 0x00000000e1b00000 NTAMS 0x00000000e1b00000 space 1024K, 100% used [0x00000000e1a00000, 0x00000000e1b00000)
AC   0  O    TS     0 PTAMS 0x00000000e1c00000 NTAMS 0x00000000e1c00000 space 1024K, 100% used [0x00000000e1b00000, 0x00000000e1c00000)
AC   0  O    TS     0 PTAMS 0x00000000e1d00000 NTAMS 0x00000000e1d00000 space 1024K, 100% used [0x00000000e1c00000, 0x00000000e1d00000)
AC   0  O    TS     0 PTAMS 0x00000000e1e00000 NTAMS 0x00000000e1e00000 space 1024K, 100% used [0x00000000e1d00000, 0x00000000e1e00000)
AC   0  O    TS     0 PTAMS 0x00000000e1f00000 NTAMS 0x00000000e1f00000 space 1024K, 100% used [0x00000000e1e00000, 0x00000000e1f00000)
AC   0  O    TS     0 PTAMS 0x00000000e2000000 NTAMS 0x00000000e2000000 space 1024K, 100% used [0x00000000e1f00000, 0x00000000e2000000)
AC   0  O    TS     0 PTAMS 0x00000000e2100000 NTAMS 0x00000000e2100000 space 1024K, 100% used [0x00000000e2000000, 0x00000000e2100000)
AC   0  O    TS     0 PTAMS 0x00000000e2200000 NTAMS 0x00000000e2200000 space 1024K, 100% used [0x00000000e2100000, 0x00000000e2200000)
AC   0  O    TS     0 PTAMS 0x00000000e2300000 NTAMS 0x00000000e2300000 space 1024K, 100% used [0x00000000e2200000, 0x00000000e2300000)
AC   0  O    TS     0 PTAMS 0x00000000e2400000 NTAMS 0x00000000e2400000 space 1024K, 100% used [0x00000000e2300000, 0x00000000e2400000)
AC   0  O    TS     0 PTAMS 0x00000000e2500000 NTAMS 0x00000000e2500000 space 1024K, 100% used [0x00000000e2400000, 0x00000000e2500000)
AC   0  O    TS     0 PTAMS 0x00000000e2600000 NTAMS 0x00000000e2600000 space 1024K, 100% used [0x00000000e2500000, 0x00000000e2600000)
AC   0  O    TS     0 PTAMS 0x00000000e2700000 NTAMS 0x00000000e2700000 space 1024K, 100% used [0x00000000e2600000, 0x00000000e2700000)
AC   0  O    TS     0 PTAMS 0x00000000e2800000 NTAMS 0x00000000e2800000 space 1024K, 100% used [0x00000000e2700000, 0x00000000e2800000)
AC   0  O    TS     0 PTAMS 0x00000000e2900000 NTAMS 0x00000000e2900000 space 1024K, 100% used [0x00000000e2800000, 0x00000000e2900000)
AC   0  O    TS     0 PTAMS 0x00000000e2a00000 NTAMS 0x00000000e2a00000 space 1024K, 100% used [0x00000000e2900000, 0x00000000e2a00000)
AC   0  O    TS     0 PTAMS 0x00000000e2b00000 NTAMS 0x00000000e2b00000 space 1024K, 100% used [0x00000000e2a00000, 0x00000000e2b00000)
AC   0  O    TS     0 PTAMS 0x00000000e2c00000 NTAMS 0x00000000e2c00000 space 1024K, 100% used [0x00000000e2b00000, 0x00000000e2c00000)
AC   0  O    TS     0 PTAMS 0x00000000e2d00000 NTAMS 0x00000000e2d00000 space 1024K, 100% used [0x00000000e2c00000, 0x00000000e2d00000)
AC   0  O    TS     0 PTAMS 0x00000000e2e00000 NTAMS 0x00000000e2e00000 space 1024K, 100% used [0x00000000e2d00000, 0x00000000e2e00000)
AC   0  O    TS     0 PTAMS 0x00000000e2f00000 NTAMS 0x00000000e2f00000 space 1024K, 100% used [0x00000000e2e00000, 0x00000000e2f00000)
AC   0  O    TS     0 PTAMS 0x00000000e3000000 NTAMS 0x00000000e3000000 space 1024K, 100% used [0x00000000e2f00000, 0x00000000e3000000)
AC   0  O    TS     0 PTAMS 0x00000000e3100000 NTAMS 0x00000000e3100000 space 1024K, 100% used [0x00000000e3000000, 0x00000000e3100000)
AC   0  O    TS     0 PTAMS 0x00000000e3200000 NTAMS 0x00000000e3200000 space 1024K, 100% used [0x00000000e3100000, 0x00000000e3200000)
AC   0  O    TS     0 PTAMS 0x00000000e3300000 NTAMS 0x00000000e3300000 space 1024K, 100% used [0x00000000e3200000, 0x00000000e3300000)
AC   0  O    TS     0 PTAMS 0x00000000e3400000 NTAMS 0x00000000e3400000 space 1024K, 100% used [0x00000000e3300000, 0x00000000e3400000)
AC   0  O    TS     0 PTAMS 0x00000000e3500000 NTAMS 0x00000000e3500000 space 1024K, 100% used [0x00000000e3400000, 0x00000000e3500000)
AC   0  O    TS     0 PTAMS 0x00000000e3600000 NTAMS 0x00000000e3600000 space 1024K, 100% used [0x00000000e3500000, 0x00000000e3600000)
AC   0  O    TS     0 PTAMS 0x00000000e3700000 NTAMS 0x00000000e3700000 space 1024K, 100% used [0x00000000e3600000, 0x00000000e3700000)
AC   0  O    TS     0 PTAMS 0x00000000e3800000 NTAMS 0x00000000e3800000 space 1024K, 100% used [0x00000000e3700000, 0x00000000e3800000)
AC   0  O    TS     0 PTAMS 0x00000000e3900000 NTAMS 0x00000000e3900000 space 1024K, 100% used [0x00000000e3800000, 0x00000000e3900000)
AC   0  O    TS     0 PTAMS 0x00000000e3a00000 NTAMS 0x00000000e3a00000 space 1024K, 100% used [0x00000000e3900000, 0x00000000e3a00000)
AC   0  O    TS     0 PTAMS 0x00000000e3b00000 NTAMS 0x00000000e3b00000 space 1024K, 100% used [0x00000000e3a00000, 0x00000000e3b00000)
AC   0  O    TS     0 PTAMS 0x00000000e3c00000 NTAMS 0x00000000e3c00000 space 1024K, 100% used [0x00000000e3b00000, 0x00000000e3c00000)
AC   0  O    TS     0 PTAMS 0x00000000e3d00000 NTAMS 0x00000000e3d00000 space 1024K, 100% used [0x00000000e3c00000, 0x00000000e3d00000)
AC   0  O    TS     0 PTAMS 0x00000000e3e00000 NTAMS 0x00000000e3e00000 space 1024K, 100% used [0x00000000e3d00000, 0x00000000e3e00000)
AC   0  O    TS     0 PTAMS 0x00000000e3f00000 NTAMS 0x00000000e3f00000 space 1024K, 100% used [0x00000000e3e00000, 0x00000000e3f00000)
AC   0  O    TS     0 PTAMS 0x00000000e4000000 NTAMS 0x00000000e4000000 space 1024K, 100% used [0x00000000e3f00000, 0x00000000e4000000)
AC   0  O    TS     0 PTAMS 0x00000000e4100000 NTAMS 0x00000000e4100000 space 1024K, 100% used [0x00000000e4000000, 0x00000000e4100000)
AC   0  O    TS     0 PTAMS 0x00000000e4200000 NTAMS 0x00000000e4200000 space 1024K, 100% used [0x00000000e4100000, 0x00000000e4200000)
AC   0  O    TS     0 PTAMS 0x00000000e4300000 NTAMS 0x00000000e4300000 space 1024K, 100% used [0x00000000e4200000, 0x00000000e4300000)
AC   0  O    TS     0 PTAMS 0x00000000e4400000 NTAMS 0x00000000e4400000 space 1024K, 100% used [0x00000000e4300000, 0x00000000e4400000)
AC   0  O    TS     0 PTAMS 0x00000000e4500000 NTAMS 0x00000000e4500000 space 1024K, 100% used [0x00000000e4400000, 0x00000000e4500000)
AC   0  O    TS     0 PTAMS 0x00000000e4600000 NTAMS 0x00000000e4600000 space 1024K, 100% used [0x00000000e4500000, 0x00000000e4600000)
AC   0  O    TS     0 PTAMS 0x00000000e4700000 NTAMS 0x00000000e4700000 space 1024K, 100% used [0x00000000e4600000, 0x00000000e4700000)
AC   0  O    TS     0 PTAMS 0x00000000e4800000 NTAMS 0x00000000e4800000 space 1024K, 100% used [0x00000000e4700000, 0x00000000e4800000)
AC   0  O    TS     0 PTAMS 0x00000000e4900000 NTAMS 0x00000000e4900000 space 1024K, 100% used [0x00000000e4800000, 0x00000000e4900000)
AC   0  O    TS     0 PTAMS 0x00000000e4a00000 NTAMS 0x00000000e4a00000 space 1024K, 100% used [0x00000000e4900000, 0x00000000e4a00000)
AC   0  O    TS     0 PTAMS 0x00000000e4b00000 NTAMS 0x00000000e4b00000 space 1024K, 100% used [0x00000000e4a00000, 0x00000000e4b00000)
AC   0  O    TS     0 PTAMS 0x00000000e4c00000 NTAMS 0x00000000e4c00000 space 1024K, 100% used [0x00000000e4b00000, 0x00000000e4c00000)
AC   0  O    TS     0 PTAMS 0x00000000e4d00000 NTAMS 0x00000000e4d00000 space 1024K, 100% used [0x00000000e4c00000, 0x00000000e4d00000)
AC   0  O    TS     0 PTAMS 0x00000000e4e00000 NTAMS 0x00000000e4e00000 space 1024K, 100% used [0x00000000e4d00000, 0x00000000e4e00000)
AC   0  O    TS     0 PTAMS 0x00000000e4f00000 NTAMS 0x00000000e4f00000 space 1024K, 100% used [0x00000000e4e00000, 0x00000000e4f00000)
AC   0  O    TS     0 PTAMS 0x00000000e5000000 NTAMS 0x00000000e5000000 space 1024K, 100% used [0x00000000e4f00000, 0x00000000e5000000)
AC   0  O    TS     0 PTAMS 0x00000000e5100000 NTAMS 0x00000000e5100000 space 1024K, 100% used [0x00000000e5000000, 0x00000000e5100000)
AC   0  O    TS     0 PTAMS 0x00000000e5200000 NTAMS 0x00000000e5200000 space 1024K, 100% used [0x00000000e5100000, 0x00000000e5200000)
AC   0  O    TS     0 PTAMS 0x00000000e5300000 NTAMS 0x00000000e5300000 space 1024K, 100% used [0x00000000e5200000, 0x00000000e5300000)
AC   0  O    TS     0 PTAMS 0x00000000e5400000 NTAMS 0x00000000e5400000 space 1024K, 100% used [0x00000000e5300000, 0x00000000e5400000)
AC   0  O    TS     0 PTAMS 0x00000000e5500000 NTAMS 0x00000000e5500000 space 1024K, 100% used [0x00000000e5400000, 0x00000000e5500000)
AC   0  O    TS     0 PTAMS 0x00000000e5600000 NTAMS 0x00000000e5600000 space 1024K, 100% used [0x00000000e5500000, 0x00000000e5600000)
AC   0  O    TS     0 PTAMS 0x00000000e5700000 NTAMS 0x00000000e5700000 space 1024K, 100% used [0x00000000e5600000, 0x00000000e5700000)
AC   0  O    TS     0 PTAMS 0x00000000e5800000 NTAMS 0x00000000e5800000 space 1024K, 100% used [0x00000000e5700000, 0x00000000e5800000)
AC   0  O    TS     0 PTAMS 0x00000000e5900000 NTAMS 0x00000000e5900000 space 1024K, 100% used [0x00000000e5800000, 0x00000000e5900000)
AC   0  O    TS     0 PTAMS 0x00000000e5a00000 NTAMS 0x00000000e5a00000 space 1024K, 100% used [0x00000000e5900000, 0x00000000e5a00000)
AC   0  O    TS     0 PTAMS 0x00000000e5b00000 NTAMS 0x00000000e5b00000 space 1024K, 100% used [0x00000000e5a00000, 0x00000000e5b00000)
AC   0  O    TS     0 PTAMS 0x00000000e5c00000 NTAMS 0x00000000e5c00000 space 1024K, 100% used [0x00000000e5b00000, 0x00000000e5c00000)
AC   0  O    TS     0 PTAMS 0x00000000e5d00000 NTAMS 0x00000000e5d00000 space 1024K, 100% used [0x00000000e5c00000, 0x00000000e5d00000)
AC   0  O    TS     0 PTAMS 0x00000000e5e00000 NTAMS 0x00000000e5e00000 space 1024K, 100% used [0x00000000e5d00000, 0x00000000e5e00000)
AC   0  O    TS     0 PTAMS 0x00000000e5f00000 NTAMS 0x00000000e5f00000 space 1024K, 100% used [0x00000000e5e00000, 0x00000000e5f00000)
AC   0  O    TS     0 PTAMS 0x00000000e6000000 NTAMS 0x00000000e6000000 space 1024K, 100% used [0x00000000e5f00000, 0x00000000e6000000)
AC   0  O    TS     0 PTAMS 0x00000000e6100000 NTAMS 0x00000000e6100000 space 1024K, 100% used [0x00000000e6000000, 0x00000000e6100000)
AC   0  O    TS     0 PTAMS 0x00000000e6200000 NTAMS 0x00000000e6200000 space 1024K, 100% used [0x00000000e6100000, 0x00000000e6200000)
AC   0  O    TS     0 PTAMS 0x00000000e6300000 NTAMS 0x00000000e6300000 space 1024K, 100% used [0x00000000e6200000, 0x00000000e6300000)
AC   0  O    TS     0 PTAMS 0x00000000e6400000 NTAMS 0x00000000e6400000 space 1024K, 100% used [0x00000000e6300000, 0x00000000e6400000)
AC   0  O    TS     0 PTAMS 0x00000000e6500000 NTAMS 0x00000000e6500000 space 1024K, 100% used [0x00000000e6400000, 0x00000000e6500000)
AC   0  O    TS     0 PTAMS 0x00000000e6600000 NTAMS 0x00000000e6600000 space 1024K, 100% used [0x00000000e6500000, 0x00000000e6600000)
AC   0  O    TS     3 PTAMS 0x00000000e6600000 NTAMS 0x00000000e6700000 space 1024K, 100% used [0x00000000e6600000, 0x00000000e6700000)
AC   0  O    TS     0 PTAMS 0x00000000e6800000 NTAMS 0x00000000e6800000 space 1024K, 100% used [0x00000000e6700000, 0x00000000e6800000)
AC   0  O    TS     0 PTAMS 0x00000000e6900000 NTAMS 0x00000000e6900000 space 1024K, 100% used [0x00000000e6800000, 0x00000000e6900000)
AC   0  O    TS     0 PTAMS 0x00000000e6a00000 NTAMS 0x00000000e6a00000 space 1024K, 100% used [0x00000000e6900000, 0x00000000e6a00000)
AC   0  O    TS     0 PTAMS 0x00000000e6b00000 NTAMS 0x00000000e6b00000 space 1024K, 100% used [0x00000000e6a00000, 0x00000000e6b00000)
AC   0  O    TS     0 PTAMS 0x00000000e6c00000 NTAMS 0x00000000e6c00000 space 1024K, 100% used [0x00000000e6b00000, 0x00000000e6c00000)
AC   0  O    TS     0 PTAMS 0x00000000e6d00000 NTAMS 0x00000000e6d00000 space 1024K, 100% used [0x00000000e6c00000, 0x00000000e6d00000)
AC   0  O    TS     0 PTAMS 0x00000000e6e00000 NTAMS 0x00000000e6e00000 space 1024K, 100% used [0x00000000e6d00000, 0x00000000e6e00000)
AC   0  O    TS     0 PTAMS 0x00000000e6f00000 NTAMS 0x00000000e6f00000 space 1024K, 100% used [0x00000000e6e00000, 0x00000000e6f00000)
AC   0  O    TS     0 PTAMS 0x00000000e7000000 NTAMS 0x00000000e7000000 space 1024K, 100% used [0x00000000e6f00000, 0x00000000e7000000)
AC   0  O    TS     3 PTAMS 0x00000000e703e600 NTAMS 0x00000000e7100000 space 1024K, 100% used [0x00000000e7000000, 0x00000000e7100000)
AC   0  O    TS     0 PTAMS 0x00000000e7200000 NTAMS 0x00000000e7200000 space 1024K, 100% used [0x00000000e7100000, 0x00000000e7200000)
AC   0  O    TS     0 PTAMS 0x00000000e7300000 NTAMS 0x00000000e7300000 space 1024K, 100% used [0x00000000e7200000, 0x00000000e7300000)
AC   0  O    TS     0 PTAMS 0x00000000e7400000 NTAMS 0x00000000e7400000 space 1024K, 100% used [0x00000000e7300000, 0x00000000e7400000)
AC   0  O    TS     0 PTAMS 0x00000000e7500000 NTAMS 0x00000000e7500000 space 1024K, 100% used [0x00000000e7400000, 0x00000000e7500000)
AC   0  O    TS     0 PTAMS 0x00000000e7600000 NTAMS 0x00000000e7600000 space 1024K, 100% used [0x00000000e7500000, 0x00000000e7600000)
AC   0  O    TS     0 PTAMS 0x00000000e7700000 NTAMS 0x00000000e7700000 space 1024K, 100% used [0x00000000e7600000, 0x00000000e7700000)
AC   0  O    TS     0 PTAMS 0x00000000e7800000 NTAMS 0x00000000e7800000 space 1024K, 100% used [0x00000000e7700000, 0x00000000e7800000)
AC   0  O    TS     0 PTAMS 0x00000000e7900000 NTAMS 0x00000000e7900000 space 1024K, 100% used [0x00000000e7800000, 0x00000000e7900000)
AC   0  O    TS     0 PTAMS 0x00000000e7a00000 NTAMS 0x00000000e7a00000 space 1024K, 100% used [0x00000000e7900000, 0x00000000e7a00000)
AC   0  O    TS     0 PTAMS 0x00000000e7b00000 NTAMS 0x00000000e7b00000 space 1024K, 100% used [0x00000000e7a00000, 0x00000000e7b00000)
AC   0  O    TS     0 PTAMS 0x00000000e7c00000 NTAMS 0x00000000e7c00000 space 1024K, 100% used [0x00000000e7b00000, 0x00000000e7c00000)
AC   0  O    TS     0 PTAMS 0x00000000e7d00000 NTAMS 0x00000000e7d00000 space 1024K, 100% used [0x00000000e7c00000, 0x00000000e7d00000)
AC   0  O    TS     0 PTAMS 0x00000000e7e00000 NTAMS 0x00000000e7e00000 space 1024K, 100% used [0x00000000e7d00000, 0x00000000e7e00000)
AC   0  O    TS     0 PTAMS 0x00000000e7f00000 NTAMS 0x00000000e7f00000 space 1024K, 100% used [0x00000000e7e00000, 0x00000000e7f00000)
AC   0  O    TS     0 PTAMS 0x00000000e8000000 NTAMS 0x00000000e8000000 space 1024K, 100% used [0x00000000e7f00000, 0x00000000e8000000)
AC   0  O    TS     0 PTAMS 0x00000000e8100000 NTAMS 0x00000000e8100000 space 1024K, 100% used [0x00000000e8000000, 0x00000000e8100000)
AC   0  O    TS     0 PTAMS 0x00000000e8200000 NTAMS 0x00000000e8200000 space 1024K, 100% used [0x00000000e8100000, 0x00000000e8200000)
AC   0  O    TS     0 PTAMS 0x00000000e8300000 NTAMS 0x00000000e8300000 space 1024K, 100% used [0x00000000e8200000, 0x00000000e8300000)
AC   0  O    TS     0 PTAMS 0x00000000e8400000 NTAMS 0x00000000e8400000 space 1024K, 100% used [0x00000000e8300000, 0x00000000e8400000)
AC   0  O    TS     0 PTAMS 0x00000000e8500000 NTAMS 0x00000000e8500000 space 1024K, 100% used [0x00000000e8400000, 0x00000000e8500000)
AC   0  O    TS     0 PTAMS 0x00000000e8600000 NTAMS 0x00000000e8600000 space 1024K, 100% used [0x00000000e8500000, 0x00000000e8600000)
AC   0  O    TS     0 PTAMS 0x00000000e8700000 NTAMS 0x00000000e8700000 space 1024K, 100% used [0x00000000e8600000, 0x00000000e8700000)
AC   0  O    TS     0 PTAMS 0x00000000e8800000 NTAMS 0x00000000e8800000 space 1024K, 100% used [0x00000000e8700000, 0x00000000e8800000)
AC   0  O    TS     0 PTAMS 0x00000000e8900000 NTAMS 0x00000000e8900000 space 1024K, 100% used [0x00000000e8800000, 0x00000000e8900000)
AC   0  O    TS     0 PTAMS 0x00000000e8a00000 NTAMS 0x00000000e8a00000 space 1024K, 100% used [0x00000000e8900000, 0x00000000e8a00000)
AC   0  O    TS     0 PTAMS 0x00000000e8b00000 NTAMS 0x00000000e8b00000 space 1024K, 100% used [0x00000000e8a00000, 0x00000000e8b00000)
AC   0  O    TS     0 PTAMS 0x00000000e8c00000 NTAMS 0x00000000e8c00000 space 1024K, 100% used [0x00000000e8b00000, 0x00000000e8c00000)
AC   0  O    TS     0 PTAMS 0x00000000e8d00000 NTAMS 0x00000000e8d00000 space 1024K, 100% used [0x00000000e8c00000, 0x00000000e8d00000)
AC   0  O    TS     0 PTAMS 0x00000000e8e00000 NTAMS 0x00000000e8e00000 space 1024K, 100% used [0x00000000e8d00000, 0x00000000e8e00000)
AC   0  O    TS     0 PTAMS 0x00000000e8f00000 NTAMS 0x00000000e8f00000 space 1024K, 100% used [0x00000000e8e00000, 0x00000000e8f00000)
AC   0  O    TS     0 PTAMS 0x00000000e9000000 NTAMS 0x00000000e9000000 space 1024K, 100% used [0x00000000e8f00000, 0x00000000e9000000)
AC   0  O    TS     0 PTAMS 0x00000000e9100000 NTAMS 0x00000000e9100000 space 1024K, 100% used [0x00000000e9000000, 0x00000000e9100000)
AC   0  O    TS     0 PTAMS 0x00000000e9200000 NTAMS 0x00000000e9200000 space 1024K, 100% used [0x00000000e9100000, 0x00000000e9200000)
AC   0  O    TS     0 PTAMS 0x00000000e9300000 NTAMS 0x00000000e9300000 space 1024K, 100% used [0x00000000e9200000, 0x00000000e9300000)
AC   0  O    TS     0 PTAMS 0x00000000e9400000 NTAMS 0x00000000e9400000 space 1024K, 100% used [0x00000000e9300000, 0x00000000e9400000)
AC   0  O    TS     0 PTAMS 0x00000000e9500000 NTAMS 0x00000000e9500000 space 1024K, 100% used [0x00000000e9400000, 0x00000000e9500000)
AC   0  O    TS     0 PTAMS 0x00000000e9600000 NTAMS 0x00000000e9600000 space 1024K, 100% used [0x00000000e9500000, 0x00000000e9600000)
AC   0  O    TS     0 PTAMS 0x00000000e9700000 NTAMS 0x00000000e9700000 space 1024K, 100% used [0x00000000e9600000, 0x00000000e9700000)
AC   0  O    TS     0 PTAMS 0x00000000e9800000 NTAMS 0x00000000e9800000 space 1024K, 100% used [0x00000000e9700000, 0x00000000e9800000)
AC   0  O    TS     0 PTAMS 0x00000000e9900000 NTAMS 0x00000000e9900000 space 1024K, 100% used [0x00000000e9800000, 0x00000000e9900000)
AC   0  O    TS     0 PTAMS 0x00000000e9a00000 NTAMS 0x00000000e9a00000 space 1024K, 100% used [0x00000000e9900000, 0x00000000e9a00000)
AC   0  O    TS     0 PTAMS 0x00000000e9b00000 NTAMS 0x00000000e9b00000 space 1024K, 100% used [0x00000000e9a00000, 0x00000000e9b00000)
AC   0  O    TS     0 PTAMS 0x00000000e9c00000 NTAMS 0x00000000e9c00000 space 1024K, 100% used [0x00000000e9b00000, 0x00000000e9c00000)
AC   0  O    TS     0 PTAMS 0x00000000e9d00000 NTAMS 0x00000000e9d00000 space 1024K, 100% used [0x00000000e9c00000, 0x00000000e9d00000)
AC   0  O    TS     0 PTAMS 0x00000000e9e00000 NTAMS 0x00000000e9e00000 space 1024K, 100% used [0x00000000e9d00000, 0x00000000e9e00000)
AC   0  O    TS     0 PTAMS 0x00000000e9f00000 NTAMS 0x00000000e9f00000 space 1024K, 100% used [0x00000000e9e00000, 0x00000000e9f00000)
AC   0  O    TS     0 PTAMS 0x00000000ea000000 NTAMS 0x00000000ea000000 space 1024K, 100% used [0x00000000e9f00000, 0x00000000ea000000)
AC   0  O    TS     0 PTAMS 0x00000000ea100000 NTAMS 0x00000000ea100000 space 1024K, 100% used [0x00000000ea000000, 0x00000000ea100000)
AC   0  O    TS     0 PTAMS 0x00000000ea200000 NTAMS 0x00000000ea200000 space 1024K, 100% used [0x00000000ea100000, 0x00000000ea200000)
AC   0  O    TS     0 PTAMS 0x00000000ea300000 NTAMS 0x00000000ea300000 space 1024K, 100% used [0x00000000ea200000, 0x00000000ea300000)
AC   0  O    TS     0 PTAMS 0x00000000ea400000 NTAMS 0x00000000ea400000 space 1024K, 100% used [0x00000000ea300000, 0x00000000ea400000)
AC   0  O    TS     0 PTAMS 0x00000000ea500000 NTAMS 0x00000000ea500000 space 1024K, 100% used [0x00000000ea400000, 0x00000000ea500000)
AC   0  O    TS     0 PTAMS 0x00000000ea600000 NTAMS 0x00000000ea600000 space 1024K, 100% used [0x00000000ea500000, 0x00000000ea600000)
AC   0  O    TS     3 PTAMS 0x00000000ea600000 NTAMS 0x00000000ea700000 space 1024K, 100% used [0x00000000ea600000, 0x00000000ea700000)
AC   0  O    TS     3 PTAMS 0x00000000ea700000 NTAMS 0x00000000ea800000 space 1024K, 100% used [0x00000000ea700000, 0x00000000ea800000)
AC   0  O    TS     0 PTAMS 0x00000000ea900000 NTAMS 0x00000000ea900000 space 1024K, 100% used [0x00000000ea800000, 0x00000000ea900000)
AC   0  O    TS     5 PTAMS 0x00000000ea900000 NTAMS 0x00000000eaa00000 space 1024K, 100% used [0x00000000ea900000, 0x00000000eaa00000)
AC   0  O    TS     5 PTAMS 0x00000000eaa00000 NTAMS 0x00000000eab00000 space 1024K, 100% used [0x00000000eaa00000, 0x00000000eab00000)
AC   0  O    TS     5 PTAMS 0x00000000eab00000 NTAMS 0x00000000eac00000 space 1024K, 100% used [0x00000000eab00000, 0x00000000eac00000)
AC   0  O    TS     5 PTAMS 0x00000000eac00000 NTAMS 0x00000000ead00000 space 1024K, 100% used [0x00000000eac00000, 0x00000000ead00000)
AC   0  O    TS     5 PTAMS 0x00000000ead00000 NTAMS 0x00000000eae00000 space 1024K, 100% used [0x00000000ead00000, 0x00000000eae00000)
AC   0  O    TS     5 PTAMS 0x00000000eae00000 NTAMS 0x00000000eaf00000 space 1024K, 100% used [0x00000000eae00000, 0x00000000eaf00000)
AC   0  O    TS     5 PTAMS 0x00000000eaf00000 NTAMS 0x00000000eb000000 space 1024K, 100% used [0x00000000eaf00000, 0x00000000eb000000)
AC   0  O    TS     5 PTAMS 0x00000000eb000000 NTAMS 0x00000000eb100000 space 1024K, 100% used [0x00000000eb000000, 0x00000000eb100000)
AC   0  O    TS     5 PTAMS 0x00000000eb100000 NTAMS 0x00000000eb200000 space 1024K, 100% used [0x00000000eb100000, 0x00000000eb200000)
AC   0  O    TS     5 PTAMS 0x00000000eb200000 NTAMS 0x00000000eb2dae00 space 1024K,  85% used [0x00000000eb200000, 0x00000000eb300000)
AC   0 HS    TS     0 PTAMS 0x00000000eb300000 NTAMS 0x00000000eb300000 space 2048K,  50% used [0x00000000eb300000, 0x00000000eb500000)
AC   0 HC    TS     0 PTAMS 0x00000000eb400000 NTAMS 0x00000000eb400000 space 1024K,   0% used [0x00000000eb400000, 0x00000000eb500000)
AC   0  F    TS     0 PTAMS 0x00000000eb500000 NTAMS 0x00000000eb500000 space 1024K,   0% used [0x00000000eb500000, 0x00000000eb600000)
AC   0  F    TS     0 PTAMS 0x00000000eb600000 NTAMS 0x00000000eb600000 space 1024K,   0% used [0x00000000eb600000, 0x00000000eb700000)
AC   0  F    TS     0 PTAMS 0x00000000eb700000 NTAMS 0x00000000eb700000 space 1024K,   0% used [0x00000000eb700000, 0x00000000eb800000)
AC   0  F    TS     0 PTAMS 0x00000000eb800000 NTAMS 0x00000000eb800000 space 1024K,   0% used [0x00000000eb800000, 0x00000000eb900000)
AC   0  F    TS     0 PTAMS 0x00000000eb900000 NTAMS 0x00000000eb900000 space 1024K,   0% used [0x00000000eb900000, 0x00000000eba00000)
AC   0  F    TS     0 PTAMS 0x00000000eba00000 NTAMS 0x00000000eba00000 space 1024K,   0% used [0x00000000eba00000, 0x00000000ebb00000)
AC   0  F    TS     0 PTAMS 0x00000000ebb00000 NTAMS 0x00000000ebb00000 space 1024K,   0% used [0x00000000ebb00000, 0x00000000ebc00000)
AC   0  F    TS     0 PTAMS 0x00000000ebc00000 NTAMS 0x00000000ebc00000 space 1024K,   0% used [0x00000000ebc00000, 0x00000000ebd00000)
AC   0  F    TS     0 PTAMS 0x00000000ebd00000 NTAMS 0x00000000ebd00000 space 1024K,   0% used [0x00000000ebd00000, 0x00000000ebe00000)
AC   0  F    TS     0 PTAMS 0x00000000ebe00000 NTAMS 0x00000000ebe00000 space 1024K,   0% used [0x00000000ebe00000, 0x00000000ebf00000)
AC   0  F    TS     0 PTAMS 0x00000000ebf00000 NTAMS 0x00000000ebf00000 space 1024K,   0% used [0x00000000ebf00000, 0x00000000ec000000)
AC   0  F    TS     0 PTAMS 0x00000000ec000000 NTAMS 0x00000000ec000000 space 1024K,   0% used [0x00000000ec000000, 0x00000000ec100000)
AC   0  F    TS     1 PTAMS 0x00000000ec100000 NTAMS 0x00000000ec100000 space 1024K,   0% used [0x00000000ec100000, 0x00000000ec200000)
AC   0  F    TS     1 PTAMS 0x00000000ec200000 NTAMS 0x00000000ec200000 space 1024K,   0% used [0x00000000ec200000, 0x00000000ec300000)
AC   0  F    TS     1 PTAMS 0x00000000ec300000 NTAMS 0x00000000ec300000 space 1024K,   0% used [0x00000000ec300000, 0x00000000ec400000)
AC   0  F    TS     1 PTAMS 0x00000000ec400000 NTAMS 0x00000000ec400000 space 1024K,   0% used [0x00000000ec400000, 0x00000000ec500000)
AC   0  F    TS     1 PTAMS 0x00000000ec500000 NTAMS 0x00000000ec500000 space 1024K,   0% used [0x00000000ec500000, 0x00000000ec600000)
AC   0  F    TS     1 PTAMS 0x00000000ec600000 NTAMS 0x00000000ec600000 space 1024K,   0% used [0x00000000ec600000, 0x00000000ec700000)
AC   0  S CS TS     5 PTAMS 0x00000000ec700000 NTAMS 0x00000000ec700000 space 1024K,  55% used [0x00000000ec700000, 0x00000000ec800000)
AC   0  S CS TS     5 PTAMS 0x00000000ec800000 NTAMS 0x00000000ec800000 space 1024K, 100% used [0x00000000ec800000, 0x00000000ec900000)
AC   0  S CS TS     5 PTAMS 0x00000000ec900000 NTAMS 0x00000000ec900000 space 1024K, 100% used [0x00000000ec900000, 0x00000000eca00000)
AC   0  S CS TS     5 PTAMS 0x00000000eca00000 NTAMS 0x00000000eca00000 space 1024K, 100% used [0x00000000eca00000, 0x00000000ecb00000)
AC   0  S CS TS     5 PTAMS 0x00000000ecb00000 NTAMS 0x00000000ecb00000 space 1024K, 100% used [0x00000000ecb00000, 0x00000000ecc00000)
AC   0  S CS TS     5 PTAMS 0x00000000ecc00000 NTAMS 0x00000000ecc00000 space 1024K, 100% used [0x00000000ecc00000, 0x00000000ecd00000)
AC   0  F    TS     3 PTAMS 0x00000000ecd00000 NTAMS 0x00000000ecd00000 space 1024K,   0% used [0x00000000ecd00000, 0x00000000ece00000)
AC   0  F    TS     3 PTAMS 0x00000000ece00000 NTAMS 0x00000000ece00000 space 1024K,   0% used [0x00000000ece00000, 0x00000000ecf00000)
AC   0  F    TS     3 PTAMS 0x00000000ecf00000 NTAMS 0x00000000ecf00000 space 1024K,   0% used [0x00000000ecf00000, 0x00000000ed000000)
AC   0  F    TS     3 PTAMS 0x00000000ed000000 NTAMS 0x00000000ed000000 space 1024K,   0% used [0x00000000ed000000, 0x00000000ed100000)
AC   0  F    TS     3 PTAMS 0x00000000ed100000 NTAMS 0x00000000ed100000 space 1024K,   0% used [0x00000000ed100000, 0x00000000ed200000)
AC   0  F    TS     3 PTAMS 0x00000000ed200000 NTAMS 0x00000000ed200000 space 1024K,   0% used [0x00000000ed200000, 0x00000000ed300000)
AC   0  F    TS     3 PTAMS 0x00000000ed300000 NTAMS 0x00000000ed300000 space 1024K,   0% used [0x00000000ed300000, 0x00000000ed400000)
AC   0  F    TS     3 PTAMS 0x00000000ed400000 NTAMS 0x00000000ed400000 space 1024K,   0% used [0x00000000ed400000, 0x00000000ed500000)
AC   0  F    TS     3 PTAMS 0x00000000ed500000 NTAMS 0x00000000ed500000 space 1024K,   0% used [0x00000000ed500000, 0x00000000ed600000)
AC   0  F    TS     3 PTAMS 0x00000000ed600000 NTAMS 0x00000000ed600000 space 1024K,   0% used [0x00000000ed600000, 0x00000000ed700000)
AC   0  S CS TS     5 PTAMS 0x00000000ed700000 NTAMS 0x00000000ed700000 space 1024K, 100% used [0x00000000ed700000, 0x00000000ed800000)
AC   0  S CS TS     5 PTAMS 0x00000000ed800000 NTAMS 0x00000000ed800000 space 1024K, 100% used [0x00000000ed800000, 0x00000000ed900000)
AC   0  S CS TS     5 PTAMS 0x00000000ed900000 NTAMS 0x00000000ed900000 space 1024K, 100% used [0x00000000ed900000, 0x00000000eda00000)
AC   0  S CS TS     5 PTAMS 0x00000000eda00000 NTAMS 0x00000000eda00000 space 1024K, 100% used [0x00000000eda00000, 0x00000000edb00000)
AC   0  F    TS     0 PTAMS 0x00000000edb00000 NTAMS 0x00000000edb00000 space 1024K,   0% used [0x00000000edb00000, 0x00000000edc00000)
AC   0  F    TS     0 PTAMS 0x00000000edc00000 NTAMS 0x00000000edc00000 space 1024K,   0% used [0x00000000edc00000, 0x00000000edd00000)
AC   0  F    TS     0 PTAMS 0x00000000edd00000 NTAMS 0x00000000edd00000 space 1024K,   0% used [0x00000000edd00000, 0x00000000ede00000)
AC   0  F    TS     0 PTAMS 0x00000000ede00000 NTAMS 0x00000000ede00000 space 1024K,   0% used [0x00000000ede00000, 0x00000000edf00000)
AC   0  F    TS     0 PTAMS 0x00000000edf00000 NTAMS 0x00000000edf00000 space 1024K,   0% used [0x00000000edf00000, 0x00000000ee000000)
AC   0  F    TS     0 PTAMS 0x00000000ee000000 NTAMS 0x00000000ee000000 space 1024K,   0% used [0x00000000ee000000, 0x00000000ee100000)
AC   0  F    TS     0 PTAMS 0x00000000ee100000 NTAMS 0x00000000ee100000 space 1024K,   0% used [0x00000000ee100000, 0x00000000ee200000)
AC   0  F    TS     0 PTAMS 0x00000000ee200000 NTAMS 0x00000000ee200000 space 1024K,   0% used [0x00000000ee200000, 0x00000000ee300000)
AC   0  F    TS     0 PTAMS 0x00000000ee300000 NTAMS 0x00000000ee300000 space 1024K,   0% used [0x00000000ee300000, 0x00000000ee400000)
AC   0  F    TS     0 PTAMS 0x00000000ee400000 NTAMS 0x00000000ee400000 space 1024K,   0% used [0x00000000ee400000, 0x00000000ee500000)
AC   0  F    TS     0 PTAMS 0x00000000ee500000 NTAMS 0x00000000ee500000 space 1024K,   0% used [0x00000000ee500000, 0x00000000ee600000)
AC   0  F    TS     0 PTAMS 0x00000000ee600000 NTAMS 0x00000000ee600000 space 1024K,   0% used [0x00000000ee600000, 0x00000000ee700000)
AC   0  F    TS     0 PTAMS 0x00000000ee700000 NTAMS 0x00000000ee700000 space 1024K,   0% used [0x00000000ee700000, 0x00000000ee800000)
AC   0  F    TS     0 PTAMS 0x00000000ee800000 NTAMS 0x00000000ee800000 space 1024K,   0% used [0x00000000ee800000, 0x00000000ee900000)
AC   0  F    TS     0 PTAMS 0x00000000ee900000 NTAMS 0x00000000ee900000 space 1024K,   0% used [0x00000000ee900000, 0x00000000eea00000)
AC   0  F    TS     0 PTAMS 0x00000000eea00000 NTAMS 0x00000000eea00000 space 1024K,   0% used [0x00000000eea00000, 0x00000000eeb00000)
AC   0  F    TS     0 PTAMS 0x00000000eeb00000 NTAMS 0x00000000eeb00000 space 1024K,   0% used [0x00000000eeb00000, 0x00000000eec00000)
AC   0  F    TS     0 PTAMS 0x00000000eec00000 NTAMS 0x00000000eec00000 space 1024K,   0% used [0x00000000eec00000, 0x00000000eed00000)
AC   0  F    TS     0 PTAMS 0x00000000eed00000 NTAMS 0x00000000eed00000 space 1024K,   0% used [0x00000000eed00000, 0x00000000eee00000)
AC   0  F    TS     0 PTAMS 0x00000000eee00000 NTAMS 0x00000000eee00000 space 1024K,   0% used [0x00000000eee00000, 0x00000000eef00000)
AC   0  F    TS     0 PTAMS 0x00000000eef00000 NTAMS 0x00000000eef00000 space 1024K,   0% used [0x00000000eef00000, 0x00000000ef000000)
AC   0  F    TS     0 PTAMS 0x00000000ef000000 NTAMS 0x00000000ef000000 space 1024K,   0% used [0x00000000ef000000, 0x00000000ef100000)
AC   0  F    TS     0 PTAMS 0x00000000ef100000 NTAMS 0x00000000ef100000 space 1024K,   0% used [0x00000000ef100000, 0x00000000ef200000)
AC   0  F    TS     0 PTAMS 0x00000000ef200000 NTAMS 0x00000000ef200000 space 1024K,   0% used [0x00000000ef200000, 0x00000000ef300000)
AC   0  F    TS     0 PTAMS 0x00000000ef300000 NTAMS 0x00000000ef300000 space 1024K,   0% used [0x00000000ef300000, 0x00000000ef400000)
AC   0  F    TS     0 PTAMS 0x00000000ef400000 NTAMS 0x00000000ef400000 space 1024K,   0% used [0x00000000ef400000, 0x00000000ef500000)
AC   0  F    TS     0 PTAMS 0x00000000ef500000 NTAMS 0x00000000ef500000 space 1024K,   0% used [0x00000000ef500000, 0x00000000ef600000)
AC   0  F    TS     0 PTAMS 0x00000000ef600000 NTAMS 0x00000000ef600000 space 1024K,   0% used [0x00000000ef600000, 0x00000000ef700000)
AC   0  F    TS     0 PTAMS 0x00000000ef700000 NTAMS 0x00000000ef700000 space 1024K,   0% used [0x00000000ef700000, 0x00000000ef800000)
AC   0  F    TS     0 PTAMS 0x00000000ef800000 NTAMS 0x00000000ef800000 space 1024K,   0% used [0x00000000ef800000, 0x00000000ef900000)
AC   0  F    TS     0 PTAMS 0x00000000ef900000 NTAMS 0x00000000ef900000 space 1024K,   0% used [0x00000000ef900000, 0x00000000efa00000)
AC   0  F    TS     0 PTAMS 0x00000000efa00000 NTAMS 0x00000000efa00000 space 1024K,   0% used [0x00000000efa00000, 0x00000000efb00000)
AC   0  F    TS     0 PTAMS 0x00000000efb00000 NTAMS 0x00000000efb00000 space 1024K,   0% used [0x00000000efb00000, 0x00000000efc00000)
AC   0  F    TS     0 PTAMS 0x00000000efc00000 NTAMS 0x00000000efc00000 space 1024K,   0% used [0x00000000efc00000, 0x00000000efd00000)
AC   0  F    TS     0 PTAMS 0x00000000efd00000 NTAMS 0x00000000efd00000 space 1024K,   0% used [0x00000000efd00000, 0x00000000efe00000)
AC   0  F    TS     0 PTAMS 0x00000000efe00000 NTAMS 0x00000000efe00000 space 1024K,   0% used [0x00000000efe00000, 0x00000000eff00000)
AC   0  F    TS     0 PTAMS 0x00000000eff00000 NTAMS 0x00000000eff00000 space 1024K,   0% used [0x00000000eff00000, 0x00000000f0000000)
AC   0  F    TS     0 PTAMS 0x00000000f0000000 NTAMS 0x00000000f0000000 space 1024K,   0% used [0x00000000f0000000, 0x00000000f0100000)
AC   0  F    TS     0 PTAMS 0x00000000f0100000 NTAMS 0x00000000f0100000 space 1024K,   0% used [0x00000000f0100000, 0x00000000f0200000)
AC   0  F    TS     0 PTAMS 0x00000000f0200000 NTAMS 0x00000000f0200000 space 1024K,   0% used [0x00000000f0200000, 0x00000000f0300000)
AC   0  F    TS     0 PTAMS 0x00000000f0300000 NTAMS 0x00000000f0300000 space 1024K,   0% used [0x00000000f0300000, 0x00000000f0400000)
AC   0  F    TS     0 PTAMS 0x00000000f0400000 NTAMS 0x00000000f0400000 space 1024K,   0% used [0x00000000f0400000, 0x00000000f0500000)
AC   0  F    TS     0 PTAMS 0x00000000f0500000 NTAMS 0x00000000f0500000 space 1024K,   0% used [0x00000000f0500000, 0x00000000f0600000)
AC   0  F    TS     0 PTAMS 0x00000000f0600000 NTAMS 0x00000000f0600000 space 1024K,   0% used [0x00000000f0600000, 0x00000000f0700000)
AC   0  F    TS     0 PTAMS 0x00000000f0700000 NTAMS 0x00000000f0700000 space 1024K,   0% used [0x00000000f0700000, 0x00000000f0800000)
AC   0  F    TS     0 PTAMS 0x00000000f0800000 NTAMS 0x00000000f0800000 space 1024K,   0% used [0x00000000f0800000, 0x00000000f0900000)
AC   0  F    TS     0 PTAMS 0x00000000f0900000 NTAMS 0x00000000f0900000 space 1024K,   0% used [0x00000000f0900000, 0x00000000f0a00000)
AC   0  F    TS     0 PTAMS 0x00000000f0a00000 NTAMS 0x00000000f0a00000 space 1024K,   0% used [0x00000000f0a00000, 0x00000000f0b00000)
AC   0  F    TS     0 PTAMS 0x00000000f0b00000 NTAMS 0x00000000f0b00000 space 1024K,   0% used [0x00000000f0b00000, 0x00000000f0c00000)
AC   0  F    TS     0 PTAMS 0x00000000f0c00000 NTAMS 0x00000000f0c00000 space 1024K,   0% used [0x00000000f0c00000, 0x00000000f0d00000)
AC   0  F    TS     0 PTAMS 0x00000000f0d00000 NTAMS 0x00000000f0d00000 space 1024K,   0% used [0x00000000f0d00000, 0x00000000f0e00000)
AC   0  F    TS     0 PTAMS 0x00000000f0e00000 NTAMS 0x00000000f0e00000 space 1024K,   0% used [0x00000000f0e00000, 0x00000000f0f00000)
AC   0  F    TS     0 PTAMS 0x00000000f0f00000 NTAMS 0x00000000f0f00000 space 1024K,   0% used [0x00000000f0f00000, 0x00000000f1000000)
AC   0  F    TS     0 PTAMS 0x00000000f1000000 NTAMS 0x00000000f1000000 space 1024K,   0% used [0x00000000f1000000, 0x00000000f1100000)
AC   0  F    TS     0 PTAMS 0x00000000f1100000 NTAMS 0x00000000f1100000 space 1024K,   0% used [0x00000000f1100000, 0x00000000f1200000)
AC   0  F    TS     0 PTAMS 0x00000000f1200000 NTAMS 0x00000000f1200000 space 1024K,   0% used [0x00000000f1200000, 0x00000000f1300000)
AC   0  F    TS     0 PTAMS 0x00000000f1300000 NTAMS 0x00000000f1300000 space 1024K,   0% used [0x00000000f1300000, 0x00000000f1400000)
AC   0  E    TS     0 PTAMS 0x00000000f1400000 NTAMS 0x00000000f1400000 space 1024K,  83% used [0x00000000f1400000, 0x00000000f1500000)
AC   0  E CS TS     0 PTAMS 0x00000000f1500000 NTAMS 0x00000000f1500000 space 1024K, 100% used [0x00000000f1500000, 0x00000000f1600000)
AC   0  E CS TS     0 PTAMS 0x00000000f1600000 NTAMS 0x00000000f1600000 space 1024K, 100% used [0x00000000f1600000, 0x00000000f1700000)
AC   0  E CS TS     0 PTAMS 0x00000000f1700000 NTAMS 0x00000000f1700000 space 1024K, 100% used [0x00000000f1700000, 0x00000000f1800000)
AC   0  E CS TS     0 PTAMS 0x00000000f1800000 NTAMS 0x00000000f1800000 space 1024K, 100% used [0x00000000f1800000, 0x00000000f1900000)
AC   0  E CS TS     0 PTAMS 0x00000000f1900000 NTAMS 0x00000000f1900000 space 1024K, 100% used [0x00000000f1900000, 0x00000000f1a00000)
AC   0  E CS TS     0 PTAMS 0x00000000f1a00000 NTAMS 0x00000000f1a00000 space 1024K, 100% used [0x00000000f1a00000, 0x00000000f1b00000)
AC   0  E CS TS     0 PTAMS 0x00000000f1b00000 NTAMS 0x00000000f1b00000 space 1024K, 100% used [0x00000000f1b00000, 0x00000000f1c00000)
AC   0  E CS TS     0 PTAMS 0x00000000f1c00000 NTAMS 0x00000000f1c00000 space 1024K, 100% used [0x00000000f1c00000, 0x00000000f1d00000)

Card table byte_map: [0x0000000013150000,0x0000000013250000] byte_map_base: 0x0000000012a50000

Marking Bits (Prev, Next): (CMBitMap*) 0x0000000002c5d5b8, (CMBitMap*) 0x0000000002c5d610
 Prev Bits: [0x0000000013350000, 0x0000000013b50000)
 Next Bits: [0x0000000013b50000, 0x0000000014350000)

Polling page: 0x0000000000d50000

CodeCache: size=245760Kb used=19440Kb max_used=20238Kb free=226319Kb
 bounds [0x0000000002e50000, 0x0000000004230000, 0x0000000011e50000]
 total_blobs=5817 nmethods=5121 adapters=616
 compilation: enabled

Compilation events (10 events):
Event: 43.421 Thread 0x0000000018b43800 6134       1       org.h2.engine.DbObjectBase::isTemporary (5 bytes)
Event: 43.421 Thread 0x0000000018b43800 nmethod 6134 0x0000000003842350 code [0x00000000038424a0, 0x00000000038425b0]
Event: 43.421 Thread 0x0000000018b43800 6135       3       org.h2.engine.Database::lockMeta (153 bytes)
Event: 43.421 Thread 0x0000000018b43800 nmethod 6135 0x0000000003841e50 code [0x0000000003841fc0, 0x0000000003842268]
Event: 43.421 Thread 0x0000000018b43800 6136       3       java.util.HashSet::remove (20 bytes)
Event: 43.421 Thread 0x0000000018b43800 nmethod 6136 0x0000000003841990 code [0x0000000003841b00, 0x0000000003841d88]
Event: 43.440 Thread 0x0000000018b43800 6137       1       org.h2.mvstore.MVStore::isClosed (5 bytes)
Event: 43.440 Thread 0x0000000018b43800 nmethod 6137 0x000000000364e610 code [0x000000000364e760, 0x000000000364e870]
Event: 43.453 Thread 0x0000000018b43800 6138       3       org.h2.mvstore.cache.CacheLongKeyLIRS$Entry::<init> (5 bytes)
Event: 43.453 Thread 0x0000000018b43800 nmethod 6138 0x000000000364e250 code [0x000000000364e3a0, 0x000000000364e550]

GC Heap History (10 events):
Event: 32.660 GC heap before
{Heap before GC invocations=34 (full 0):
 garbage-first heap   total 291840K, used 254201K [0x00000000e0000000, 0x00000000e01008e8, 0x0000000100000000)
  region size 1024K, 85 young (87040K), 2 survivors (2048K)
 Metaspace       used 42245K, capacity 43094K, committed 43392K, reserved 1087488K
  class space    used 5107K, capacity 5463K, committed 5504K, reserved 1048576K
Event: 32.666 GC heap after
Heap after GC invocations=35 (full 0):
 garbage-first heap   total 291840K, used 175056K [0x00000000e0000000, 0x00000000e01008e8, 0x0000000100000000)
  region size 1024K, 8 young (8192K), 8 survivors (8192K)
 Metaspace       used 42245K, capacity 43094K, committed 43392K, reserved 1087488K
  class space    used 5107K, capacity 5463K, committed 5504K, reserved 1048576K
}
Event: 35.048 GC heap before
{Heap before GC invocations=35 (full 0):
 garbage-first heap   total 291840K, used 250832K [0x00000000e0000000, 0x00000000e01008e8, 0x0000000100000000)
  region size 1024K, 82 young (83968K), 8 survivors (8192K)
 Metaspace       used 46511K, capacity 47374K, committed 47744K, reserved 1091584K
  class space    used 5606K, capacity 5946K, committed 6016K, reserved 1048576K
Event: 35.055 GC heap after
Heap after GC invocations=36 (full 0):
 garbage-first heap   total 291840K, used 174841K [0x00000000e0000000, 0x00000000e01008e8, 0x0000000100000000)
  region size 1024K, 8 young (8192K), 8 survivors (8192K)
 Metaspace       used 46511K, capacity 47374K, committed 47744K, reserved 1091584K
  class space    used 5606K, capacity 5946K, committed 6016K, reserved 1048576K
}
Event: 37.759 GC heap before
{Heap before GC invocations=37 (full 0):
 garbage-first heap   total 291840K, used 250617K [0x00000000e0000000, 0x00000000e01008e8, 0x0000000100000000)
  region size 1024K, 82 young (83968K), 8 survivors (8192K)
 Metaspace       used 47989K, capacity 48952K, committed 49280K, reserved 1091584K
  class space    used 5818K, capacity 6173K, committed 6272K, reserved 1048576K
Event: 37.767 GC heap after
Heap after GC invocations=38 (full 0):
 garbage-first heap   total 291840K, used 176889K [0x00000000e0000000, 0x00000000e01008e8, 0x0000000100000000)
  region size 1024K, 10 young (10240K), 10 survivors (10240K)
 Metaspace       used 47989K, capacity 48952K, committed 49280K, reserved 1091584K
  class space    used 5818K, capacity 6173K, committed 6272K, reserved 1048576K
}
Event: 40.427 GC heap before
{Heap before GC invocations=38 (full 0):
 garbage-first heap   total 291840K, used 248569K [0x00000000e0000000, 0x00000000e01008e8, 0x0000000100000000)
  region size 1024K, 80 young (81920K), 10 survivors (10240K)
 Metaspace       used 51498K, capacity 52428K, committed 52736K, reserved 1095680K
  class space    used 6302K, capacity 6623K, committed 6656K, reserved 1048576K
Event: 40.441 GC heap after
Heap after GC invocations=39 (full 0):
 garbage-first heap   total 291840K, used 182085K [0x00000000e0000000, 0x00000000e01008e8, 0x0000000100000000)
  region size 1024K, 10 young (10240K), 10 survivors (10240K)
 Metaspace       used 51498K, capacity 52428K, committed 52736K, reserved 1095680K
  class space    used 6302K, capacity 6623K, committed 6656K, reserved 1048576K
}
Event: 43.213 GC heap before
{Heap before GC invocations=39 (full 0):
 garbage-first heap   total 291840K, used 248645K [0x00000000e0000000, 0x00000000e01008e8, 0x0000000100000000)
  region size 1024K, 76 young (77824K), 10 survivors (10240K)
 Metaspace       used 55414K, capacity 56410K, committed 56832K, reserved 1099776K
  class space    used 6700K, capacity 7060K, committed 7168K, reserved 1048576K
Event: 43.234 GC heap after
Heap after GC invocations=40 (full 0):
 garbage-first heap   total 291840K, used 190882K [0x00000000e0000000, 0x00000000e01008e8, 0x0000000100000000)
  region size 1024K, 10 young (10240K), 10 survivors (10240K)
 Metaspace       used 55414K, capacity 56410K, committed 56832K, reserved 1099776K
  class space    used 6700K, capacity 7060K, committed 7168K, reserved 1048576K
}

Deoptimization events (10 events):
Event: 39.451 Thread 0x000000001bfb2000 Uncommon trap: reason=predicate action=maybe_recompile pc=0x00000000032b29a0 method=sun.net.www.ParseUtil.encodePath(Ljava/lang/String;Z)Ljava/lang/String; @ 36
Event: 39.924 Thread 0x0000000002c26000 Uncommon trap: reason=class_check action=maybe_recompile pc=0x0000000003ee899c method=java.lang.reflect.Array.newInstance(Ljava/lang/Class;I)Ljava/lang/Object; @ 2
Event: 40.220 Thread 0x0000000002c26000 Uncommon trap: reason=bimorphic action=maybe_recompile pc=0x0000000004000fd8 method=java.util.Collections$UnmodifiableCollection.size()I @ 4
Event: 40.247 Thread 0x0000000002c26000 Uncommon trap: reason=bimorphic action=maybe_recompile pc=0x0000000004000fd8 method=java.util.Collections$UnmodifiableCollection.size()I @ 4
Event: 40.984 Thread 0x0000000002c26000 Uncommon trap: reason=unstable_if action=reinterpret pc=0x000000000380dc08 method=kotlin.reflect.jvm.internal.impl.protobuf.CodedInputStream.readRawVarint32()I @ 69
Event: 41.636 Thread 0x0000000002c26000 Uncommon trap: reason=predicate action=maybe_recompile pc=0x00000000035bfd90 method=sun.security.provider.DigestBase.implCompressMultiBlock([BII)I @ 5
Event: 41.678 Thread 0x0000000002c26000 Uncommon trap: reason=null_check action=make_not_entrant pc=0x0000000004123f78 method=java.lang.reflect.Array.newInstance(Ljava/lang/Class;I)Ljava/lang/Object; @ 2
Event: 42.036 Thread 0x0000000002c26000 Uncommon trap: reason=bimorphic action=maybe_recompile pc=0x0000000003d25a2c method=java.util.Collections$UnmodifiableList$1.hasNext()Z @ 4
Event: 42.036 Thread 0x0000000002c26000 Uncommon trap: reason=bimorphic action=maybe_recompile pc=0x0000000003d25a2c method=java.util.Collections$UnmodifiableList$1.hasNext()Z @ 4
Event: 42.332 Thread 0x0000000002c26000 Uncommon trap: reason=bimorphic action=maybe_recompile pc=0x0000000003e37464 method=java.lang.Throwable.<init>(Ljava/lang/String;Ljava/lang/Throwable;)V @ 24

Classes redefined (0 events):
No events

Internal exceptions (10 events):
Event: 35.560 Thread 0x0000000002c26000 Exception <a 'java/lang/ClassNotFoundException': net/corda/tools/shell/base/loginBeanInfo> (0x00000000f16e8968) thrown at [C:\re\workspace\8-2-build-windows-amd64-cygwin\jdk8u211\12973\hotspot\src\share\vm\classfile\systemDictionary.cpp, line 210]
Event: 35.561 Thread 0x0000000002c26000 Exception <a 'java/lang/ClassNotFoundException': org/crsh/lang/impl/groovy/command/GroovyScriptBeanInfo> (0x00000000f150b938) thrown at [C:\re\workspace\8-2-build-windows-amd64-cygwin\jdk8u211\12973\hotspot\src\share\vm\classfile\systemDictionary.cpp, lin
Event: 35.562 Thread 0x0000000002c26000 Exception <a 'java/lang/ClassNotFoundException': groovy/lang/ScriptBeanInfo> (0x00000000f1520ad0) thrown at [C:\re\workspace\8-2-build-windows-amd64-cygwin\jdk8u211\12973\hotspot\src\share\vm\classfile\systemDictionary.cpp, line 210]
Event: 35.562 Thread 0x0000000002c26000 Exception <a 'java/lang/ClassNotFoundException': groovy/lang/ScriptCustomizer> (0x00000000f1537b18) thrown at [C:\re\workspace\8-2-build-windows-amd64-cygwin\jdk8u211\12973\hotspot\src\share\vm\classfile\systemDictionary.cpp, line 210]
Event: 35.564 Thread 0x0000000002c26000 Exception <a 'java/lang/ClassNotFoundException': org/crsh/lang/impl/groovy/command/GroovyScriptCustomizer> (0x00000000f15661b0) thrown at [C:\re\workspace\8-2-build-windows-amd64-cygwin\jdk8u211\12973\hotspot\src\share\vm\classfile\systemDictionary.cpp, l
Event: 35.567 Thread 0x0000000002c26000 Exception <a 'java/lang/ClassNotFoundException': net/corda/tools/shell/base/loginCustomizer> (0x00000000f1594800) thrown at [C:\re\workspace\8-2-build-windows-amd64-cygwin\jdk8u211\12973\hotspot\src\share\vm\classfile\systemDictionary.cpp, line 210]
Event: 35.576 Thread 0x0000000002c26000 Exception <a 'java/lang/ClassNotFoundException': groovy/lang/Closure$1BeanInfo> (0x00000000f15ea110) thrown at [C:\re\workspace\8-2-build-windows-amd64-cygwin\jdk8u211\12973\hotspot\src\share\vm\classfile\systemDictionary.cpp, line 210]
Event: 35.577 Thread 0x0000000002c26000 Exception <a 'java/lang/ClassNotFoundException': groovy/lang/ClosureBeanInfo> (0x00000000f1400848) thrown at [C:\re\workspace\8-2-build-windows-amd64-cygwin\jdk8u211\12973\hotspot\src\share\vm\classfile\systemDictionary.cpp, line 210]
Event: 35.577 Thread 0x0000000002c26000 Exception <a 'java/lang/ClassNotFoundException': groovy/lang/ClosureCustomizer> (0x00000000f1417918) thrown at [C:\re\workspace\8-2-build-windows-amd64-cygwin\jdk8u211\12973\hotspot\src\share\vm\classfile\systemDictionary.cpp, line 210]
Event: 35.804 Thread 0x0000000002c26000 Exception <a 'java/lang/ClassNotFoundException': groovy/lang/Closure$1Customizer> (0x00000000f1454a00) thrown at [C:\re\workspace\8-2-build-windows-amd64-cygwin\jdk8u211\12973\hotspot\src\share\vm\classfile\systemDictionary.cpp, line 210]

Events (10 events):
Event: 43.559 Thread 0x0000000002c26000 DEOPT PACKING pc=0x0000000003afb318 sp=0x0000000002a5df80
Event: 43.559 Thread 0x0000000002c26000 DEOPT UNPACKING pc=0x0000000002e97890 sp=0x0000000002a5dc50 mode 1
Event: 43.559 Thread 0x0000000002c26000 DEOPT PACKING pc=0x00000000031dd808 sp=0x0000000002a5e070
Event: 43.559 Thread 0x0000000002c26000 DEOPT UNPACKING pc=0x0000000002e97890 sp=0x0000000002a5dda8 mode 1
Event: 43.559 Thread 0x0000000002c26000 DEOPT PACKING pc=0x0000000003a785c8 sp=0x0000000002a5e0e0
Event: 43.559 Thread 0x0000000002c26000 DEOPT UNPACKING pc=0x0000000002e97890 sp=0x0000000002a5de00 mode 1
Event: 43.559 loading class org/slf4j/ext/EventData
Event: 43.559 loading class org/slf4j/ext/EventData done
Event: 43.559 Thread 0x0000000002c26000 DEOPT PACKING pc=0x0000000003afb318 sp=0x0000000002a5d640
Event: 43.559 Thread 0x0000000002c26000 DEOPT UNPACKING pc=0x0000000002e97890 sp=0x0000000002a5d310 mode 1


Dynamic libraries:
0x00007ff779c30000 - 0x00007ff779c67000 	C:\Program Files\Java\jdk1.8.0_211\jre\bin\java.exe
0x00007fff727c0000 - 0x00007fff729ad000 	C:\WINDOWS\SYSTEM32\ntdll.dll
0x00007fff701d0000 - 0x00007fff70283000 	C:\WINDOWS\System32\KERNEL32.DLL
0x00007fff6ea10000 - 0x00007fff6eca3000 	C:\WINDOWS\System32\KERNELBASE.dll
0x00007fff72370000 - 0x00007fff72413000 	C:\WINDOWS\System32\ADVAPI32.dll
0x00007fff72270000 - 0x00007fff7230e000 	C:\WINDOWS\System32\msvcrt.dll
0x00007fff70440000 - 0x00007fff704de000 	C:\WINDOWS\System32\sechost.dll
0x00007fff70000000 - 0x00007fff70122000 	C:\WINDOWS\System32\RPCRT4.dll
0x00007fff71b00000 - 0x00007fff71c97000 	C:\WINDOWS\System32\USER32.dll
0x00007fff6ecb0000 - 0x00007fff6ecd0000 	C:\WINDOWS\System32\win32u.dll
0x00007fff724d0000 - 0x00007fff724f9000 	C:\WINDOWS\System32\GDI32.dll
0x00007fff6f0d0000 - 0x00007fff6f269000 	C:\WINDOWS\System32\gdi32full.dll
0x00007fff6e970000 - 0x00007fff6ea10000 	C:\WINDOWS\System32\msvcp_win.dll
0x00007fff6efd0000 - 0x00007fff6f0ca000 	C:\WINDOWS\System32\ucrtbase.dll
0x00007fff5beb0000 - 0x00007fff5c129000 	C:\WINDOWS\WinSxS\amd64_microsoft.windows.common-controls_6595b64144ccf1df_6.0.17763.615_none_05b4414a072024d4\COMCTL32.dll
0x00007fff6fb60000 - 0x00007fff6fe8c000 	C:\WINDOWS\System32\combase.dll
0x00007fff6e890000 - 0x00007fff6e90e000 	C:\WINDOWS\System32\bcryptPrimitives.dll
0x00007fff72560000 - 0x00007fff7258e000 	C:\WINDOWS\System32\IMM32.DLL
0x0000000062210000 - 0x00000000622e2000 	C:\Program Files\Java\jdk1.8.0_211\jre\bin\msvcr100.dll
0x0000000061960000 - 0x0000000062205000 	C:\Program Files\Java\jdk1.8.0_211\jre\bin\server\jvm.dll
0x00007fff70130000 - 0x00007fff70138000 	C:\WINDOWS\System32\PSAPI.DLL
0x00007fff61290000 - 0x00007fff61299000 	C:\WINDOWS\SYSTEM32\WSOCK32.dll
0x00007fff72590000 - 0x00007fff725fd000 	C:\WINDOWS\System32\WS2_32.dll
0x00007fff6c420000 - 0x00007fff6c444000 	C:\WINDOWS\SYSTEM32\WINMM.dll
0x00007fff62da0000 - 0x00007fff62daa000 	C:\WINDOWS\SYSTEM32\VERSION.dll
0x00007fff6c3f0000 - 0x00007fff6c41d000 	C:\WINDOWS\SYSTEM32\WINMMBASE.dll
0x00007fff6eed0000 - 0x00007fff6ef1a000 	C:\WINDOWS\System32\cfgmgr32.dll
0x00007fff6b780000 - 0x00007fff6b78f000 	C:\Program Files\Java\jdk1.8.0_211\jre\bin\verify.dll
0x00007fff60b60000 - 0x00007fff60b89000 	C:\Program Files\Java\jdk1.8.0_211\jre\bin\java.dll
0x00007fff60900000 - 0x00007fff60935000 	C:\Program Files\Java\jdk1.8.0_211\jre\bin\jdwp.dll
0x00007fff6b870000 - 0x00007fff6b878000 	C:\Program Files\Java\jdk1.8.0_211\jre\bin\npt.dll
0x00007fff58500000 - 0x00007fff58523000 	C:\Program Files\Java\jdk1.8.0_211\jre\bin\instrument.dll
0x00007fff6abb0000 - 0x00007fff6abc6000 	C:\Program Files\Java\jdk1.8.0_211\jre\bin\zip.dll
0x00007fff70610000 - 0x00007fff71b00000 	C:\WINDOWS\System32\SHELL32.dll
0x00007fff72420000 - 0x00007fff724c8000 	C:\WINDOWS\System32\shcore.dll
0x00007fff6f270000 - 0x00007fff6f9ba000 	C:\WINDOWS\System32\windows.storage.dll
0x00007fff6e840000 - 0x00007fff6e864000 	C:\WINDOWS\System32\profapi.dll
0x00007fff6e7e0000 - 0x00007fff6e83d000 	C:\WINDOWS\System32\powrprof.dll
0x00007fff72600000 - 0x00007fff72652000 	C:\WINDOWS\System32\shlwapi.dll
0x00007fff6e870000 - 0x00007fff6e881000 	C:\WINDOWS\System32\kernel.appcore.dll
0x00007fff6ecd0000 - 0x00007fff6ece7000 	C:\WINDOWS\System32\cryptsp.dll
0x00007fff69f70000 - 0x00007fff69f79000 	C:\Program Files\Java\jdk1.8.0_211\jre\bin\dt_socket.dll
0x00007fff6e030000 - 0x00007fff6e097000 	C:\WINDOWS\system32\mswsock.dll
0x00007fff61f10000 - 0x00007fff61f2a000 	C:\Program Files\Java\jdk1.8.0_211\jre\bin\net.dll
0x00007fff69d80000 - 0x00007fff69f57000 	C:\WINDOWS\SYSTEM32\urlmon.dll
0x00007fff694d0000 - 0x00007fff69778000 	C:\WINDOWS\SYSTEM32\iertutil.dll
0x00007fff6e200000 - 0x00007fff6e20c000 	C:\WINDOWS\SYSTEM32\CRYPTBASE.DLL
0x00007fff60350000 - 0x00007fff60366000 	C:\WINDOWS\system32\napinsp.dll
0x00007fff5f490000 - 0x00007fff5f4aa000 	C:\WINDOWS\system32\pnrpnsp.dll
0x00007fff6b750000 - 0x00007fff6b76b000 	C:\WINDOWS\system32\NLAapi.dll
0x00007fff6dd90000 - 0x00007fff6ddcd000 	C:\WINDOWS\SYSTEM32\IPHLPAPI.DLL
0x00007fff6ddd0000 - 0x00007fff6de96000 	C:\WINDOWS\SYSTEM32\DNSAPI.dll
0x00007fff70140000 - 0x00007fff70148000 	C:\WINDOWS\System32\NSI.dll
0x00007fff5f480000 - 0x00007fff5f48e000 	C:\WINDOWS\System32\winrnr.dll
0x00007fff5f460000 - 0x00007fff5f475000 	C:\WINDOWS\system32\wshbth.dll
0x00007fff650d0000 - 0x00007fff650da000 	C:\Windows\System32\rasadhlp.dll
0x00007fff65430000 - 0x00007fff654a9000 	C:\WINDOWS\System32\fwpuclnt.dll
0x00007fff6f9c0000 - 0x00007fff6f9e6000 	C:\WINDOWS\System32\bcrypt.dll
0x00007fff6a480000 - 0x00007fff6a496000 	C:\WINDOWS\SYSTEM32\dhcpcsvc6.DLL
0x00007fff6a440000 - 0x00007fff6a45c000 	C:\WINDOWS\SYSTEM32\dhcpcsvc.DLL
0x00007fff61710000 - 0x00007fff6171d000 	C:\Program Files\Java\jdk1.8.0_211\jre\bin\management.dll
0x00007fff60c00000 - 0x00007fff60c12000 	C:\Program Files\Java\jdk1.8.0_211\jre\bin\nio.dll
0x00007fff6db90000 - 0x00007fff6dbc3000 	C:\WINDOWS\system32\rsaenh.dll
0x00007fff6e6c0000 - 0x00007fff6e6e8000 	C:\WINDOWS\SYSTEM32\USERENV.dll
0x00007fff616a0000 - 0x00007fff616aa000 	C:\Users\user01\AppData\Local\Temp\jansi-64-1-1690397560002372749.14
0x00007fff60bc0000 - 0x00007fff60bca000 	C:\Users\user01\AppData\Local\Temp\jansi-64-1-687809944839344813.14
0x00007fff60bd0000 - 0x00007fff60bf4000 	C:\Program Files\Java\jdk1.8.0_211\jre\bin\sunec.dll
0x00007fff6b7a0000 - 0x00007fff6b7ab000 	C:\Program Files\Java\jdk1.8.0_211\jre\bin\sunmscapi.dll
0x00007fff6ecf0000 - 0x00007fff6eecb000 	C:\WINDOWS\System32\CRYPT32.dll
0x00007fff6e7c0000 - 0x00007fff6e7d2000 	C:\WINDOWS\System32\MSASN1.dll
0x00007fff61380000 - 0x00007fff6156d000 	C:\WINDOWS\SYSTEM32\dbghelp.dll

VM Arguments:
jvm_args: -Xmx512m -XX:+UseG1GC -agentlib:jdwp=transport=dt_socket,server=y,suspend=n,address=5005 -javaagent:drivers/jolokia-jvm-1.6.0-agent.jar=port=7005,logHandlerClass=net.corda.node.JolokiaSlf4jAdapter -javaagent:C:\Users\user01\Desktop\Corda-Cadets\cordapp-template-kotlin\build\nodes\Notary\corda.jar -javaagent:C:\Users\user01\AppData\Local\capsule\apps\net.corda.node.Corda_4.1\quasar-core-0.7.10-jdk8.jar=x(antlr**;bftsmart**;co.paralleluniverse**;com.codahale**;com.esotericsoftware**;com.fasterxml**;com.google**;com.ibm**;com.intellij**;com.jcabi**;com.nhaarman**;com.opengamma**;com.typesafe**;com.zaxxer**;de.javakaffee**;groovy**;groovyjarjarantlr**;groovyjarjarasm**;io.atomix**;io.github**;io.netty**;jdk**;junit**;kotlin**;net.bytebuddy**;net.i2p**;org.apache**;org.assertj**;org.bouncycastle**;org.codehaus**;org.crsh**;org.dom4j**;org.fusesource**;org.h2**;org.hamcrest**;org.hibernate**;org.jboss**;org.jcp**;org.joda**;org.junit**;org.mockito**;org.objectweb**;org.objenesis**;org.slf4j**;org.w3c**;org.xml**;org.yaml**;reflectasm**;rx**;org.jolokia**;com.lmax**;picocli**;liquibase**;com.github.benmanes**;org.json**;org.postgresql**;nonapi.io.github.classgraph**) -Dcapsule.address=0.0.0.0 -Dvisualvm.display.name=Corda -Djava.library.path=C:\Program Files\Java\jdk1.8.0_211\jre\bin;C:\WINDOWS\Sun\Java\bin;C:\WINDOWS\system32;C:\WINDOWS;C:\Users\user01\bin;C:\Program Files\Git\mingw64\bin;C:\Program Files\Git\usr\local\bin;C:\Program Files\Git\usr\bin;C:\Program Files\Git\usr\bin;C:\Program Files\Git\mingw64\bin;C:\Program Files\Git\usr\bin;C:\Users\user01\bin;C:\Program Files\JetBrains\IntelliJ IDEA Community Edition 2019.1.3\jbr\bin;C:\Program Files\JetBrains\IntelliJ IDEA Community Edition 2019.1.3\jbr\bin\server;C:\Program Files (x86)\Common Files\Oracle\Java\javapath;C:\WINDOWS\system32;C:\WINDOWS;C:\WINDOWS\System32\Wbem;C:\WINDOWS\System32\WindowsPowerShell\v1.0;C:\WINDOWS\System32\OpenSSH;C:\Program Files\Git\cmd;C:\Program Files\nodejs;C:\Users\user01\AppData\Local\Microsoft\WindowsApps;C:\Users\user01\AppData\Local\Programs\Microsoft VS Code\bin;C:\Users\user01\AppData\Roaming\npm;C:\Program Files\Git\usr\bin\vendor_perl;C:\Program Files\Git\usr\bin\core_perl;C:\Users\user01\AppData\Local\capsule\apps\net.corda.node.Corda_4.1 -Dcapsule.log=1 -Dcapsule.app=net.corda.node.Corda_4.1 -Dcapsule.port=53898 -Dcapsule.jvm.args=-agentlib:jdwp=transport=dt_socket,server=y,suspend=n,address=5005 -javaagent:drivers/jolokia-jvm-1.6.0-agent.jar=port=7005,logHandlerClass=net.corda.node.JolokiaSlf4jAdapter -Dname=Notary -Dcapsule.dir=C:\Users\user01\AppData\Local\capsule\apps\net.corda.node.Corda_4.1 -Dcapsule.jar=C:\Users\user01\Desktop\Corda-Cadets\cordapp-template-kotlin\build\nodes\Notary\corda.jar 
java_command: net.corda.node.Corda
java_class_path (initial): C:\Users\user01\Desktop\Corda-Cadets\cordapp-template-kotlin\build\nodes\Notary\corda.jar;C:\Users\user01\AppData\Local\capsule\apps\net.corda.node.Corda_4.1\corda-shell-4.1.jar;C:\Users\user01\AppData\Local\capsule\apps\net.corda.node.Corda_4.1\corda-rpc-4.1.jar;C:\Users\user01\AppData\Local\capsule\apps\net.corda.node.Corda_4.1\corda-node-api-4.1.jar;C:\Users\user01\AppData\Local\capsule\apps\net.corda.node.Corda_4.1\corda-tools-cliutils-4.1.jar;C:\Users\user01\AppData\Local\capsule\apps\net.corda.node.Corda_4.1\corda-common-configuration-parsing-4.1.jar;C:\Users\user01\AppData\Local\capsule\apps\net.corda.node.Corda_4.1\corda-common-validation-4.1.jar;C:\Users\user01\AppData\Local\capsule\apps\net.corda.node.Corda_4.1\corda-common-logging-4.1.jar;C:\Users\user01\AppData\Local\capsule\apps\net.corda.node.Corda_4.1\corda-confidential-identities-4.1.jar;C:\Users\user01\AppData\Local\capsule\apps\net.corda.node.Corda_4.1\log4j-slf4j-impl-2.9.1.jar;C:\Users\user01\AppData\Local\capsule\apps\net.corda.node.Corda_4.1\log4j-web-2.9.1.jar;C:\Users\user01\AppData\Local\capsule\apps\net.corda.node.Corda_4.1\jul-to-slf4j-1.7.25.jar;C:\Users\user01\AppData\Local\capsule\apps\net.corda.node.Corda_4.1\corda-jackson-4.1.jar;C:\Users\user01\AppData\Local\capsule\apps\net.corda.node.Corda_4.1\corda-serialization-4.1.jar;C:\Users\user01\AppData\Local\capsule\apps\net.corda.node.Corda_4.1\corda-core-4.1.jar;C:\Users\user01\AppData\Local\capsule\apps\net.corda.node.Corda_4.1\kotlin-stdlib-jdk8-1.2.71.jar;C:\Users\user01\AppData\Local\capsule\apps\net.corda.node.Corda_4.1\jackson-module-kotlin-2.9.5.jar;C:\Users\user01\AppData\Local\capsule\apps\net.corda.node.Corda_4.1\kotlin-reflect-1.2.71.jar;C:\Users\user01\AppData\Local\capsule\apps\net.corda.node.Corda_4.1\quasar-core-0.7.10-jdk8.jar;C:\Users\user01\AppData\Local\capsule\apps\net.corda.node.Corda_4.1\kryo-serializers-0.42.jar;C:\Users\user01\AppData\Local\capsule\apps\net.corda.node.Corda_4.1\kryo-4.
Launcher Type: SUN_STANDARD

Environment Variables:
JAVA_HOME=C:\Program Files\Java\jdk1.8.0_211
PATH=C:\Users\user01\bin;C:\Program Files\Git\mingw64\bin;C:\Program Files\Git\usr\local\bin;C:\Program Files\Git\usr\bin;C:\Program Files\Git\usr\bin;C:\Program Files\Git\mingw64\bin;C:\Program Files\Git\usr\bin;C:\Users\user01\bin;C:\Program Files\JetBrains\IntelliJ IDEA Community Edition 2019.1.3\jbr\bin;C:\Program Files\JetBrains\IntelliJ IDEA Community Edition 2019.1.3\jbr\bin\server;C:\Program Files (x86)\Common Files\Oracle\Java\javapath;C:\WINDOWS\system32;C:\WINDOWS;C:\WINDOWS\System32\Wbem;C:\WINDOWS\System32\WindowsPowerShell\v1.0;C:\WINDOWS\System32\OpenSSH;C:\Program Files\Git\cmd;C:\Program Files\nodejs;C:\Users\user01\AppData\Local\Microsoft\WindowsApps;C:\Users\user01\AppData\Local\Programs\Microsoft VS Code\bin;C:\Users\user01\AppData\Roaming\npm;C:\Program Files\Git\usr\bin\vendor_perl;C:\Program Files\Git\usr\bin\core_perl
USERNAME=user01
SHELL=C:\Program Files\Git\usr\bin\bash.exe
DISPLAY=needs-to-be-defined
OS=Windows_NT
PROCESSOR_IDENTIFIER=Intel64 Family 6 Model 60 Stepping 3, GenuineIntel



---------------  S Y S T E M  ---------------

OS: Windows 10.0 , 64 bit Build 17763 (10.0.17763.475)

CPU:total 4 (initial active 4) (2 cores per cpu, 2 threads per core) family 6 model 60 stepping 3, cmov, cx8, fxsr, mmx, sse, sse2, sse3, ssse3, sse4.1, sse4.2, popcnt, avx, avx2, aes, clmul, erms, lzcnt, ht, tsc, tscinvbit, bmi1, bmi2

Memory: 4k page, physical 8257376k(2466340k free), swap 12975968k(3037896k free)

vm_info: Java HotSpot(TM) 64-Bit Server VM (25.211-b12) for windows-amd64 JRE (1.8.0_211-b12), built on Apr  1 2019 20:53:26 by "java_re" with MS VC++ 10.0 (VS2010)

time: Tue Jul 30 10:37:58 2019
timezone: Malay Peninsula Standard Time
elapsed time: 43 seconds (0d 0h 0m 43s)

